{
  "stats": {
    "suites": 2,
    "tests": 2,
    "passes": 2,
    "pending": 0,
    "failures": 0,
    "start": "2022-11-12T13:21:43.475Z",
    "end": "2022-11-12T13:22:34.989Z",
    "duration": 11757,
    "testsRegistered": 2,
    "passPercent": 100,
    "pendingPercent": 0,
    "other": 0,
    "hasOther": false,
    "skipped": 0,
    "hasSkipped": false
  },
  "results": [
    {
      "uuid": "2c4bab46-d467-4c3a-b63e-3025700ff1ab",
      "title": "",
      "fullFile": "cypress\\e2e\\api-test\\CT01-api-login.cy.js",
      "file": "cypress\\e2e\\api-test\\CT01-api-login.cy.js",
      "beforeHooks": [],
      "afterHooks": [],
      "tests": [],
      "suites": [
        {
          "uuid": "562246c9-4618-4a8c-b17c-f054a37e68fc",
          "title": "Search photos and data",
          "fullFile": "",
          "file": "",
          "beforeHooks": [],
          "afterHooks": [],
          "tests": [
            {
              "title": "Invalid Login",
              "fullTitle": "Search photos and data Invalid Login",
              "timedOut": null,
              "duration": 1017,
              "state": "passed",
              "speed": "fast",
              "pass": true,
              "fail": false,
              "pending": false,
              "context": null,
              "code": "cy.request({\n  method: 'POST',\n  url: Cypress.env('login-api-url'),\n  failOnStatusCode: false,\n  body: {\n    username: Cypress.env('wrongUserName'),\n    password: Cypress.env('wrongPassword')\n  }\n}).then(res => {\n  expect(res.status).to.be.equal(401);\n  expect(res.body).is.not.empty; //expect(res.body).to.have.property('id')\n  //expect(res.body.id).to.be.equal(1)\n  //expect(res.body).to.have.property('name')\n  //expect(res.body.name).to.be.equal('flavio')\n  //expect(res.body).to.have.property('email')\n  //expect(res.body.email).to.be.equal('flavio@alurapic.com.br')\n  expect(res.body).to.have.property('message');\n  expect(res.body.message).to.be.equal('Authentication failed for user undefined');\n});",
              "err": {},
              "uuid": "591e6a72-dfad-4723-aeae-b1c53662ebc7",
              "parentUUID": "562246c9-4618-4a8c-b17c-f054a37e68fc",
              "isHook": false,
              "skipped": false
            }
          ],
          "suites": [],
          "passes": [
            "591e6a72-dfad-4723-aeae-b1c53662ebc7"
          ],
          "failures": [],
          "pending": [],
          "skipped": [],
          "duration": 1017,
          "root": false,
          "rootEmpty": false,
          "_timeout": 2000
        }
      ],
      "passes": [],
      "failures": [],
      "pending": [],
      "skipped": [],
      "duration": 0,
      "root": true,
      "rootEmpty": true,
      "_timeout": 2000
    },
    {
      "uuid": "27eb27ef-ba1c-4a0b-a4b0-6246c12b7bd3",
      "title": "",
      "fullFile": "cypress\\e2e\\api-test\\register-bot.cy.js",
      "file": "cypress\\e2e\\api-test\\register-bot.cy.js",
      "beforeHooks": [],
      "afterHooks": [],
      "tests": [],
      "suites": [
        {
          "uuid": "814486b7-f09a-4c75-a465-825c024225dd",
          "title": "Cria Lead",
          "fullFile": "",
          "file": "",
          "beforeHooks": [],
          "afterHooks": [],
          "tests": [
            {
              "title": "Cria Novo Formulário Loja",
              "fullTitle": "Cria Lead Cria Novo Formulário Loja",
              "timedOut": null,
              "duration": 10740,
              "state": "passed",
              "speed": "slow",
              "pass": true,
              "fail": false,
              "pending": false,
              "context": null,
              "code": "cy.fillForm(Cypress.env('renato'), 'xablau', '21992535332', 'xablau@xablau.com', Cypress.env('ev1'));",
              "err": {},
              "uuid": "5d58b90a-b627-4bdf-bb54-46103d2a1eef",
              "parentUUID": "814486b7-f09a-4c75-a465-825c024225dd",
              "isHook": false,
              "skipped": false
            }
          ],
          "suites": [],
          "passes": [
            "5d58b90a-b627-4bdf-bb54-46103d2a1eef"
          ],
          "failures": [],
          "pending": [],
          "skipped": [],
          "duration": 10740,
          "root": false,
          "rootEmpty": false,
          "_timeout": 2000
        }
      ],
      "passes": [],
      "failures": [],
      "pending": [],
      "skipped": [],
      "duration": 0,
      "root": true,
      "rootEmpty": true,
      "_timeout": 2000
    }
  ],
  "meta": {
    "mocha": {
      "version": "7.0.1"
    },
    "mochawesome": {
      "options": {
        "quiet": false,
        "reportFilename": "mochawesome",
        "saveHtml": false,
        "saveJson": true,
        "consoleReporter": "spec",
        "useInlineDiffs": false,
        "code": true
      },
      "version": "7.1.3"
    },
    "marge": {
      "options": {
        "reportDir": "cypress/report/mochawesome-report",
        "overwrite": true,
        "html": false,
        "json": true,
        "timestamp": "mmddyyyy_HHMMss"
      },
      "version": "6.2.0"
    }
  }
}