{
  "stats": {
    "suites": 7,
    "tests": 26,
    "passes": 24,
    "pending": 0,
    "failures": 1,
    "start": "2022-11-09T18:58:29.751Z",
    "end": "2022-11-09T19:31:08.070Z",
    "duration": 87939,
    "testsRegistered": 26,
    "passPercent": 92.3076923076923,
    "pendingPercent": 0,
    "other": 0,
    "hasOther": false,
    "skipped": 1,
    "hasSkipped": true
  },
  "results": [
    {
      "uuid": "16e78705-a49d-4cfa-ab77-f206b70303d0",
      "title": "",
      "fullFile": "cypress\\e2e\\alura-fotos\\CT01-login.cy.js",
      "file": "cypress\\e2e\\alura-fotos\\CT01-login.cy.js",
      "beforeHooks": [],
      "afterHooks": [],
      "tests": [],
      "suites": [
        {
          "uuid": "6de389d5-c48f-4076-b523-ef27b4abe47a",
          "title": "Alura Pic Login",
          "fullFile": "",
          "file": "",
          "beforeHooks": [],
          "afterHooks": [],
          "tests": [
            {
              "title": "Fazer login de usuário válido",
              "fullTitle": "Alura Pic Login Fazer login de usuário válido",
              "timedOut": null,
              "duration": 26025,
              "state": "failed",
              "speed": null,
              "pass": false,
              "fail": true,
              "pending": false,
              "context": null,
              "code": "cy.login('flavio', '123');\ncy.contains('a', '(Logout').should('be.visible');",
              "err": {
                "message": "CypressError: `cy.visit()` failed trying to load:\n\nhttps://alura-fotos.herokuapp.com/\n\nWe attempted to make an http request to this URL but the request failed without a response.\n\nWe received this error at the network level:\n\n  > Error: connect ETIMEDOUT 54.165.58.209:443\n\nCommon situations why this would fail:\n  - you don't have internet access\n  - you forgot to run / boot your web server\n  - your web server isn't accessible\n  - you have weird network configuration settings on your computer\n\nBecause this error occurred during a `before each` hook we are skipping the remaining tests in the current suite: `Alura Pic Login`",
                "estack": "CypressError: `cy.visit()` failed trying to load:\n\nhttps://alura-fotos.herokuapp.com/\n\nWe attempted to make an http request to this URL but the request failed without a response.\n\nWe received this error at the network level:\n\n  > Error: connect ETIMEDOUT 54.165.58.209:443\n\nCommon situations why this would fail:\n  - you don't have internet access\n  - you forgot to run / boot your web server\n  - your web server isn't accessible\n  - you have weird network configuration settings on your computer\n\nBecause this error occurred during a `before each` hook we are skipping the remaining tests in the current suite: `Alura Pic Login`\n    at <unknown> (http://localhost:58634/__cypress/runner/cypress_runner.js:142341:82)\n    at visitFailedByErr (http://localhost:58634/__cypress/runner/cypress_runner.js:141629:12)\n    at <unknown> (http://localhost:58634/__cypress/runner/cypress_runner.js:142340:11)\n    at tryCatcher (http://localhost:58634/__cypress/runner/cypress_runner.js:11318:23)\n    at Promise._settlePromiseFromHandler (http://localhost:58634/__cypress/runner/cypress_runner.js:9253:31)\n    at Promise._settlePromise (http://localhost:58634/__cypress/runner/cypress_runner.js:9310:18)\n    at Promise._settlePromise0 (http://localhost:58634/__cypress/runner/cypress_runner.js:9355:10)\n    at Promise._settlePromises (http://localhost:58634/__cypress/runner/cypress_runner.js:9431:18)\n    at _drainQueueStep (http://localhost:58634/__cypress/runner/cypress_runner.js:6025:12)\n    at _drainQueue (http://localhost:58634/__cypress/runner/cypress_runner.js:6018:9)\n    at ../../node_modules/bluebird/js/release/async.js.Async._drainQueues (http://localhost:58634/__cypress/runner/cypress_runner.js:6034:5)\n    at Async.drainQueues (http://localhost:58634/__cypress/runner/cypress_runner.js:5904:14)\nFrom Your Spec Code:\n    at Context.eval (webpack:///./cypress/e2e/alura-fotos/CT01-login.cy.js:4:7)\n\nFrom Node.js Internals:\n  Error: connect ETIMEDOUT 54.165.58.209:443\n      at TCPConnectWrap.afterConnect [as oncomplete] (node:net:1187:16)",
                "diff": null
              },
              "uuid": "16153151-451e-451a-afb0-24683d734fb9",
              "parentUUID": "6de389d5-c48f-4076-b523-ef27b4abe47a",
              "isHook": false,
              "skipped": false
            },
            {
              "title": "Fazer login de usuário inválido",
              "fullTitle": "Alura Pic Login Fazer login de usuário inválido",
              "timedOut": null,
              "duration": 0,
              "state": "skipped",
              "speed": null,
              "pass": false,
              "fail": false,
              "pending": false,
              "context": null,
              "code": "cy.login('jacqueline', '1234');\ncy.on('window:alert', str => {\n  expect(str).to.equal('Invalid user name or password');\n});",
              "err": {},
              "uuid": "0f62c186-1948-4ad6-b3f0-629d143e370c",
              "parentUUID": "6de389d5-c48f-4076-b523-ef27b4abe47a",
              "isHook": false,
              "skipped": true
            }
          ],
          "suites": [],
          "passes": [],
          "failures": [
            "16153151-451e-451a-afb0-24683d734fb9"
          ],
          "pending": [],
          "skipped": [
            "0f62c186-1948-4ad6-b3f0-629d143e370c"
          ],
          "duration": 26025,
          "root": false,
          "rootEmpty": false,
          "_timeout": 2000
        }
      ],
      "passes": [],
      "failures": [],
      "pending": [],
      "skipped": [],
      "duration": 0,
      "root": true,
      "rootEmpty": true,
      "_timeout": 2000
    },
    {
      "uuid": "68c1121e-8460-49b8-8508-0a37979f8541",
      "title": "",
      "fullFile": "cypress\\e2e\\alura-fotos\\CT01-register.cy.js",
      "file": "cypress\\e2e\\alura-fotos\\CT01-register.cy.js",
      "beforeHooks": [],
      "afterHooks": [],
      "tests": [],
      "suites": [
        {
          "uuid": "7afbb963-f271-4d40-9622-3a8baec2d557",
          "title": "Alura Pic Register",
          "fullFile": "",
          "file": "",
          "beforeHooks": [],
          "afterHooks": [],
          "tests": [
            {
              "title": "Verifica mensagens de validação",
              "fullTitle": "Alura Pic Register Verifica mensagens de validação",
              "timedOut": null,
              "duration": 2573,
              "state": "passed",
              "speed": "fast",
              "pass": true,
              "fail": false,
              "pending": false,
              "context": null,
              "code": "cy.contains('a', 'Register now').click();\ncy.contains('button', 'Register').click();\ncy.contains('ap-vmessage', 'Email is required!').should('be.visible');\ncy.contains('button', 'Register').click();\ncy.contains('ap-vmessage', 'Full name is required!').should('be.visible');\ncy.contains('ap-vmessage', 'User name is required!').should('be.visible');\ncy.contains('ap-vmessage', 'Password is required!').should('be.visible');",
              "err": {},
              "uuid": "b1147dbb-12ba-4f37-a6f8-cea3f8e86cba",
              "parentUUID": "7afbb963-f271-4d40-9622-3a8baec2d557",
              "isHook": false,
              "skipped": false
            },
            {
              "title": "Verifica mensagens de email inválido",
              "fullTitle": "Alura Pic Register Verifica mensagens de email inválido",
              "timedOut": null,
              "duration": 1516,
              "state": "passed",
              "speed": "fast",
              "pass": true,
              "fail": false,
              "pending": false,
              "context": null,
              "code": "cy.contains('a', 'Register now').click();\ncy.contains('button', 'Register').click();\ncy.contains('ap-vmessage', 'Email is required!').should('be.visible');\ncy.get('input[formcontrolname=\"email\"]').type('renato');\ncy.contains('ap-vmessage', 'Invalid e-mail').should('be.visible');",
              "err": {},
              "uuid": "a5a037cb-8840-4157-b249-94a52c25ca05",
              "parentUUID": "7afbb963-f271-4d40-9622-3a8baec2d557",
              "isHook": false,
              "skipped": false
            },
            {
              "title": "Verifica mensagens de senha menor que 8 dígitos",
              "fullTitle": "Alura Pic Register Verifica mensagens de senha menor que 8 dígitos",
              "timedOut": null,
              "duration": 1568,
              "state": "passed",
              "speed": "fast",
              "pass": true,
              "fail": false,
              "pending": false,
              "context": null,
              "code": "cy.contains('a', 'Register now').click();\ncy.contains('button', 'Register').click();\ncy.contains('button', 'Register').click();\ncy.contains('ap-vmessage', 'Password is required!').should('be.visible');\ncy.get('input[formcontrolname=\"password\"]').type('1234567');\ncy.contains('button', 'Register').click();\ncy.contains('ap-vmessage', 'Mininum length is 8').should('be.visible');",
              "err": {},
              "uuid": "33feb1bd-e969-4056-a02d-eea80e4e19fe",
              "parentUUID": "7afbb963-f271-4d40-9622-3a8baec2d557",
              "isHook": false,
              "skipped": false
            },
            {
              "title": "Verifica mensagens de Fullname menor que 2 dígitos",
              "fullTitle": "Alura Pic Register Verifica mensagens de Fullname menor que 2 dígitos",
              "timedOut": null,
              "duration": 1268,
              "state": "passed",
              "speed": "fast",
              "pass": true,
              "fail": false,
              "pending": false,
              "context": null,
              "code": "cy.contains('a', 'Register now').click();\ncy.contains('button', 'Register').click();\ncy.contains('button', 'Register').click();\ncy.contains('ap-vmessage', 'Full name is required!').should('be.visible');\ncy.get('input[formcontrolname=\"fullName\"]').type('a');\ncy.contains('button', 'Register').click();\ncy.contains('ap-vmessage', 'Mininum length is 2').should('be.visible');",
              "err": {},
              "uuid": "a7674d4d-7575-4e83-b3d2-c23afa7e9086",
              "parentUUID": "7afbb963-f271-4d40-9622-3a8baec2d557",
              "isHook": false,
              "skipped": false
            },
            {
              "title": "Register Valid User",
              "fullTitle": "Alura Pic Register Register Valid User",
              "timedOut": null,
              "duration": 3323,
              "state": "passed",
              "speed": "fast",
              "pass": true,
              "fail": false,
              "pending": false,
              "context": null,
              "code": "cy.register('correctemail@email.com', 'testFullName', 'testusername', 'testPassword');\ncy.contains('.text-success', 'User available').should('be.visible');",
              "err": {},
              "uuid": "91046b9d-0b08-41b9-b320-8a8c3fe67965",
              "parentUUID": "7afbb963-f271-4d40-9622-3a8baec2d557",
              "isHook": false,
              "skipped": false
            },
            {
              "title": "Register Taken User",
              "fullTitle": "Alura Pic Register Register Taken User",
              "timedOut": null,
              "duration": 2846,
              "state": "passed",
              "speed": "fast",
              "pass": true,
              "fail": false,
              "pending": false,
              "context": null,
              "code": "cy.register('correctemail@email.com', 'testFullName', 'flavio', 'testPassword');\ncy.contains('.text-danger', 'Username already taken').should('be.visible');",
              "err": {},
              "uuid": "6870023d-c04b-4887-928b-5c265b9fdd09",
              "parentUUID": "7afbb963-f271-4d40-9622-3a8baec2d557",
              "isHook": false,
              "skipped": false
            },
            {
              "title": "New User Register Luke Skywalker",
              "fullTitle": "Alura Pic Register New User Register Luke Skywalker",
              "timedOut": null,
              "duration": 2975,
              "state": "passed",
              "speed": "fast",
              "pass": true,
              "fail": false,
              "pending": false,
              "context": null,
              "code": "cy.contains('a', 'Register now').click();\ncy.contains('button', 'Register').click();\ncy.get('input[formcontrolname=\"email\"]').type(usuario.email);\ncy.get('input[formcontrolname=\"fullName\"]').type(usuario.fullName);\ncy.get('input[formcontrolname=\"userName\"]').type(usuario.userName);\ncy.get('input[formcontrolname=\"password\"]').type(usuario.password);\ncy.contains('button', 'Register').click();",
              "err": {},
              "uuid": "f6ace9b9-b05a-4e9e-984e-a873f6d2ac6e",
              "parentUUID": "7afbb963-f271-4d40-9622-3a8baec2d557",
              "isHook": false,
              "skipped": false
            },
            {
              "title": "New User Register Leia Organa",
              "fullTitle": "Alura Pic Register New User Register Leia Organa",
              "timedOut": null,
              "duration": 2324,
              "state": "passed",
              "speed": "fast",
              "pass": true,
              "fail": false,
              "pending": false,
              "context": null,
              "code": "cy.contains('a', 'Register now').click();\ncy.contains('button', 'Register').click();\ncy.get('input[formcontrolname=\"email\"]').type(usuario.email);\ncy.get('input[formcontrolname=\"fullName\"]').type(usuario.fullName);\ncy.get('input[formcontrolname=\"userName\"]').type(usuario.userName);\ncy.get('input[formcontrolname=\"password\"]').type(usuario.password);\ncy.contains('button', 'Register').click();",
              "err": {},
              "uuid": "cb150dc5-7fee-4632-a5dd-623fe4da18fa",
              "parentUUID": "7afbb963-f271-4d40-9622-3a8baec2d557",
              "isHook": false,
              "skipped": false
            },
            {
              "title": "New User Register Anakin Skywalker",
              "fullTitle": "Alura Pic Register New User Register Anakin Skywalker",
              "timedOut": null,
              "duration": 3160,
              "state": "passed",
              "speed": "fast",
              "pass": true,
              "fail": false,
              "pending": false,
              "context": null,
              "code": "cy.contains('a', 'Register now').click();\ncy.contains('button', 'Register').click();\ncy.get('input[formcontrolname=\"email\"]').type(usuario.email);\ncy.get('input[formcontrolname=\"fullName\"]').type(usuario.fullName);\ncy.get('input[formcontrolname=\"userName\"]').type(usuario.userName);\ncy.get('input[formcontrolname=\"password\"]').type(usuario.password);\ncy.contains('button', 'Register').click();",
              "err": {},
              "uuid": "f5459b5c-b8da-4466-835a-d24ab1696e89",
              "parentUUID": "7afbb963-f271-4d40-9622-3a8baec2d557",
              "isHook": false,
              "skipped": false
            }
          ],
          "suites": [],
          "passes": [
            "b1147dbb-12ba-4f37-a6f8-cea3f8e86cba",
            "a5a037cb-8840-4157-b249-94a52c25ca05",
            "33feb1bd-e969-4056-a02d-eea80e4e19fe",
            "a7674d4d-7575-4e83-b3d2-c23afa7e9086",
            "91046b9d-0b08-41b9-b320-8a8c3fe67965",
            "6870023d-c04b-4887-928b-5c265b9fdd09",
            "f6ace9b9-b05a-4e9e-984e-a873f6d2ac6e",
            "cb150dc5-7fee-4632-a5dd-623fe4da18fa",
            "f5459b5c-b8da-4466-835a-d24ab1696e89"
          ],
          "failures": [],
          "pending": [],
          "skipped": [],
          "duration": 21553,
          "root": false,
          "rootEmpty": false,
          "_timeout": 2000
        }
      ],
      "passes": [],
      "failures": [],
      "pending": [],
      "skipped": [],
      "duration": 0,
      "root": true,
      "rootEmpty": true,
      "_timeout": 2000
    },
    {
      "uuid": "240d3960-8afe-4fac-887a-28904e658d76",
      "title": "",
      "fullFile": "cypress\\e2e\\api-alurapic\\api-alurapic.cy.js",
      "file": "cypress\\e2e\\api-alurapic\\api-alurapic.cy.js",
      "beforeHooks": [],
      "afterHooks": [],
      "tests": [],
      "suites": [
        {
          "uuid": "b564e717-eeb8-4860-8227-fefdb163f7b1",
          "title": "Search photos and data",
          "fullFile": "",
          "file": "",
          "beforeHooks": [],
          "afterHooks": [],
          "tests": [
            {
              "title": "Search Flavio photos",
              "fullTitle": "Search photos and data Search Flavio photos",
              "timedOut": null,
              "duration": 2442,
              "state": "passed",
              "speed": "fast",
              "pass": true,
              "fail": false,
              "pending": false,
              "context": null,
              "code": "cy.request({\n  method: \"GET\",\n  url: \"https://apialurapic.herokuapp.com/flavio/photos\"\n}).then(res => {\n  expect(res.status).to.be.equal(200);\n  expect(res.body).is.not.empty;\n  expect(res.body[0]).to.have.property('description');\n  expect(res.body[0].description).to.be.equal('Farol iluminado');\n});",
              "err": {},
              "uuid": "c1d4ece8-9b04-479b-af49-250e9aa2ab77",
              "parentUUID": "b564e717-eeb8-4860-8227-fefdb163f7b1",
              "isHook": false,
              "skipped": false
            }
          ],
          "suites": [],
          "passes": [
            "c1d4ece8-9b04-479b-af49-250e9aa2ab77"
          ],
          "failures": [],
          "pending": [],
          "skipped": [],
          "duration": 2442,
          "root": false,
          "rootEmpty": false,
          "_timeout": 2000
        }
      ],
      "passes": [],
      "failures": [],
      "pending": [],
      "skipped": [],
      "duration": 0,
      "root": true,
      "rootEmpty": true,
      "_timeout": 2000
    },
    {
      "uuid": "60feb08a-b811-469e-a66f-696b51aff3db",
      "title": "",
      "fullFile": "cypress\\e2e\\alura-fotos\\CT01-login.cy.js",
      "file": "cypress\\e2e\\alura-fotos\\CT01-login.cy.js",
      "beforeHooks": [],
      "afterHooks": [],
      "tests": [],
      "suites": [
        {
          "uuid": "74accabd-fb76-46c0-afdc-3836636f1938",
          "title": "Alura Pic Login",
          "fullFile": "",
          "file": "",
          "beforeHooks": [],
          "afterHooks": [],
          "tests": [
            {
              "title": "Fazer login de usuário válido",
              "fullTitle": "Alura Pic Login Fazer login de usuário válido",
              "timedOut": null,
              "duration": 4412,
              "state": "passed",
              "speed": "fast",
              "pass": true,
              "fail": false,
              "pending": false,
              "context": null,
              "code": "cy.login('flavio', '123');\ncy.contains('a', '(Logout').should('be.visible');",
              "err": {},
              "uuid": "0a45c7f3-9ccd-4025-ab1f-5e5bd7cc6fef",
              "parentUUID": "74accabd-fb76-46c0-afdc-3836636f1938",
              "isHook": false,
              "skipped": false
            },
            {
              "title": "Fazer login de usuário inválido",
              "fullTitle": "Alura Pic Login Fazer login de usuário inválido",
              "timedOut": null,
              "duration": 1996,
              "state": "passed",
              "speed": "fast",
              "pass": true,
              "fail": false,
              "pending": false,
              "context": null,
              "code": "cy.login('jacqueline', '1234');\ncy.on('window:alert', str => {\n  expect(str).to.equal('Invalid user name or password');\n});",
              "err": {},
              "uuid": "5da6bcb0-7206-4937-aa19-ab128fa73b01",
              "parentUUID": "74accabd-fb76-46c0-afdc-3836636f1938",
              "isHook": false,
              "skipped": false
            }
          ],
          "suites": [],
          "passes": [
            "0a45c7f3-9ccd-4025-ab1f-5e5bd7cc6fef",
            "5da6bcb0-7206-4937-aa19-ab128fa73b01"
          ],
          "failures": [],
          "pending": [],
          "skipped": [],
          "duration": 6408,
          "root": false,
          "rootEmpty": false,
          "_timeout": 2000
        }
      ],
      "passes": [],
      "failures": [],
      "pending": [],
      "skipped": [],
      "duration": 0,
      "root": true,
      "rootEmpty": true,
      "_timeout": 2000
    },
    {
      "uuid": "3d5c7c0c-6c88-4b11-a520-3d919ab47931",
      "title": "",
      "fullFile": "cypress\\e2e\\alura-fotos\\CT01-login.cy.js",
      "file": "cypress\\e2e\\alura-fotos\\CT01-login.cy.js",
      "beforeHooks": [],
      "afterHooks": [],
      "tests": [],
      "suites": [
        {
          "uuid": "40cfa0b1-1bc7-409a-a39e-630f2dfff003",
          "title": "Alura Pic Login",
          "fullFile": "",
          "file": "",
          "beforeHooks": [],
          "afterHooks": [],
          "tests": [
            {
              "title": "Fazer login de usuário válido",
              "fullTitle": "Alura Pic Login Fazer login de usuário válido",
              "timedOut": null,
              "duration": 4967,
              "state": "passed",
              "speed": "fast",
              "pass": true,
              "fail": false,
              "pending": false,
              "context": null,
              "code": "cy.login('flavio', '123');\ncy.contains('a', '(Logout').should('be.visible');",
              "err": {},
              "uuid": "048dfaa9-0f70-45b1-8472-43c11fa9bb44",
              "parentUUID": "40cfa0b1-1bc7-409a-a39e-630f2dfff003",
              "isHook": false,
              "skipped": false
            },
            {
              "title": "Fazer login de usuário inválido",
              "fullTitle": "Alura Pic Login Fazer login de usuário inválido",
              "timedOut": null,
              "duration": 2247,
              "state": "passed",
              "speed": "fast",
              "pass": true,
              "fail": false,
              "pending": false,
              "context": null,
              "code": "cy.login('jacqueline', '1234');\ncy.on('window:alert', str => {\n  expect(str).to.equal('Invalid user name or password');\n});",
              "err": {},
              "uuid": "d9028af9-5522-4e7a-bb70-a1a81f0fbe2d",
              "parentUUID": "40cfa0b1-1bc7-409a-a39e-630f2dfff003",
              "isHook": false,
              "skipped": false
            }
          ],
          "suites": [],
          "passes": [
            "048dfaa9-0f70-45b1-8472-43c11fa9bb44",
            "d9028af9-5522-4e7a-bb70-a1a81f0fbe2d"
          ],
          "failures": [],
          "pending": [],
          "skipped": [],
          "duration": 7214,
          "root": false,
          "rootEmpty": false,
          "_timeout": 2000
        }
      ],
      "passes": [],
      "failures": [],
      "pending": [],
      "skipped": [],
      "duration": 0,
      "root": true,
      "rootEmpty": true,
      "_timeout": 2000
    },
    {
      "uuid": "193d1019-9f4f-47c9-b178-203eed355011",
      "title": "",
      "fullFile": "cypress\\e2e\\alura-fotos\\CT01-register.cy.js",
      "file": "cypress\\e2e\\alura-fotos\\CT01-register.cy.js",
      "beforeHooks": [],
      "afterHooks": [],
      "tests": [],
      "suites": [
        {
          "uuid": "c6a1dfd2-34ab-40e1-8b15-2fbdc87f8519",
          "title": "Alura Pic Register",
          "fullFile": "",
          "file": "",
          "beforeHooks": [],
          "afterHooks": [],
          "tests": [
            {
              "title": "Verifica mensagens de validação",
              "fullTitle": "Alura Pic Register Verifica mensagens de validação",
              "timedOut": null,
              "duration": 1993,
              "state": "passed",
              "speed": "fast",
              "pass": true,
              "fail": false,
              "pending": false,
              "context": null,
              "code": "cy.contains('a', 'Register now').click();\ncy.contains('button', 'Register').click();\ncy.contains('ap-vmessage', 'Email is required!').should('be.visible');\ncy.contains('button', 'Register').click();\ncy.contains('ap-vmessage', 'Full name is required!').should('be.visible');\ncy.contains('ap-vmessage', 'User name is required!').should('be.visible');\ncy.contains('ap-vmessage', 'Password is required!').should('be.visible');",
              "err": {},
              "uuid": "0d4cfe3b-26ee-4e8f-b0e9-4803aa5dbfe8",
              "parentUUID": "c6a1dfd2-34ab-40e1-8b15-2fbdc87f8519",
              "isHook": false,
              "skipped": false
            },
            {
              "title": "Verifica mensagens de email inválido",
              "fullTitle": "Alura Pic Register Verifica mensagens de email inválido",
              "timedOut": null,
              "duration": 1178,
              "state": "passed",
              "speed": "fast",
              "pass": true,
              "fail": false,
              "pending": false,
              "context": null,
              "code": "cy.contains('a', 'Register now').click();\ncy.contains('button', 'Register').click();\ncy.contains('ap-vmessage', 'Email is required!').should('be.visible');\ncy.get('input[formcontrolname=\"email\"]').type('renato');\ncy.contains('ap-vmessage', 'Invalid e-mail').should('be.visible');",
              "err": {},
              "uuid": "64406b1e-41e7-4ca1-85ce-f3e497461988",
              "parentUUID": "c6a1dfd2-34ab-40e1-8b15-2fbdc87f8519",
              "isHook": false,
              "skipped": false
            },
            {
              "title": "Verifica mensagens de senha menor que 8 dígitos",
              "fullTitle": "Alura Pic Register Verifica mensagens de senha menor que 8 dígitos",
              "timedOut": null,
              "duration": 1311,
              "state": "passed",
              "speed": "fast",
              "pass": true,
              "fail": false,
              "pending": false,
              "context": null,
              "code": "cy.contains('a', 'Register now').click();\ncy.contains('button', 'Register').click();\ncy.contains('button', 'Register').click();\ncy.contains('ap-vmessage', 'Password is required!').should('be.visible');\ncy.get('input[formcontrolname=\"password\"]').type('1234567');\ncy.contains('button', 'Register').click();\ncy.contains('ap-vmessage', 'Mininum length is 8').should('be.visible');",
              "err": {},
              "uuid": "5d62af7b-c885-403e-923e-a679f52d7eee",
              "parentUUID": "c6a1dfd2-34ab-40e1-8b15-2fbdc87f8519",
              "isHook": false,
              "skipped": false
            },
            {
              "title": "Verifica mensagens de Fullname menor que 2 dígitos",
              "fullTitle": "Alura Pic Register Verifica mensagens de Fullname menor que 2 dígitos",
              "timedOut": null,
              "duration": 1266,
              "state": "passed",
              "speed": "fast",
              "pass": true,
              "fail": false,
              "pending": false,
              "context": null,
              "code": "cy.contains('a', 'Register now').click();\ncy.contains('button', 'Register').click();\ncy.contains('button', 'Register').click();\ncy.contains('ap-vmessage', 'Full name is required!').should('be.visible');\ncy.get('input[formcontrolname=\"fullName\"]').type('a');\ncy.contains('button', 'Register').click();\ncy.contains('ap-vmessage', 'Mininum length is 2').should('be.visible');",
              "err": {},
              "uuid": "9ad8805e-8035-4e2a-9713-49630e18779a",
              "parentUUID": "c6a1dfd2-34ab-40e1-8b15-2fbdc87f8519",
              "isHook": false,
              "skipped": false
            },
            {
              "title": "Register Valid User",
              "fullTitle": "Alura Pic Register Register Valid User",
              "timedOut": null,
              "duration": 3854,
              "state": "passed",
              "speed": "fast",
              "pass": true,
              "fail": false,
              "pending": false,
              "context": null,
              "code": "cy.register('correctemail@email.com', 'testFullName', 'testusername', 'testPassword');\ncy.contains('.text-success', 'User available').should('be.visible');",
              "err": {},
              "uuid": "0d44e8cd-eef2-42d6-9e7e-a70f37661643",
              "parentUUID": "c6a1dfd2-34ab-40e1-8b15-2fbdc87f8519",
              "isHook": false,
              "skipped": false
            },
            {
              "title": "Register Taken User",
              "fullTitle": "Alura Pic Register Register Taken User",
              "timedOut": null,
              "duration": 3125,
              "state": "passed",
              "speed": "fast",
              "pass": true,
              "fail": false,
              "pending": false,
              "context": null,
              "code": "cy.register('correctemail@email.com', 'testFullName', 'flavio', 'testPassword');\ncy.contains('.text-danger', 'Username already taken').should('be.visible');",
              "err": {},
              "uuid": "cd77bca8-c104-4d53-a367-e728910aee0a",
              "parentUUID": "c6a1dfd2-34ab-40e1-8b15-2fbdc87f8519",
              "isHook": false,
              "skipped": false
            },
            {
              "title": "New User Register Luke Skywalker",
              "fullTitle": "Alura Pic Register New User Register Luke Skywalker",
              "timedOut": null,
              "duration": 3144,
              "state": "passed",
              "speed": "fast",
              "pass": true,
              "fail": false,
              "pending": false,
              "context": null,
              "code": "cy.contains('a', 'Register now').click();\ncy.contains('button', 'Register').click();\ncy.get('input[formcontrolname=\"email\"]').type(usuario.email);\ncy.get('input[formcontrolname=\"fullName\"]').type(usuario.fullName);\ncy.get('input[formcontrolname=\"userName\"]').type(usuario.userName);\ncy.get('input[formcontrolname=\"password\"]').type(usuario.password);\ncy.contains('button', 'Register').click();",
              "err": {},
              "uuid": "dfb089c4-f1cd-4348-b3c3-9eca5b9dbf2b",
              "parentUUID": "c6a1dfd2-34ab-40e1-8b15-2fbdc87f8519",
              "isHook": false,
              "skipped": false
            },
            {
              "title": "New User Register Leia Organa",
              "fullTitle": "Alura Pic Register New User Register Leia Organa",
              "timedOut": null,
              "duration": 3172,
              "state": "passed",
              "speed": "fast",
              "pass": true,
              "fail": false,
              "pending": false,
              "context": null,
              "code": "cy.contains('a', 'Register now').click();\ncy.contains('button', 'Register').click();\ncy.get('input[formcontrolname=\"email\"]').type(usuario.email);\ncy.get('input[formcontrolname=\"fullName\"]').type(usuario.fullName);\ncy.get('input[formcontrolname=\"userName\"]').type(usuario.userName);\ncy.get('input[formcontrolname=\"password\"]').type(usuario.password);\ncy.contains('button', 'Register').click();",
              "err": {},
              "uuid": "4e37e6e3-86d7-428a-939c-74f0d188b9f8",
              "parentUUID": "c6a1dfd2-34ab-40e1-8b15-2fbdc87f8519",
              "isHook": false,
              "skipped": false
            },
            {
              "title": "New User Register Anakin Skywalker",
              "fullTitle": "Alura Pic Register New User Register Anakin Skywalker",
              "timedOut": null,
              "duration": 2803,
              "state": "passed",
              "speed": "fast",
              "pass": true,
              "fail": false,
              "pending": false,
              "context": null,
              "code": "cy.contains('a', 'Register now').click();\ncy.contains('button', 'Register').click();\ncy.get('input[formcontrolname=\"email\"]').type(usuario.email);\ncy.get('input[formcontrolname=\"fullName\"]').type(usuario.fullName);\ncy.get('input[formcontrolname=\"userName\"]').type(usuario.userName);\ncy.get('input[formcontrolname=\"password\"]').type(usuario.password);\ncy.contains('button', 'Register').click();",
              "err": {},
              "uuid": "f81143f9-a5f1-4b64-91e5-55d7f704b1de",
              "parentUUID": "c6a1dfd2-34ab-40e1-8b15-2fbdc87f8519",
              "isHook": false,
              "skipped": false
            }
          ],
          "suites": [],
          "passes": [
            "0d4cfe3b-26ee-4e8f-b0e9-4803aa5dbfe8",
            "64406b1e-41e7-4ca1-85ce-f3e497461988",
            "5d62af7b-c885-403e-923e-a679f52d7eee",
            "9ad8805e-8035-4e2a-9713-49630e18779a",
            "0d44e8cd-eef2-42d6-9e7e-a70f37661643",
            "cd77bca8-c104-4d53-a367-e728910aee0a",
            "dfb089c4-f1cd-4348-b3c3-9eca5b9dbf2b",
            "4e37e6e3-86d7-428a-939c-74f0d188b9f8",
            "f81143f9-a5f1-4b64-91e5-55d7f704b1de"
          ],
          "failures": [],
          "pending": [],
          "skipped": [],
          "duration": 21846,
          "root": false,
          "rootEmpty": false,
          "_timeout": 2000
        }
      ],
      "passes": [],
      "failures": [],
      "pending": [],
      "skipped": [],
      "duration": 0,
      "root": true,
      "rootEmpty": true,
      "_timeout": 2000
    },
    {
      "uuid": "30b07eed-75b0-4792-a6ee-257140776243",
      "title": "",
      "fullFile": "cypress\\e2e\\api-alurapic\\api-alurapic.cy.js",
      "file": "cypress\\e2e\\api-alurapic\\api-alurapic.cy.js",
      "beforeHooks": [],
      "afterHooks": [],
      "tests": [],
      "suites": [
        {
          "uuid": "917c93ef-46dc-4486-82e1-107251abd9ca",
          "title": "Search photos and data",
          "fullFile": "",
          "file": "",
          "beforeHooks": [],
          "afterHooks": [],
          "tests": [
            {
              "title": "Search Flavio photos",
              "fullTitle": "Search photos and data Search Flavio photos",
              "timedOut": null,
              "duration": 2451,
              "state": "passed",
              "speed": "fast",
              "pass": true,
              "fail": false,
              "pending": false,
              "context": null,
              "code": "cy.request({\n  method: \"GET\",\n  url: \"https://apialurapic.herokuapp.com/flavio/photos\"\n}).then(res => {\n  expect(res.status).to.be.equal(200);\n  expect(res.body).is.not.empty;\n  expect(res.body[0]).to.have.property('description');\n  expect(res.body[0].description).to.be.equal('Farol iluminado');\n});",
              "err": {},
              "uuid": "4c756841-1e69-4e92-bfd9-4103a2469498",
              "parentUUID": "917c93ef-46dc-4486-82e1-107251abd9ca",
              "isHook": false,
              "skipped": false
            }
          ],
          "suites": [],
          "passes": [
            "4c756841-1e69-4e92-bfd9-4103a2469498"
          ],
          "failures": [],
          "pending": [],
          "skipped": [],
          "duration": 2451,
          "root": false,
          "rootEmpty": false,
          "_timeout": 2000
        }
      ],
      "passes": [],
      "failures": [],
      "pending": [],
      "skipped": [],
      "duration": 0,
      "root": true,
      "rootEmpty": true,
      "_timeout": 2000
    }
  ],
  "meta": {
    "mocha": {
      "version": "7.0.1"
    },
    "mochawesome": {
      "options": {
        "quiet": false,
        "reportFilename": "mochawesome",
        "saveHtml": false,
        "saveJson": true,
        "consoleReporter": "spec",
        "useInlineDiffs": false,
        "code": true
      },
      "version": "7.1.3"
    },
    "marge": {
      "options": {
        "reportDir": "cypress/report/mochawesome-report",
        "overwrite": true,
        "html": false,
        "json": true,
        "timestamp": "mmddyyyy_HHMMss"
      },
      "version": "6.2.0"
    }
  }
}