{
  "stats": {
    "suites": 22,
    "tests": 67,
    "passes": 59,
    "pending": 0,
    "failures": 8,
    "start": "2022-11-10T17:48:06.944Z",
    "end": "2022-11-12T00:14:27.866Z",
    "duration": 170727,
    "testsRegistered": 67,
    "passPercent": 88.05970149253731,
    "pendingPercent": 0,
    "other": 0,
    "hasOther": false,
    "skipped": 0,
    "hasSkipped": false
  },
  "results": [
    {
      "uuid": "ce2d5f14-f912-4b06-b115-f84ff68c8494",
      "title": "",
      "fullFile": "cypress\\e2e\\api-alurapic\\api-alurapic.cy.js",
      "file": "cypress\\e2e\\api-alurapic\\api-alurapic.cy.js",
      "beforeHooks": [],
      "afterHooks": [],
      "tests": [],
      "suites": [
        {
          "uuid": "46924982-49d9-4a1c-a653-08293e053886",
          "title": "Search photos and data",
          "fullFile": "",
          "file": "",
          "beforeHooks": [],
          "afterHooks": [],
          "tests": [
            {
              "title": "Flavio Login",
              "fullTitle": "Search photos and data Flavio Login",
              "timedOut": null,
              "duration": 901,
              "state": "passed",
              "speed": "fast",
              "pass": true,
              "fail": false,
              "pending": false,
              "context": null,
              "code": "cy.request({\n  method: 'POST',\n  url: 'https://apialurapic.herokuapp.com/user/login',\n  body: Cypress.env()\n}).then(res => {\n  expect(res.status).to.be.equal(200);\n  expect(res.body).is.not.empty;\n  expect(res.body).to.have.property('id');\n  expect(res.body.id).to.be.equal(1);\n  expect(res.body).to.have.property('name');\n  expect(res.body.name).to.be.equal('flavio');\n  expect(res.body).to.have.property('email');\n  expect(res.body.email).to.be.equal('flavio@alurapic.com.br');\n});",
              "err": {},
              "uuid": "a8e41cf4-ceec-47b4-8115-d6ee054e8d4f",
              "parentUUID": "46924982-49d9-4a1c-a653-08293e053886",
              "isHook": false,
              "skipped": false
            }
          ],
          "suites": [],
          "passes": [
            "a8e41cf4-ceec-47b4-8115-d6ee054e8d4f"
          ],
          "failures": [],
          "pending": [],
          "skipped": [],
          "duration": 901,
          "root": false,
          "rootEmpty": false,
          "_timeout": 2000
        }
      ],
      "passes": [],
      "failures": [],
      "pending": [],
      "skipped": [],
      "duration": 0,
      "root": true,
      "rootEmpty": true,
      "_timeout": 2000
    },
    {
      "uuid": "f313d2fa-7771-4742-8e73-cfb045cbc7d5",
      "title": "",
      "fullFile": "cypress\\e2e\\api-alurapic\\api-alurapic.cy.js",
      "file": "cypress\\e2e\\api-alurapic\\api-alurapic.cy.js",
      "beforeHooks": [],
      "afterHooks": [],
      "tests": [],
      "suites": [
        {
          "uuid": "673e299f-967d-46c0-8b97-a695ec76a67a",
          "title": "Search photos and data",
          "fullFile": "",
          "file": "",
          "beforeHooks": [],
          "afterHooks": [],
          "tests": [
            {
              "title": "Flavio Login",
              "fullTitle": "Search photos and data Flavio Login",
              "timedOut": null,
              "duration": 2149,
              "state": "failed",
              "speed": null,
              "pass": false,
              "fail": true,
              "pending": false,
              "context": null,
              "code": "cy.request({\n  method: 'POST',\n  url: 'https://apialurapic.herokuapp.com/user/login',\n  body: Cypress.env()\n}).then(res => {\n  expect(res.status).to.be.equal(200);\n  expect(res.body).is.not.empty;\n  expect(res.body).to.have.property('id');\n  expect(res.body.id).to.be.equal(1);\n  expect(res.body).to.have.property('name');\n  expect(res.body.name).to.be.equal(Cypress.env('userName'));\n  expect(res.body).to.have.property('email');\n  expect(res.body.email).to.be.equal('flavio@alurapic.com.br');\n});",
              "err": {
                "message": "CypressError: `cy.request()` failed on:\n\nhttps://apialurapic.herokuapp.com/user/login\n\nThe response we received from your web server was:\n\n  > 401: Unauthorized\n\nThis was considered a failure because the status code was not `2xx` or `3xx`.\n\nIf you do not want status codes to cause failures pass the option: `failOnStatusCode: false`\n\n-----------------------------------------------------------\n\nThe request we sent was:\n\nMethod: POST\nURL: https://apialurapic.herokuapp.com/user/login\nHeaders: {\n  \"Connection\": \"keep-alive\",\n  \"user-agent\": \"Mozilla/5.0 (Windows NT 10.0; Win64; x64) AppleWebKit/537.36 (KHTML, like Gecko) Cypress/10.11.0 Chrome/106.0.5249.51 Electron/21.0.0 Safari/537.36\",\n  \"accept\": \"*/*\",\n  \"accept-encoding\": \"gzip, deflate\",\n  \"content-type\": \"application/json\",\n  \"content-length\": 184\n}\nBody: {\"CYPRESS_RECORD_KEY\":\"735e75f7-cda1-4a40-ab29-0ae664153365\",\"cypress_userName\":\"flavio\",\"cypress_password\":\"123\",\"cypress_email\":\"flavio@alurapic.com.br\",\"RECORD_KEY\":\"735e7...53365\"}\n\n-----------------------------------------------------------\n\nThe response we got was:\n\nStatus: 401 - Unauthorized\nHeaders: {\n  \"server\": \"Cowboy\",\n  \"connection\": \"keep-alive\",\n  \"x-powered-by\": \"Express\",\n  \"access-control-allow-origin\": \"*\",\n  \"access-control-expose-headers\": \"x-access-token\",\n  \"content-type\": \"application/json; charset=utf-8\",\n  \"content-length\": \"54\",\n  \"etag\": \"W/\\\"36-2hjXIqkOlEZ7nz9/89y+VnzkWKg\\\"\",\n  \"date\": \"Thu, 10 Nov 2022 17:56:27 GMT\",\n  \"via\": \"1.1 vegur\"\n}\nBody: {\n  \"message\": \"Authentication failed for user undefined\"\n}\n\n\nhttps://on.cypress.io/request",
                "estack": "CypressError: `cy.request()` failed on:\n\nhttps://apialurapic.herokuapp.com/user/login\n\nThe response we received from your web server was:\n\n  > 401: Unauthorized\n\nThis was considered a failure because the status code was not `2xx` or `3xx`.\n\nIf you do not want status codes to cause failures pass the option: `failOnStatusCode: false`\n\n-----------------------------------------------------------\n\nThe request we sent was:\n\nMethod: POST\nURL: https://apialurapic.herokuapp.com/user/login\nHeaders: {\n  \"Connection\": \"keep-alive\",\n  \"user-agent\": \"Mozilla/5.0 (Windows NT 10.0; Win64; x64) AppleWebKit/537.36 (KHTML, like Gecko) Cypress/10.11.0 Chrome/106.0.5249.51 Electron/21.0.0 Safari/537.36\",\n  \"accept\": \"*/*\",\n  \"accept-encoding\": \"gzip, deflate\",\n  \"content-type\": \"application/json\",\n  \"content-length\": 184\n}\nBody: {\"CYPRESS_RECORD_KEY\":\"735e75f7-cda1-4a40-ab29-0ae664153365\",\"cypress_userName\":\"flavio\",\"cypress_password\":\"123\",\"cypress_email\":\"flavio@alurapic.com.br\",\"RECORD_KEY\":\"735e7...53365\"}\n\n-----------------------------------------------------------\n\nThe response we got was:\n\nStatus: 401 - Unauthorized\nHeaders: {\n  \"server\": \"Cowboy\",\n  \"connection\": \"keep-alive\",\n  \"x-powered-by\": \"Express\",\n  \"access-control-allow-origin\": \"*\",\n  \"access-control-expose-headers\": \"x-access-token\",\n  \"content-type\": \"application/json; charset=utf-8\",\n  \"content-length\": \"54\",\n  \"etag\": \"W/\\\"36-2hjXIqkOlEZ7nz9/89y+VnzkWKg\\\"\",\n  \"date\": \"Thu, 10 Nov 2022 17:56:27 GMT\",\n  \"via\": \"1.1 vegur\"\n}\nBody: {\n  \"message\": \"Authentication failed for user undefined\"\n}\n\n\nhttps://on.cypress.io/request\n    at <unknown> (http://localhost:65513/__cypress/runner/cypress_runner.js:144155:80)\n    at tryCatcher (http://localhost:65513/__cypress/runner/cypress_runner.js:11318:23)\n    at Promise._settlePromiseFromHandler (http://localhost:65513/__cypress/runner/cypress_runner.js:9253:31)\n    at Promise._settlePromise (http://localhost:65513/__cypress/runner/cypress_runner.js:9310:18)\n    at Promise._settlePromise0 (http://localhost:65513/__cypress/runner/cypress_runner.js:9355:10)\n    at Promise._settlePromises (http://localhost:65513/__cypress/runner/cypress_runner.js:9435:18)\n    at _drainQueueStep (http://localhost:65513/__cypress/runner/cypress_runner.js:6025:12)\n    at _drainQueue (http://localhost:65513/__cypress/runner/cypress_runner.js:6018:9)\n    at ../../node_modules/bluebird/js/release/async.js.Async._drainQueues (http://localhost:65513/__cypress/runner/cypress_runner.js:6034:5)\n    at Async.drainQueues (http://localhost:65513/__cypress/runner/cypress_runner.js:5904:14)\nFrom Your Spec Code:\n    at Context.eval (webpack:///./cypress/e2e/api-alurapic/api-alurapic.cy.js:17:11)",
                "diff": null
              },
              "uuid": "aff46cc8-b96b-4210-a47b-26230406071c",
              "parentUUID": "673e299f-967d-46c0-8b97-a695ec76a67a",
              "isHook": false,
              "skipped": false
            }
          ],
          "suites": [],
          "passes": [],
          "failures": [
            "aff46cc8-b96b-4210-a47b-26230406071c"
          ],
          "pending": [],
          "skipped": [],
          "duration": 2149,
          "root": false,
          "rootEmpty": false,
          "_timeout": 2000
        }
      ],
      "passes": [],
      "failures": [],
      "pending": [],
      "skipped": [],
      "duration": 0,
      "root": true,
      "rootEmpty": true,
      "_timeout": 2000
    },
    {
      "uuid": "78fbe73c-e238-4079-8b16-75eeec6802e8",
      "title": "",
      "fullFile": "cypress\\e2e\\api-alurapic\\api-alurapic.cy.js",
      "file": "cypress\\e2e\\api-alurapic\\api-alurapic.cy.js",
      "beforeHooks": [],
      "afterHooks": [],
      "tests": [],
      "suites": [
        {
          "uuid": "5f385999-3ef6-45c3-8413-0dc0dfc56a81",
          "title": "Search photos and data",
          "fullFile": "",
          "file": "",
          "beforeHooks": [],
          "afterHooks": [],
          "tests": [
            {
              "title": "Flavio Login",
              "fullTitle": "Search photos and data Flavio Login",
              "timedOut": null,
              "duration": 1852,
              "state": "failed",
              "speed": null,
              "pass": false,
              "fail": true,
              "pending": false,
              "context": null,
              "code": "cy.request({\n  method: 'POST',\n  url: 'https://apialurapic.herokuapp.com/user/login',\n  body: Cypress.env()\n}).then(res => {\n  expect(res.status).to.be.equal(200);\n  expect(res.body).is.not.empty;\n  expect(res.body).to.have.property('id');\n  expect(res.body.id).to.be.equal(1);\n  expect(res.body).to.have.property('name');\n  expect(res.body.name).to.be.equal(Cypress.env('userName'));\n  expect(res.body).to.have.property('email');\n  expect(res.body.email).to.be.equal('flavio@alurapic.com.br');\n});",
              "err": {
                "message": "CypressError: `cy.request()` failed on:\n\nhttps://apialurapic.herokuapp.com/user/login\n\nThe response we received from your web server was:\n\n  > 401: Unauthorized\n\nThis was considered a failure because the status code was not `2xx` or `3xx`.\n\nIf you do not want status codes to cause failures pass the option: `failOnStatusCode: false`\n\n-----------------------------------------------------------\n\nThe request we sent was:\n\nMethod: POST\nURL: https://apialurapic.herokuapp.com/user/login\nHeaders: {\n  \"Connection\": \"keep-alive\",\n  \"user-agent\": \"Mozilla/5.0 (Windows NT 10.0; Win64; x64) AppleWebKit/537.36 (KHTML, like Gecko) Cypress/10.11.0 Chrome/106.0.5249.51 Electron/21.0.0 Safari/537.36\",\n  \"accept\": \"*/*\",\n  \"accept-encoding\": \"gzip, deflate\",\n  \"content-type\": \"application/json\",\n  \"content-length\": 204\n}\nBody: {\"CYPRESS_RECORD_KEY\":\"735e75f7-cda1-4a40-ab29-0ae664153365\",\"cypress_userName\":\"flavio\",\"cypress_password\":\"123\",\"cypress_email\":\"flavio@alurapic.com.br\",\"RECORD_KEY\":\"735e7...53365\",\"userName\":\"flavio\"}\n\n-----------------------------------------------------------\n\nThe response we got was:\n\nStatus: 401 - Unauthorized\nHeaders: {\n  \"server\": \"Cowboy\",\n  \"connection\": \"keep-alive\",\n  \"x-powered-by\": \"Express\",\n  \"access-control-allow-origin\": \"*\",\n  \"access-control-expose-headers\": \"x-access-token\",\n  \"content-type\": \"application/json; charset=utf-8\",\n  \"content-length\": \"51\",\n  \"etag\": \"W/\\\"33-W6fpBpIsQRK1q8PqEIBT8cLsh6g\\\"\",\n  \"date\": \"Thu, 10 Nov 2022 17:58:04 GMT\",\n  \"via\": \"1.1 vegur\"\n}\nBody: {\n  \"message\": \"Authentication failed for user flavio\"\n}\n\n\nhttps://on.cypress.io/request",
                "estack": "CypressError: `cy.request()` failed on:\n\nhttps://apialurapic.herokuapp.com/user/login\n\nThe response we received from your web server was:\n\n  > 401: Unauthorized\n\nThis was considered a failure because the status code was not `2xx` or `3xx`.\n\nIf you do not want status codes to cause failures pass the option: `failOnStatusCode: false`\n\n-----------------------------------------------------------\n\nThe request we sent was:\n\nMethod: POST\nURL: https://apialurapic.herokuapp.com/user/login\nHeaders: {\n  \"Connection\": \"keep-alive\",\n  \"user-agent\": \"Mozilla/5.0 (Windows NT 10.0; Win64; x64) AppleWebKit/537.36 (KHTML, like Gecko) Cypress/10.11.0 Chrome/106.0.5249.51 Electron/21.0.0 Safari/537.36\",\n  \"accept\": \"*/*\",\n  \"accept-encoding\": \"gzip, deflate\",\n  \"content-type\": \"application/json\",\n  \"content-length\": 204\n}\nBody: {\"CYPRESS_RECORD_KEY\":\"735e75f7-cda1-4a40-ab29-0ae664153365\",\"cypress_userName\":\"flavio\",\"cypress_password\":\"123\",\"cypress_email\":\"flavio@alurapic.com.br\",\"RECORD_KEY\":\"735e7...53365\",\"userName\":\"flavio\"}\n\n-----------------------------------------------------------\n\nThe response we got was:\n\nStatus: 401 - Unauthorized\nHeaders: {\n  \"server\": \"Cowboy\",\n  \"connection\": \"keep-alive\",\n  \"x-powered-by\": \"Express\",\n  \"access-control-allow-origin\": \"*\",\n  \"access-control-expose-headers\": \"x-access-token\",\n  \"content-type\": \"application/json; charset=utf-8\",\n  \"content-length\": \"51\",\n  \"etag\": \"W/\\\"33-W6fpBpIsQRK1q8PqEIBT8cLsh6g\\\"\",\n  \"date\": \"Thu, 10 Nov 2022 17:58:04 GMT\",\n  \"via\": \"1.1 vegur\"\n}\nBody: {\n  \"message\": \"Authentication failed for user flavio\"\n}\n\n\nhttps://on.cypress.io/request\n    at <unknown> (http://localhost:49243/__cypress/runner/cypress_runner.js:144155:80)\n    at tryCatcher (http://localhost:49243/__cypress/runner/cypress_runner.js:11318:23)\n    at Promise._settlePromiseFromHandler (http://localhost:49243/__cypress/runner/cypress_runner.js:9253:31)\n    at Promise._settlePromise (http://localhost:49243/__cypress/runner/cypress_runner.js:9310:18)\n    at Promise._settlePromise0 (http://localhost:49243/__cypress/runner/cypress_runner.js:9355:10)\n    at Promise._settlePromises (http://localhost:49243/__cypress/runner/cypress_runner.js:9435:18)\n    at _drainQueueStep (http://localhost:49243/__cypress/runner/cypress_runner.js:6025:12)\n    at _drainQueue (http://localhost:49243/__cypress/runner/cypress_runner.js:6018:9)\n    at ../../node_modules/bluebird/js/release/async.js.Async._drainQueues (http://localhost:49243/__cypress/runner/cypress_runner.js:6034:5)\n    at Async.drainQueues (http://localhost:49243/__cypress/runner/cypress_runner.js:5904:14)\nFrom Your Spec Code:\n    at Context.eval (webpack:///./cypress/e2e/api-alurapic/api-alurapic.cy.js:17:11)",
                "diff": null
              },
              "uuid": "ed2778a6-316b-4120-a5b1-f22b9240bf97",
              "parentUUID": "5f385999-3ef6-45c3-8413-0dc0dfc56a81",
              "isHook": false,
              "skipped": false
            }
          ],
          "suites": [],
          "passes": [],
          "failures": [
            "ed2778a6-316b-4120-a5b1-f22b9240bf97"
          ],
          "pending": [],
          "skipped": [],
          "duration": 1852,
          "root": false,
          "rootEmpty": false,
          "_timeout": 2000
        }
      ],
      "passes": [],
      "failures": [],
      "pending": [],
      "skipped": [],
      "duration": 0,
      "root": true,
      "rootEmpty": true,
      "_timeout": 2000
    },
    {
      "uuid": "dce4392e-1a2b-4b7c-ad3d-b0070cc78937",
      "title": "",
      "fullFile": "cypress\\e2e\\api-alurapic\\api-alurapic.cy.js",
      "file": "cypress\\e2e\\api-alurapic\\api-alurapic.cy.js",
      "beforeHooks": [],
      "afterHooks": [],
      "tests": [],
      "suites": [
        {
          "uuid": "2d40ca0e-60c9-44ad-9094-afeac89016b5",
          "title": "Search photos and data",
          "fullFile": "",
          "file": "",
          "beforeHooks": [],
          "afterHooks": [],
          "tests": [
            {
              "title": "Flavio Login",
              "fullTitle": "Search photos and data Flavio Login",
              "timedOut": null,
              "duration": 977,
              "state": "failed",
              "speed": null,
              "pass": false,
              "fail": true,
              "pending": false,
              "context": null,
              "code": "cy.request({\n  method: 'POST',\n  url: 'https://apialurapic.herokuapp.com/user/login',\n  body: Cypress.env()\n}).then(res => {\n  expect(res.status).to.be.equal(200);\n  expect(res.body).is.not.empty;\n  expect(res.body).to.have.property('id');\n  expect(res.body.id).to.be.equal(1);\n  expect(res.body).to.have.property('name');\n  expect(res.body.name).to.be.equal('flavio');\n  expect(res.body).to.have.property('email');\n  expect(res.body.email).to.be.equal('flavio@alurapic.com.br');\n});",
              "err": {
                "message": "CypressError: `cy.request()` failed on:\n\nhttps://apialurapic.herokuapp.com/user/login\n\nThe response we received from your web server was:\n\n  > 401: Unauthorized\n\nThis was considered a failure because the status code was not `2xx` or `3xx`.\n\nIf you do not want status codes to cause failures pass the option: `failOnStatusCode: false`\n\n-----------------------------------------------------------\n\nThe request we sent was:\n\nMethod: POST\nURL: https://apialurapic.herokuapp.com/user/login\nHeaders: {\n  \"Connection\": \"keep-alive\",\n  \"user-agent\": \"Mozilla/5.0 (Windows NT 10.0; Win64; x64) AppleWebKit/537.36 (KHTML, like Gecko) Cypress/10.11.0 Chrome/106.0.5249.51 Electron/21.0.0 Safari/537.36\",\n  \"accept\": \"*/*\",\n  \"accept-encoding\": \"gzip, deflate\",\n  \"content-type\": \"application/json\",\n  \"content-length\": 204\n}\nBody: {\"CYPRESS_RECORD_KEY\":\"735e75f7-cda1-4a40-ab29-0ae664153365\",\"cypress_userName\":\"flavio\",\"cypress_password\":\"123\",\"cypress_email\":\"flavio@alurapic.com.br\",\"RECORD_KEY\":\"735e7...53365\",\"userName\":\"flavio\"}\n\n-----------------------------------------------------------\n\nThe response we got was:\n\nStatus: 401 - Unauthorized\nHeaders: {\n  \"server\": \"Cowboy\",\n  \"connection\": \"keep-alive\",\n  \"x-powered-by\": \"Express\",\n  \"access-control-allow-origin\": \"*\",\n  \"access-control-expose-headers\": \"x-access-token\",\n  \"content-type\": \"application/json; charset=utf-8\",\n  \"content-length\": \"51\",\n  \"etag\": \"W/\\\"33-W6fpBpIsQRK1q8PqEIBT8cLsh6g\\\"\",\n  \"date\": \"Thu, 10 Nov 2022 17:59:26 GMT\",\n  \"via\": \"1.1 vegur\"\n}\nBody: {\n  \"message\": \"Authentication failed for user flavio\"\n}\n\n\nhttps://on.cypress.io/request",
                "estack": "CypressError: `cy.request()` failed on:\n\nhttps://apialurapic.herokuapp.com/user/login\n\nThe response we received from your web server was:\n\n  > 401: Unauthorized\n\nThis was considered a failure because the status code was not `2xx` or `3xx`.\n\nIf you do not want status codes to cause failures pass the option: `failOnStatusCode: false`\n\n-----------------------------------------------------------\n\nThe request we sent was:\n\nMethod: POST\nURL: https://apialurapic.herokuapp.com/user/login\nHeaders: {\n  \"Connection\": \"keep-alive\",\n  \"user-agent\": \"Mozilla/5.0 (Windows NT 10.0; Win64; x64) AppleWebKit/537.36 (KHTML, like Gecko) Cypress/10.11.0 Chrome/106.0.5249.51 Electron/21.0.0 Safari/537.36\",\n  \"accept\": \"*/*\",\n  \"accept-encoding\": \"gzip, deflate\",\n  \"content-type\": \"application/json\",\n  \"content-length\": 204\n}\nBody: {\"CYPRESS_RECORD_KEY\":\"735e75f7-cda1-4a40-ab29-0ae664153365\",\"cypress_userName\":\"flavio\",\"cypress_password\":\"123\",\"cypress_email\":\"flavio@alurapic.com.br\",\"RECORD_KEY\":\"735e7...53365\",\"userName\":\"flavio\"}\n\n-----------------------------------------------------------\n\nThe response we got was:\n\nStatus: 401 - Unauthorized\nHeaders: {\n  \"server\": \"Cowboy\",\n  \"connection\": \"keep-alive\",\n  \"x-powered-by\": \"Express\",\n  \"access-control-allow-origin\": \"*\",\n  \"access-control-expose-headers\": \"x-access-token\",\n  \"content-type\": \"application/json; charset=utf-8\",\n  \"content-length\": \"51\",\n  \"etag\": \"W/\\\"33-W6fpBpIsQRK1q8PqEIBT8cLsh6g\\\"\",\n  \"date\": \"Thu, 10 Nov 2022 17:59:26 GMT\",\n  \"via\": \"1.1 vegur\"\n}\nBody: {\n  \"message\": \"Authentication failed for user flavio\"\n}\n\n\nhttps://on.cypress.io/request\n    at <unknown> (http://localhost:49349/__cypress/runner/cypress_runner.js:144155:80)\n    at tryCatcher (http://localhost:49349/__cypress/runner/cypress_runner.js:11318:23)\n    at Promise._settlePromiseFromHandler (http://localhost:49349/__cypress/runner/cypress_runner.js:9253:31)\n    at Promise._settlePromise (http://localhost:49349/__cypress/runner/cypress_runner.js:9310:18)\n    at Promise._settlePromise0 (http://localhost:49349/__cypress/runner/cypress_runner.js:9355:10)\n    at Promise._settlePromises (http://localhost:49349/__cypress/runner/cypress_runner.js:9435:18)\n    at _drainQueueStep (http://localhost:49349/__cypress/runner/cypress_runner.js:6025:12)\n    at _drainQueue (http://localhost:49349/__cypress/runner/cypress_runner.js:6018:9)\n    at ../../node_modules/bluebird/js/release/async.js.Async._drainQueues (http://localhost:49349/__cypress/runner/cypress_runner.js:6034:5)\n    at Async.drainQueues (http://localhost:49349/__cypress/runner/cypress_runner.js:5904:14)\nFrom Your Spec Code:\n    at Context.eval (webpack:///./cypress/e2e/api-alurapic/api-alurapic.cy.js:17:11)",
                "diff": null
              },
              "uuid": "a92e06d8-f851-472e-acf3-f052c4a0aea1",
              "parentUUID": "2d40ca0e-60c9-44ad-9094-afeac89016b5",
              "isHook": false,
              "skipped": false
            }
          ],
          "suites": [],
          "passes": [],
          "failures": [
            "a92e06d8-f851-472e-acf3-f052c4a0aea1"
          ],
          "pending": [],
          "skipped": [],
          "duration": 977,
          "root": false,
          "rootEmpty": false,
          "_timeout": 2000
        }
      ],
      "passes": [],
      "failures": [],
      "pending": [],
      "skipped": [],
      "duration": 0,
      "root": true,
      "rootEmpty": true,
      "_timeout": 2000
    },
    {
      "uuid": "4a560efc-3b67-4dcf-8d79-20dc91a08780",
      "title": "",
      "fullFile": "cypress\\e2e\\api-alurapic\\api-alurapic.cy.js",
      "file": "cypress\\e2e\\api-alurapic\\api-alurapic.cy.js",
      "beforeHooks": [],
      "afterHooks": [],
      "tests": [],
      "suites": [
        {
          "uuid": "2d4718dd-b8e1-4dff-a9b7-3a4d9b59bc06",
          "title": "Search photos and data",
          "fullFile": "",
          "file": "",
          "beforeHooks": [],
          "afterHooks": [],
          "tests": [
            {
              "title": "Flavio Login",
              "fullTitle": "Search photos and data Flavio Login",
              "timedOut": null,
              "duration": 1807,
              "state": "failed",
              "speed": null,
              "pass": false,
              "fail": true,
              "pending": false,
              "context": null,
              "code": "cy.request({\n  method: 'POST',\n  url: 'https://apialurapic.herokuapp.com/user/login',\n  body: Cypress.env()\n}).then(res => {\n  expect(res.status).to.be.equal(200);\n  expect(res.body).is.not.empty;\n  expect(res.body).to.have.property('id');\n  expect(res.body.id).to.be.equal(1);\n  expect(res.body).to.have.property('name');\n  expect(res.body.name).to.be.equal('flavio');\n  expect(res.body).to.have.property('email');\n  expect(res.body.email).to.be.equal('flavio@alurapic.com.br');\n});",
              "err": {
                "message": "CypressError: `cy.request()` failed on:\n\nhttps://apialurapic.herokuapp.com/user/login\n\nThe response we received from your web server was:\n\n  > 401: Unauthorized\n\nThis was considered a failure because the status code was not `2xx` or `3xx`.\n\nIf you do not want status codes to cause failures pass the option: `failOnStatusCode: false`\n\n-----------------------------------------------------------\n\nThe request we sent was:\n\nMethod: POST\nURL: https://apialurapic.herokuapp.com/user/login\nHeaders: {\n  \"Connection\": \"keep-alive\",\n  \"user-agent\": \"Mozilla/5.0 (Windows NT 10.0; Win64; x64) AppleWebKit/537.36 (KHTML, like Gecko) Cypress/10.11.0 Chrome/106.0.5249.51 Electron/21.0.0 Safari/537.36\",\n  \"accept\": \"*/*\",\n  \"accept-encoding\": \"gzip, deflate\",\n  \"content-type\": \"application/json\",\n  \"content-length\": 155\n}\nBody: {\"CYPRESS_RECORD_KEY\":\"735e75f7-cda1-4a40-ab29-0ae664153365\",\"cypress_userName\":\"flavio\",\"cypress_password\":\"123\",\"cypress_email\":\"flavio@alurapic.com.br\"}\n\n-----------------------------------------------------------\n\nThe response we got was:\n\nStatus: 401 - Unauthorized\nHeaders: {\n  \"server\": \"Cowboy\",\n  \"connection\": \"keep-alive\",\n  \"x-powered-by\": \"Express\",\n  \"access-control-allow-origin\": \"*\",\n  \"access-control-expose-headers\": \"x-access-token\",\n  \"content-type\": \"application/json; charset=utf-8\",\n  \"content-length\": \"54\",\n  \"etag\": \"W/\\\"36-2hjXIqkOlEZ7nz9/89y+VnzkWKg\\\"\",\n  \"date\": \"Thu, 10 Nov 2022 18:01:45 GMT\",\n  \"via\": \"1.1 vegur\"\n}\nBody: {\n  \"message\": \"Authentication failed for user undefined\"\n}\n\n\nhttps://on.cypress.io/request",
                "estack": "CypressError: `cy.request()` failed on:\n\nhttps://apialurapic.herokuapp.com/user/login\n\nThe response we received from your web server was:\n\n  > 401: Unauthorized\n\nThis was considered a failure because the status code was not `2xx` or `3xx`.\n\nIf you do not want status codes to cause failures pass the option: `failOnStatusCode: false`\n\n-----------------------------------------------------------\n\nThe request we sent was:\n\nMethod: POST\nURL: https://apialurapic.herokuapp.com/user/login\nHeaders: {\n  \"Connection\": \"keep-alive\",\n  \"user-agent\": \"Mozilla/5.0 (Windows NT 10.0; Win64; x64) AppleWebKit/537.36 (KHTML, like Gecko) Cypress/10.11.0 Chrome/106.0.5249.51 Electron/21.0.0 Safari/537.36\",\n  \"accept\": \"*/*\",\n  \"accept-encoding\": \"gzip, deflate\",\n  \"content-type\": \"application/json\",\n  \"content-length\": 155\n}\nBody: {\"CYPRESS_RECORD_KEY\":\"735e75f7-cda1-4a40-ab29-0ae664153365\",\"cypress_userName\":\"flavio\",\"cypress_password\":\"123\",\"cypress_email\":\"flavio@alurapic.com.br\"}\n\n-----------------------------------------------------------\n\nThe response we got was:\n\nStatus: 401 - Unauthorized\nHeaders: {\n  \"server\": \"Cowboy\",\n  \"connection\": \"keep-alive\",\n  \"x-powered-by\": \"Express\",\n  \"access-control-allow-origin\": \"*\",\n  \"access-control-expose-headers\": \"x-access-token\",\n  \"content-type\": \"application/json; charset=utf-8\",\n  \"content-length\": \"54\",\n  \"etag\": \"W/\\\"36-2hjXIqkOlEZ7nz9/89y+VnzkWKg\\\"\",\n  \"date\": \"Thu, 10 Nov 2022 18:01:45 GMT\",\n  \"via\": \"1.1 vegur\"\n}\nBody: {\n  \"message\": \"Authentication failed for user undefined\"\n}\n\n\nhttps://on.cypress.io/request\n    at <unknown> (http://localhost:49828/__cypress/runner/cypress_runner.js:144155:80)\n    at tryCatcher (http://localhost:49828/__cypress/runner/cypress_runner.js:11318:23)\n    at Promise._settlePromiseFromHandler (http://localhost:49828/__cypress/runner/cypress_runner.js:9253:31)\n    at Promise._settlePromise (http://localhost:49828/__cypress/runner/cypress_runner.js:9310:18)\n    at Promise._settlePromise0 (http://localhost:49828/__cypress/runner/cypress_runner.js:9355:10)\n    at Promise._settlePromises (http://localhost:49828/__cypress/runner/cypress_runner.js:9435:18)\n    at _drainQueueStep (http://localhost:49828/__cypress/runner/cypress_runner.js:6025:12)\n    at _drainQueue (http://localhost:49828/__cypress/runner/cypress_runner.js:6018:9)\n    at ../../node_modules/bluebird/js/release/async.js.Async._drainQueues (http://localhost:49828/__cypress/runner/cypress_runner.js:6034:5)\n    at Async.drainQueues (http://localhost:49828/__cypress/runner/cypress_runner.js:5904:14)\nFrom Your Spec Code:\n    at Context.eval (webpack:///./cypress/e2e/api-alurapic/api-alurapic.cy.js:17:11)",
                "diff": null
              },
              "uuid": "7fb1876c-e3f5-4c33-8c19-2e6c44b6e202",
              "parentUUID": "2d4718dd-b8e1-4dff-a9b7-3a4d9b59bc06",
              "isHook": false,
              "skipped": false
            }
          ],
          "suites": [],
          "passes": [],
          "failures": [
            "7fb1876c-e3f5-4c33-8c19-2e6c44b6e202"
          ],
          "pending": [],
          "skipped": [],
          "duration": 1807,
          "root": false,
          "rootEmpty": false,
          "_timeout": 2000
        }
      ],
      "passes": [],
      "failures": [],
      "pending": [],
      "skipped": [],
      "duration": 0,
      "root": true,
      "rootEmpty": true,
      "_timeout": 2000
    },
    {
      "uuid": "7cbe68b0-4bce-46f4-83e7-a33d276483f5",
      "title": "",
      "fullFile": "cypress\\e2e\\api-alurapic\\api-alurapic.cy.js",
      "file": "cypress\\e2e\\api-alurapic\\api-alurapic.cy.js",
      "beforeHooks": [],
      "afterHooks": [],
      "tests": [],
      "suites": [
        {
          "uuid": "7ef17777-06c9-46fd-ac55-17386dea6f27",
          "title": "Search photos and data",
          "fullFile": "",
          "file": "",
          "beforeHooks": [],
          "afterHooks": [],
          "tests": [
            {
              "title": "Flavio Login",
              "fullTitle": "Search photos and data Flavio Login",
              "timedOut": null,
              "duration": 1005,
              "state": "passed",
              "speed": "fast",
              "pass": true,
              "fail": false,
              "pending": false,
              "context": null,
              "code": "cy.request({\n  method: 'POST',\n  url: 'https://apialurapic.herokuapp.com/user/login',\n  body: Cypress.env()\n}).then(res => {\n  expect(res.status).to.be.equal(200);\n  expect(res.body).is.not.empty;\n  expect(res.body).to.have.property('id');\n  expect(res.body.id).to.be.equal(1);\n  expect(res.body).to.have.property('name');\n  expect(res.body.name).to.be.equal('flavio');\n  expect(res.body).to.have.property('email');\n  expect(res.body.email).to.be.equal('flavio@alurapic.com.br');\n});",
              "err": {},
              "uuid": "668b6047-3458-47d6-a489-63d58a2830f8",
              "parentUUID": "7ef17777-06c9-46fd-ac55-17386dea6f27",
              "isHook": false,
              "skipped": false
            }
          ],
          "suites": [],
          "passes": [
            "668b6047-3458-47d6-a489-63d58a2830f8"
          ],
          "failures": [],
          "pending": [],
          "skipped": [],
          "duration": 1005,
          "root": false,
          "rootEmpty": false,
          "_timeout": 2000
        }
      ],
      "passes": [],
      "failures": [],
      "pending": [],
      "skipped": [],
      "duration": 0,
      "root": true,
      "rootEmpty": true,
      "_timeout": 2000
    },
    {
      "uuid": "9b4d9abe-0eb9-4c4d-b921-574a5b41f0a4",
      "title": "",
      "fullFile": "cypress\\e2e\\api-alurapic\\api-alurapic.cy.js",
      "file": "cypress\\e2e\\api-alurapic\\api-alurapic.cy.js",
      "beforeHooks": [],
      "afterHooks": [],
      "tests": [],
      "suites": [
        {
          "uuid": "be0dc6ba-bca6-4516-9a65-37a2613612e1",
          "title": "Search photos and data",
          "fullFile": "",
          "file": "",
          "beforeHooks": [],
          "afterHooks": [],
          "tests": [
            {
              "title": "Flavio Login",
              "fullTitle": "Search photos and data Flavio Login",
              "timedOut": null,
              "duration": 993,
              "state": "passed",
              "speed": "fast",
              "pass": true,
              "fail": false,
              "pending": false,
              "context": null,
              "code": "cy.request({\n  method: 'POST',\n  url: 'https://apialurapic.herokuapp.com/user/login',\n  body: Cypress.env()\n}).then(res => {\n  expect(res.status).to.be.equal(200);\n  expect(res.body).is.not.empty;\n  expect(res.body).to.have.property('id');\n  expect(res.body.id).to.be.equal(1);\n  expect(res.body).to.have.property('name');\n  expect(res.body.name).to.be.equal('flavio');\n  expect(res.body).to.have.property('email');\n  expect(res.body.email).to.be.equal('flavio@alurapic.com.br');\n});",
              "err": {},
              "uuid": "2e05f132-1801-4107-9134-b7905aef1d6c",
              "parentUUID": "be0dc6ba-bca6-4516-9a65-37a2613612e1",
              "isHook": false,
              "skipped": false
            }
          ],
          "suites": [],
          "passes": [
            "2e05f132-1801-4107-9134-b7905aef1d6c"
          ],
          "failures": [],
          "pending": [],
          "skipped": [],
          "duration": 993,
          "root": false,
          "rootEmpty": false,
          "_timeout": 2000
        }
      ],
      "passes": [],
      "failures": [],
      "pending": [],
      "skipped": [],
      "duration": 0,
      "root": true,
      "rootEmpty": true,
      "_timeout": 2000
    },
    {
      "uuid": "75e56a1a-2431-4b38-ba5f-b2ad30bda7cf",
      "title": "",
      "fullFile": "cypress\\e2e\\alura-fotos\\CT01-register.cy.js",
      "file": "cypress\\e2e\\alura-fotos\\CT01-register.cy.js",
      "beforeHooks": [],
      "afterHooks": [],
      "tests": [],
      "suites": [
        {
          "uuid": "56590e74-849f-4c11-a7d2-3cb6abd95dfe",
          "title": "Alura Pic Register",
          "fullFile": "",
          "file": "",
          "beforeHooks": [],
          "afterHooks": [],
          "tests": [
            {
              "title": "Verifica mensagens de validação",
              "fullTitle": "Alura Pic Register Verifica mensagens de validação",
              "timedOut": null,
              "duration": 3209,
              "state": "passed",
              "speed": "fast",
              "pass": true,
              "fail": false,
              "pending": false,
              "context": null,
              "code": "cy.contains('a', 'Register now').click();\ncy.contains('button', 'Register').click();\ncy.contains('ap-vmessage', 'Email is required!').should('be.visible');\ncy.contains('button', 'Register').click();\ncy.contains('ap-vmessage', 'Full name is required!').should('be.visible');\ncy.contains('ap-vmessage', 'User name is required!').should('be.visible');\ncy.contains('ap-vmessage', 'Password is required!').should('be.visible');",
              "err": {},
              "uuid": "08f44aff-c9ca-4407-821e-dda69bb73676",
              "parentUUID": "56590e74-849f-4c11-a7d2-3cb6abd95dfe",
              "isHook": false,
              "skipped": false
            },
            {
              "title": "Verifica mensagens de email inválido",
              "fullTitle": "Alura Pic Register Verifica mensagens de email inválido",
              "timedOut": null,
              "duration": 1305,
              "state": "passed",
              "speed": "fast",
              "pass": true,
              "fail": false,
              "pending": false,
              "context": null,
              "code": "cy.contains('a', 'Register now').click();\ncy.contains('button', 'Register').click();\ncy.contains('ap-vmessage', 'Email is required!').should('be.visible');\ncy.get('input[formcontrolname=\"email\"]').type('renato');\ncy.contains('ap-vmessage', 'Invalid e-mail').should('be.visible');",
              "err": {},
              "uuid": "1d2b247e-d2e4-4727-a97c-4d8585354c37",
              "parentUUID": "56590e74-849f-4c11-a7d2-3cb6abd95dfe",
              "isHook": false,
              "skipped": false
            },
            {
              "title": "Verifica mensagens de senha menor que 8 dígitos",
              "fullTitle": "Alura Pic Register Verifica mensagens de senha menor que 8 dígitos",
              "timedOut": null,
              "duration": 1312,
              "state": "passed",
              "speed": "fast",
              "pass": true,
              "fail": false,
              "pending": false,
              "context": null,
              "code": "cy.contains('a', 'Register now').click();\ncy.contains('button', 'Register').click();\ncy.contains('button', 'Register').click();\ncy.contains('ap-vmessage', 'Password is required!').should('be.visible');\ncy.get('input[formcontrolname=\"password\"]').type('1234567');\ncy.contains('button', 'Register').click();\ncy.contains('ap-vmessage', 'Mininum length is 8').should('be.visible');",
              "err": {},
              "uuid": "b902268b-6139-422b-bd1f-1d3c051bede4",
              "parentUUID": "56590e74-849f-4c11-a7d2-3cb6abd95dfe",
              "isHook": false,
              "skipped": false
            },
            {
              "title": "Verifica mensagens de Fullname menor que 2 dígitos",
              "fullTitle": "Alura Pic Register Verifica mensagens de Fullname menor que 2 dígitos",
              "timedOut": null,
              "duration": 1276,
              "state": "passed",
              "speed": "fast",
              "pass": true,
              "fail": false,
              "pending": false,
              "context": null,
              "code": "cy.contains('a', 'Register now').click();\ncy.contains('button', 'Register').click();\ncy.contains('button', 'Register').click();\ncy.contains('ap-vmessage', 'Full name is required!').should('be.visible');\ncy.get('input[formcontrolname=\"fullName\"]').type('a');\ncy.contains('button', 'Register').click();\ncy.contains('ap-vmessage', 'Mininum length is 2').should('be.visible');",
              "err": {},
              "uuid": "32443732-ca50-42c0-b267-9b3a1e369183",
              "parentUUID": "56590e74-849f-4c11-a7d2-3cb6abd95dfe",
              "isHook": false,
              "skipped": false
            },
            {
              "title": "Register Valid User",
              "fullTitle": "Alura Pic Register Register Valid User",
              "timedOut": null,
              "duration": 3650,
              "state": "passed",
              "speed": "fast",
              "pass": true,
              "fail": false,
              "pending": false,
              "context": null,
              "code": "cy.register('correctemail@email.com', 'testFullName', 'testusername', 'testPassword');\ncy.contains('.text-success', 'User available').should('be.visible');",
              "err": {},
              "uuid": "e4dd0d96-8168-4f3d-a1e3-7d9c03796574",
              "parentUUID": "56590e74-849f-4c11-a7d2-3cb6abd95dfe",
              "isHook": false,
              "skipped": false
            },
            {
              "title": "Register Taken User",
              "fullTitle": "Alura Pic Register Register Taken User",
              "timedOut": null,
              "duration": 2695,
              "state": "passed",
              "speed": "fast",
              "pass": true,
              "fail": false,
              "pending": false,
              "context": null,
              "code": "cy.register('correctemail@email.com', 'testFullName', 'flavio', 'testPassword');\ncy.contains('.text-danger', 'Username already taken').should('be.visible');",
              "err": {},
              "uuid": "8a08935f-c37f-437d-93af-ce6b2b54c0a7",
              "parentUUID": "56590e74-849f-4c11-a7d2-3cb6abd95dfe",
              "isHook": false,
              "skipped": false
            },
            {
              "title": "New User Register Luke Skywalker",
              "fullTitle": "Alura Pic Register New User Register Luke Skywalker",
              "timedOut": null,
              "duration": 2634,
              "state": "passed",
              "speed": "fast",
              "pass": true,
              "fail": false,
              "pending": false,
              "context": null,
              "code": "cy.contains('a', 'Register now').click();\ncy.contains('button', 'Register').click();\ncy.get('input[formcontrolname=\"email\"]').type(usuario.email);\ncy.get('input[formcontrolname=\"fullName\"]').type(usuario.fullName);\ncy.get('input[formcontrolname=\"userName\"]').type(usuario.userName);\ncy.get('input[formcontrolname=\"password\"]').type(usuario.password);\ncy.contains('button', 'Register').click();",
              "err": {},
              "uuid": "c4d63ba4-728b-4f19-9e76-16661eaa0db9",
              "parentUUID": "56590e74-849f-4c11-a7d2-3cb6abd95dfe",
              "isHook": false,
              "skipped": false
            },
            {
              "title": "New User Register Leia Organa",
              "fullTitle": "Alura Pic Register New User Register Leia Organa",
              "timedOut": null,
              "duration": 2173,
              "state": "passed",
              "speed": "fast",
              "pass": true,
              "fail": false,
              "pending": false,
              "context": null,
              "code": "cy.contains('a', 'Register now').click();\ncy.contains('button', 'Register').click();\ncy.get('input[formcontrolname=\"email\"]').type(usuario.email);\ncy.get('input[formcontrolname=\"fullName\"]').type(usuario.fullName);\ncy.get('input[formcontrolname=\"userName\"]').type(usuario.userName);\ncy.get('input[formcontrolname=\"password\"]').type(usuario.password);\ncy.contains('button', 'Register').click();",
              "err": {},
              "uuid": "0c6c9ad8-9d57-4f07-aca1-bfa8252310b1",
              "parentUUID": "56590e74-849f-4c11-a7d2-3cb6abd95dfe",
              "isHook": false,
              "skipped": false
            },
            {
              "title": "New User Register Anakin Skywalker",
              "fullTitle": "Alura Pic Register New User Register Anakin Skywalker",
              "timedOut": null,
              "duration": 2815,
              "state": "passed",
              "speed": "fast",
              "pass": true,
              "fail": false,
              "pending": false,
              "context": null,
              "code": "cy.contains('a', 'Register now').click();\ncy.contains('button', 'Register').click();\ncy.get('input[formcontrolname=\"email\"]').type(usuario.email);\ncy.get('input[formcontrolname=\"fullName\"]').type(usuario.fullName);\ncy.get('input[formcontrolname=\"userName\"]').type(usuario.userName);\ncy.get('input[formcontrolname=\"password\"]').type(usuario.password);\ncy.contains('button', 'Register').click();",
              "err": {},
              "uuid": "0a1e1eb5-4aa6-401a-a688-ff0b4152647a",
              "parentUUID": "56590e74-849f-4c11-a7d2-3cb6abd95dfe",
              "isHook": false,
              "skipped": false
            }
          ],
          "suites": [],
          "passes": [
            "08f44aff-c9ca-4407-821e-dda69bb73676",
            "1d2b247e-d2e4-4727-a97c-4d8585354c37",
            "b902268b-6139-422b-bd1f-1d3c051bede4",
            "32443732-ca50-42c0-b267-9b3a1e369183",
            "e4dd0d96-8168-4f3d-a1e3-7d9c03796574",
            "8a08935f-c37f-437d-93af-ce6b2b54c0a7",
            "c4d63ba4-728b-4f19-9e76-16661eaa0db9",
            "0c6c9ad8-9d57-4f07-aca1-bfa8252310b1",
            "0a1e1eb5-4aa6-401a-a688-ff0b4152647a"
          ],
          "failures": [],
          "pending": [],
          "skipped": [],
          "duration": 21069,
          "root": false,
          "rootEmpty": false,
          "_timeout": 2000
        }
      ],
      "passes": [],
      "failures": [],
      "pending": [],
      "skipped": [],
      "duration": 0,
      "root": true,
      "rootEmpty": true,
      "_timeout": 2000
    },
    {
      "uuid": "e84ef92a-aa4a-4ee8-852f-9fd738898194",
      "title": "",
      "fullFile": "cypress\\e2e\\alura-fotos\\CT01-register.cy.js",
      "file": "cypress\\e2e\\alura-fotos\\CT01-register.cy.js",
      "beforeHooks": [],
      "afterHooks": [],
      "tests": [],
      "suites": [
        {
          "uuid": "c21447b0-6241-4a11-acc3-be44b011cf70",
          "title": "Alura Pic Register",
          "fullFile": "",
          "file": "",
          "beforeHooks": [],
          "afterHooks": [],
          "tests": [
            {
              "title": "Verifica mensagens de validação",
              "fullTitle": "Alura Pic Register Verifica mensagens de validação",
              "timedOut": null,
              "duration": 3317,
              "state": "passed",
              "speed": "fast",
              "pass": true,
              "fail": false,
              "pending": false,
              "context": null,
              "code": "cy.contains('a', 'Register now').click();\ncy.contains('button', 'Register').click();\ncy.contains('ap-vmessage', 'Email is required!').should('be.visible');\ncy.contains('button', 'Register').click();\ncy.contains('ap-vmessage', 'Full name is required!').should('be.visible');\ncy.contains('ap-vmessage', 'User name is required!').should('be.visible');\ncy.contains('ap-vmessage', 'Password is required!').should('be.visible');",
              "err": {},
              "uuid": "3e513652-d860-47c6-bc8a-2eaa71cc053f",
              "parentUUID": "c21447b0-6241-4a11-acc3-be44b011cf70",
              "isHook": false,
              "skipped": false
            },
            {
              "title": "Verifica mensagens de email inválido",
              "fullTitle": "Alura Pic Register Verifica mensagens de email inválido",
              "timedOut": null,
              "duration": 1596,
              "state": "passed",
              "speed": "fast",
              "pass": true,
              "fail": false,
              "pending": false,
              "context": null,
              "code": "cy.contains('a', 'Register now').click();\ncy.contains('button', 'Register').click();\ncy.contains('ap-vmessage', 'Email is required!').should('be.visible');\ncy.get('input[formcontrolname=\"email\"]').type('renato');\ncy.contains('ap-vmessage', 'Invalid e-mail').should('be.visible');",
              "err": {},
              "uuid": "9a7497e0-519c-4655-978f-fd6a0dc50131",
              "parentUUID": "c21447b0-6241-4a11-acc3-be44b011cf70",
              "isHook": false,
              "skipped": false
            },
            {
              "title": "Verifica mensagens de senha menor que 8 dígitos",
              "fullTitle": "Alura Pic Register Verifica mensagens de senha menor que 8 dígitos",
              "timedOut": null,
              "duration": 1764,
              "state": "passed",
              "speed": "fast",
              "pass": true,
              "fail": false,
              "pending": false,
              "context": null,
              "code": "cy.contains('a', 'Register now').click();\ncy.contains('button', 'Register').click();\ncy.contains('button', 'Register').click();\ncy.contains('ap-vmessage', 'Password is required!').should('be.visible');\ncy.get('input[formcontrolname=\"password\"]').type('1234567');\ncy.contains('button', 'Register').click();\ncy.contains('ap-vmessage', 'Mininum length is 8').should('be.visible');",
              "err": {},
              "uuid": "7476f1ec-80bb-4e95-a217-289eb9fd6d8a",
              "parentUUID": "c21447b0-6241-4a11-acc3-be44b011cf70",
              "isHook": false,
              "skipped": false
            },
            {
              "title": "Verifica mensagens de Fullname menor que 2 dígitos",
              "fullTitle": "Alura Pic Register Verifica mensagens de Fullname menor que 2 dígitos",
              "timedOut": null,
              "duration": 1397,
              "state": "passed",
              "speed": "fast",
              "pass": true,
              "fail": false,
              "pending": false,
              "context": null,
              "code": "cy.contains('a', 'Register now').click();\ncy.contains('button', 'Register').click();\ncy.contains('button', 'Register').click();\ncy.contains('ap-vmessage', 'Full name is required!').should('be.visible');\ncy.get('input[formcontrolname=\"fullName\"]').type('a');\ncy.contains('button', 'Register').click();\ncy.contains('ap-vmessage', 'Mininum length is 2').should('be.visible');",
              "err": {},
              "uuid": "61127889-1d7f-4a94-8b35-9939e5cb8193",
              "parentUUID": "c21447b0-6241-4a11-acc3-be44b011cf70",
              "isHook": false,
              "skipped": false
            },
            {
              "title": "Register Valid User",
              "fullTitle": "Alura Pic Register Register Valid User",
              "timedOut": null,
              "duration": 3288,
              "state": "passed",
              "speed": "fast",
              "pass": true,
              "fail": false,
              "pending": false,
              "context": null,
              "code": "cy.register('correctemail@email.com', 'testFullName', 'testusername', 'testPassword');\ncy.contains('.text-success', 'User available').should('be.visible');",
              "err": {},
              "uuid": "20330cde-8e64-410b-817e-9674bb200e9b",
              "parentUUID": "c21447b0-6241-4a11-acc3-be44b011cf70",
              "isHook": false,
              "skipped": false
            },
            {
              "title": "Register Taken User",
              "fullTitle": "Alura Pic Register Register Taken User",
              "timedOut": null,
              "duration": 2990,
              "state": "passed",
              "speed": "fast",
              "pass": true,
              "fail": false,
              "pending": false,
              "context": null,
              "code": "cy.register('correctemail@email.com', 'testFullName', 'flavio', 'testPassword');\ncy.contains('.text-danger', 'Username already taken').should('be.visible');",
              "err": {},
              "uuid": "3f8a2476-f331-4a5a-a1e3-9a9365099607",
              "parentUUID": "c21447b0-6241-4a11-acc3-be44b011cf70",
              "isHook": false,
              "skipped": false
            },
            {
              "title": "New User Register Luke Skywalker",
              "fullTitle": "Alura Pic Register New User Register Luke Skywalker",
              "timedOut": null,
              "duration": 2989,
              "state": "passed",
              "speed": "fast",
              "pass": true,
              "fail": false,
              "pending": false,
              "context": null,
              "code": "cy.contains('a', 'Register now').click();\ncy.contains('button', 'Register').click();\ncy.get('input[formcontrolname=\"email\"]').type(usuario.email);\ncy.get('input[formcontrolname=\"fullName\"]').type(usuario.fullName);\ncy.get('input[formcontrolname=\"userName\"]').type(usuario.userName);\ncy.get('input[formcontrolname=\"password\"]').type(usuario.password);\ncy.contains('button', 'Register').click();",
              "err": {},
              "uuid": "79ddd6eb-5b34-4670-95fe-3a9c95efad76",
              "parentUUID": "c21447b0-6241-4a11-acc3-be44b011cf70",
              "isHook": false,
              "skipped": false
            },
            {
              "title": "New User Register Leia Organa",
              "fullTitle": "Alura Pic Register New User Register Leia Organa",
              "timedOut": null,
              "duration": 2318,
              "state": "passed",
              "speed": "fast",
              "pass": true,
              "fail": false,
              "pending": false,
              "context": null,
              "code": "cy.contains('a', 'Register now').click();\ncy.contains('button', 'Register').click();\ncy.get('input[formcontrolname=\"email\"]').type(usuario.email);\ncy.get('input[formcontrolname=\"fullName\"]').type(usuario.fullName);\ncy.get('input[formcontrolname=\"userName\"]').type(usuario.userName);\ncy.get('input[formcontrolname=\"password\"]').type(usuario.password);\ncy.contains('button', 'Register').click();",
              "err": {},
              "uuid": "7ffb9ddc-0ac7-4e5a-aff9-d0e2fbc429f8",
              "parentUUID": "c21447b0-6241-4a11-acc3-be44b011cf70",
              "isHook": false,
              "skipped": false
            },
            {
              "title": "New User Register Anakin Skywalker",
              "fullTitle": "Alura Pic Register New User Register Anakin Skywalker",
              "timedOut": null,
              "duration": 3341,
              "state": "passed",
              "speed": "fast",
              "pass": true,
              "fail": false,
              "pending": false,
              "context": null,
              "code": "cy.contains('a', 'Register now').click();\ncy.contains('button', 'Register').click();\ncy.get('input[formcontrolname=\"email\"]').type(usuario.email);\ncy.get('input[formcontrolname=\"fullName\"]').type(usuario.fullName);\ncy.get('input[formcontrolname=\"userName\"]').type(usuario.userName);\ncy.get('input[formcontrolname=\"password\"]').type(usuario.password);\ncy.contains('button', 'Register').click();",
              "err": {},
              "uuid": "1eef99ce-1a24-49af-85bd-210c4daea351",
              "parentUUID": "c21447b0-6241-4a11-acc3-be44b011cf70",
              "isHook": false,
              "skipped": false
            }
          ],
          "suites": [],
          "passes": [
            "3e513652-d860-47c6-bc8a-2eaa71cc053f",
            "9a7497e0-519c-4655-978f-fd6a0dc50131",
            "7476f1ec-80bb-4e95-a217-289eb9fd6d8a",
            "61127889-1d7f-4a94-8b35-9939e5cb8193",
            "20330cde-8e64-410b-817e-9674bb200e9b",
            "3f8a2476-f331-4a5a-a1e3-9a9365099607",
            "79ddd6eb-5b34-4670-95fe-3a9c95efad76",
            "7ffb9ddc-0ac7-4e5a-aff9-d0e2fbc429f8",
            "1eef99ce-1a24-49af-85bd-210c4daea351"
          ],
          "failures": [],
          "pending": [],
          "skipped": [],
          "duration": 23000,
          "root": false,
          "rootEmpty": false,
          "_timeout": 2000
        }
      ],
      "passes": [],
      "failures": [],
      "pending": [],
      "skipped": [],
      "duration": 0,
      "root": true,
      "rootEmpty": true,
      "_timeout": 2000
    },
    {
      "uuid": "cc399791-9e18-4c46-b2b7-866c3b5cffeb",
      "title": "",
      "fullFile": "cypress\\e2e\\alura-fotos\\CT01-login.cy.js",
      "file": "cypress\\e2e\\alura-fotos\\CT01-login.cy.js",
      "beforeHooks": [],
      "afterHooks": [],
      "tests": [],
      "suites": [
        {
          "uuid": "7891d332-82c5-40f7-a97f-c7d671265c8c",
          "title": "Alura Pic Login",
          "fullFile": "",
          "file": "",
          "beforeHooks": [],
          "afterHooks": [],
          "tests": [
            {
              "title": "Fazer login de usuário válido",
              "fullTitle": "Alura Pic Login Fazer login de usuário válido",
              "timedOut": null,
              "duration": 4962,
              "state": "passed",
              "speed": "fast",
              "pass": true,
              "fail": false,
              "pending": false,
              "context": null,
              "code": "cy.login('flavio', '123');\ncy.contains('a', '(Logout').should('be.visible');",
              "err": {},
              "uuid": "ee13af7f-59be-4704-a849-dd942171f3f5",
              "parentUUID": "7891d332-82c5-40f7-a97f-c7d671265c8c",
              "isHook": false,
              "skipped": false
            },
            {
              "title": "Fazer login de usuário inválido",
              "fullTitle": "Alura Pic Login Fazer login de usuário inválido",
              "timedOut": null,
              "duration": 1884,
              "state": "passed",
              "speed": "fast",
              "pass": true,
              "fail": false,
              "pending": false,
              "context": null,
              "code": "cy.login('jacqueline', '1234');\ncy.on('window:alert', str => {\n  expect(str).to.equal('Invalid user name or password');\n});",
              "err": {},
              "uuid": "2485dea6-ea29-45f7-a963-52c565656602",
              "parentUUID": "7891d332-82c5-40f7-a97f-c7d671265c8c",
              "isHook": false,
              "skipped": false
            }
          ],
          "suites": [],
          "passes": [
            "ee13af7f-59be-4704-a849-dd942171f3f5",
            "2485dea6-ea29-45f7-a963-52c565656602"
          ],
          "failures": [],
          "pending": [],
          "skipped": [],
          "duration": 6846,
          "root": false,
          "rootEmpty": false,
          "_timeout": 2000
        }
      ],
      "passes": [],
      "failures": [],
      "pending": [],
      "skipped": [],
      "duration": 0,
      "root": true,
      "rootEmpty": true,
      "_timeout": 2000
    },
    {
      "uuid": "c5a9ad6b-0760-48ea-9c43-5871142bb91b",
      "title": "",
      "fullFile": "cypress\\e2e\\alura-fotos\\CT01-register.cy.js",
      "file": "cypress\\e2e\\alura-fotos\\CT01-register.cy.js",
      "beforeHooks": [],
      "afterHooks": [],
      "tests": [],
      "suites": [
        {
          "uuid": "1558af7d-200b-4e8a-83d2-3bb54f1be1ec",
          "title": "Alura Pic Register",
          "fullFile": "",
          "file": "",
          "beforeHooks": [],
          "afterHooks": [],
          "tests": [
            {
              "title": "Verifica mensagens de validação",
              "fullTitle": "Alura Pic Register Verifica mensagens de validação",
              "timedOut": null,
              "duration": 2371,
              "state": "passed",
              "speed": "fast",
              "pass": true,
              "fail": false,
              "pending": false,
              "context": null,
              "code": "cy.contains('a', 'Register now').click();\ncy.contains('button', 'Register').click();\ncy.contains('ap-vmessage', 'Email is required!').should('be.visible');\ncy.contains('button', 'Register').click();\ncy.contains('ap-vmessage', 'Full name is required!').should('be.visible');\ncy.contains('ap-vmessage', 'User name is required!').should('be.visible');\ncy.contains('ap-vmessage', 'Password is required!').should('be.visible');",
              "err": {},
              "uuid": "03f23a7e-f8d9-4d83-a74f-f17ded96bc11",
              "parentUUID": "1558af7d-200b-4e8a-83d2-3bb54f1be1ec",
              "isHook": false,
              "skipped": false
            },
            {
              "title": "Verifica mensagens de email inválido",
              "fullTitle": "Alura Pic Register Verifica mensagens de email inválido",
              "timedOut": null,
              "duration": 1344,
              "state": "passed",
              "speed": "fast",
              "pass": true,
              "fail": false,
              "pending": false,
              "context": null,
              "code": "cy.contains('a', 'Register now').click();\ncy.contains('button', 'Register').click();\ncy.contains('ap-vmessage', 'Email is required!').should('be.visible');\ncy.get('input[formcontrolname=\"email\"]').type('renato');\ncy.contains('ap-vmessage', 'Invalid e-mail').should('be.visible');",
              "err": {},
              "uuid": "d47f10d6-3548-4295-b26f-3cb187f04693",
              "parentUUID": "1558af7d-200b-4e8a-83d2-3bb54f1be1ec",
              "isHook": false,
              "skipped": false
            },
            {
              "title": "Verifica mensagens de senha menor que 8 dígitos",
              "fullTitle": "Alura Pic Register Verifica mensagens de senha menor que 8 dígitos",
              "timedOut": null,
              "duration": 1480,
              "state": "passed",
              "speed": "fast",
              "pass": true,
              "fail": false,
              "pending": false,
              "context": null,
              "code": "cy.contains('a', 'Register now').click();\ncy.contains('button', 'Register').click();\ncy.contains('button', 'Register').click();\ncy.contains('ap-vmessage', 'Password is required!').should('be.visible');\ncy.get('input[formcontrolname=\"password\"]').type('1234567');\ncy.contains('button', 'Register').click();\ncy.contains('ap-vmessage', 'Mininum length is 8').should('be.visible');",
              "err": {},
              "uuid": "28a5649f-55e6-451e-a2b1-b581f26b1bda",
              "parentUUID": "1558af7d-200b-4e8a-83d2-3bb54f1be1ec",
              "isHook": false,
              "skipped": false
            },
            {
              "title": "Verifica mensagens de Fullname menor que 2 dígitos",
              "fullTitle": "Alura Pic Register Verifica mensagens de Fullname menor que 2 dígitos",
              "timedOut": null,
              "duration": 1715,
              "state": "passed",
              "speed": "fast",
              "pass": true,
              "fail": false,
              "pending": false,
              "context": null,
              "code": "cy.contains('a', 'Register now').click();\ncy.contains('button', 'Register').click();\ncy.contains('button', 'Register').click();\ncy.contains('ap-vmessage', 'Full name is required!').should('be.visible');\ncy.get('input[formcontrolname=\"fullName\"]').type('a');\ncy.contains('button', 'Register').click();\ncy.contains('ap-vmessage', 'Mininum length is 2').should('be.visible');",
              "err": {},
              "uuid": "33eeddca-f36f-4a1c-a743-aa96d70e33bd",
              "parentUUID": "1558af7d-200b-4e8a-83d2-3bb54f1be1ec",
              "isHook": false,
              "skipped": false
            },
            {
              "title": "Register Valid User",
              "fullTitle": "Alura Pic Register Register Valid User",
              "timedOut": null,
              "duration": 2687,
              "state": "passed",
              "speed": "fast",
              "pass": true,
              "fail": false,
              "pending": false,
              "context": null,
              "code": "cy.register('correctemail@email.com', 'testFullName', 'testusername', 'testPassword');\ncy.contains('.text-success', 'User available').should('be.visible');",
              "err": {},
              "uuid": "d2c1a5ba-a951-4aac-a20c-1d783e8260ed",
              "parentUUID": "1558af7d-200b-4e8a-83d2-3bb54f1be1ec",
              "isHook": false,
              "skipped": false
            },
            {
              "title": "Register Taken User",
              "fullTitle": "Alura Pic Register Register Taken User",
              "timedOut": null,
              "duration": 3335,
              "state": "passed",
              "speed": "fast",
              "pass": true,
              "fail": false,
              "pending": false,
              "context": null,
              "code": "cy.register('correctemail@email.com', 'testFullName', 'flavio', 'testPassword');\ncy.contains('.text-danger', 'Username already taken').should('be.visible');",
              "err": {},
              "uuid": "b30edfc2-71d6-4e5d-a322-28fbd33e2107",
              "parentUUID": "1558af7d-200b-4e8a-83d2-3bb54f1be1ec",
              "isHook": false,
              "skipped": false
            },
            {
              "title": "New User Register Luke Skywalker",
              "fullTitle": "Alura Pic Register New User Register Luke Skywalker",
              "timedOut": null,
              "duration": 2366,
              "state": "passed",
              "speed": "fast",
              "pass": true,
              "fail": false,
              "pending": false,
              "context": null,
              "code": "cy.contains('a', 'Register now').click();\ncy.contains('button', 'Register').click();\ncy.get('input[formcontrolname=\"email\"]').type(usuario.email);\ncy.get('input[formcontrolname=\"fullName\"]').type(usuario.fullName);\ncy.get('input[formcontrolname=\"userName\"]').type(usuario.userName);\ncy.get('input[formcontrolname=\"password\"]').type(usuario.password);\ncy.contains('button', 'Register').click();",
              "err": {},
              "uuid": "c3d376d0-fcd5-46d9-80b8-0403b0cec423",
              "parentUUID": "1558af7d-200b-4e8a-83d2-3bb54f1be1ec",
              "isHook": false,
              "skipped": false
            },
            {
              "title": "New User Register Leia Organa",
              "fullTitle": "Alura Pic Register New User Register Leia Organa",
              "timedOut": null,
              "duration": 2856,
              "state": "passed",
              "speed": "fast",
              "pass": true,
              "fail": false,
              "pending": false,
              "context": null,
              "code": "cy.contains('a', 'Register now').click();\ncy.contains('button', 'Register').click();\ncy.get('input[formcontrolname=\"email\"]').type(usuario.email);\ncy.get('input[formcontrolname=\"fullName\"]').type(usuario.fullName);\ncy.get('input[formcontrolname=\"userName\"]').type(usuario.userName);\ncy.get('input[formcontrolname=\"password\"]').type(usuario.password);\ncy.contains('button', 'Register').click();",
              "err": {},
              "uuid": "a83d9123-25f5-4d16-b1be-2c0aeb427f88",
              "parentUUID": "1558af7d-200b-4e8a-83d2-3bb54f1be1ec",
              "isHook": false,
              "skipped": false
            },
            {
              "title": "New User Register Anakin Skywalker",
              "fullTitle": "Alura Pic Register New User Register Anakin Skywalker",
              "timedOut": null,
              "duration": 3091,
              "state": "passed",
              "speed": "fast",
              "pass": true,
              "fail": false,
              "pending": false,
              "context": null,
              "code": "cy.contains('a', 'Register now').click();\ncy.contains('button', 'Register').click();\ncy.get('input[formcontrolname=\"email\"]').type(usuario.email);\ncy.get('input[formcontrolname=\"fullName\"]').type(usuario.fullName);\ncy.get('input[formcontrolname=\"userName\"]').type(usuario.userName);\ncy.get('input[formcontrolname=\"password\"]').type(usuario.password);\ncy.contains('button', 'Register').click();",
              "err": {},
              "uuid": "15c1e31e-d402-4a2d-95d5-f100582ad8b3",
              "parentUUID": "1558af7d-200b-4e8a-83d2-3bb54f1be1ec",
              "isHook": false,
              "skipped": false
            }
          ],
          "suites": [],
          "passes": [
            "03f23a7e-f8d9-4d83-a74f-f17ded96bc11",
            "d47f10d6-3548-4295-b26f-3cb187f04693",
            "28a5649f-55e6-451e-a2b1-b581f26b1bda",
            "33eeddca-f36f-4a1c-a743-aa96d70e33bd",
            "d2c1a5ba-a951-4aac-a20c-1d783e8260ed",
            "b30edfc2-71d6-4e5d-a322-28fbd33e2107",
            "c3d376d0-fcd5-46d9-80b8-0403b0cec423",
            "a83d9123-25f5-4d16-b1be-2c0aeb427f88",
            "15c1e31e-d402-4a2d-95d5-f100582ad8b3"
          ],
          "failures": [],
          "pending": [],
          "skipped": [],
          "duration": 21245,
          "root": false,
          "rootEmpty": false,
          "_timeout": 2000
        }
      ],
      "passes": [],
      "failures": [],
      "pending": [],
      "skipped": [],
      "duration": 0,
      "root": true,
      "rootEmpty": true,
      "_timeout": 2000
    },
    {
      "uuid": "1f70f8db-2b4e-463a-b38c-3ffb47557134",
      "title": "",
      "fullFile": "cypress\\e2e\\api-alurapic\\api-alurapic.cy.js",
      "file": "cypress\\e2e\\api-alurapic\\api-alurapic.cy.js",
      "beforeHooks": [],
      "afterHooks": [],
      "tests": [],
      "suites": [
        {
          "uuid": "b73df0a5-3363-4e21-af88-d7dd2c577078",
          "title": "Search photos and data",
          "fullFile": "",
          "file": "",
          "beforeHooks": [],
          "afterHooks": [],
          "tests": [
            {
              "title": "Search Flavio photos",
              "fullTitle": "Search photos and data Search Flavio photos",
              "timedOut": null,
              "duration": 2660,
              "state": "passed",
              "speed": "fast",
              "pass": true,
              "fail": false,
              "pending": false,
              "context": null,
              "code": "cy.request({\n  method: \"GET\",\n  url: \"https://apialurapic.herokuapp.com/flavio/photos\"\n}).then(res => {\n  expect(res.status).to.be.equal(200);\n  expect(res.body).is.not.empty;\n  expect(res.body[0]).to.have.property('description');\n  expect(res.body[0].description).to.be.equal('Farol iluminado');\n});",
              "err": {},
              "uuid": "6201e0c9-58e4-47c4-a53b-4cf407c1bdc5",
              "parentUUID": "b73df0a5-3363-4e21-af88-d7dd2c577078",
              "isHook": false,
              "skipped": false
            },
            {
              "title": "Flavio Login",
              "fullTitle": "Search photos and data Flavio Login",
              "timedOut": null,
              "duration": 482,
              "state": "failed",
              "speed": null,
              "pass": false,
              "fail": true,
              "pending": false,
              "context": null,
              "code": "cy.request({\n  method: 'POST',\n  url: 'https://apialurapic.herokuapp.com/user/login',\n  body: Cypress.env()\n}).then(res => {\n  expect(res.status).to.be.equal(200);\n  expect(res.body).is.not.empty;\n  expect(res.body).to.have.property('id');\n  expect(res.body.id).to.be.equal(1);\n  expect(res.body).to.have.property('name');\n  expect(res.body.name).to.be.equal('flavio');\n  expect(res.body).to.have.property('email');\n  expect(res.body.email).to.be.equal('flavio@alurapic.com.br');\n});",
              "err": {
                "message": "CypressError: `cy.request()` failed on:\n\nhttps://apialurapic.herokuapp.com/user/login\n\nThe response we received from your web server was:\n\n  > 401: Unauthorized\n\nThis was considered a failure because the status code was not `2xx` or `3xx`.\n\nIf you do not want status codes to cause failures pass the option: `failOnStatusCode: false`\n\n-----------------------------------------------------------\n\nThe request we sent was:\n\nMethod: POST\nURL: https://apialurapic.herokuapp.com/user/login\nHeaders: {\n  \"Connection\": \"keep-alive\",\n  \"user-agent\": \"Mozilla/5.0 (Windows NT 10.0; Win64; x64) AppleWebKit/537.36 (KHTML, like Gecko) Cypress/10.11.0 Chrome/106.0.5249.51 Electron/21.0.0 Safari/537.36\",\n  \"accept\": \"*/*\",\n  \"accept-encoding\": \"gzip, deflate\",\n  \"content-type\": \"application/json\",\n  \"content-length\": 90\n}\nBody: {\"CYPRESS_RECORD_KEY\":\"735e75f7-cda1-4a40-ab29-0ae664153365\",\"RECORD_KEY\":\"735e7...53365\"}\n\n-----------------------------------------------------------\n\nThe response we got was:\n\nStatus: 401 - Unauthorized\nHeaders: {\n  \"server\": \"Cowboy\",\n  \"connection\": \"keep-alive\",\n  \"x-powered-by\": \"Express\",\n  \"access-control-allow-origin\": \"*\",\n  \"access-control-expose-headers\": \"x-access-token\",\n  \"content-type\": \"application/json; charset=utf-8\",\n  \"content-length\": \"54\",\n  \"etag\": \"W/\\\"36-2hjXIqkOlEZ7nz9/89y+VnzkWKg\\\"\",\n  \"date\": \"Thu, 10 Nov 2022 19:43:28 GMT\",\n  \"via\": \"1.1 vegur\"\n}\nBody: {\n  \"message\": \"Authentication failed for user undefined\"\n}\n\n\nhttps://on.cypress.io/request",
                "estack": "CypressError: `cy.request()` failed on:\n\nhttps://apialurapic.herokuapp.com/user/login\n\nThe response we received from your web server was:\n\n  > 401: Unauthorized\n\nThis was considered a failure because the status code was not `2xx` or `3xx`.\n\nIf you do not want status codes to cause failures pass the option: `failOnStatusCode: false`\n\n-----------------------------------------------------------\n\nThe request we sent was:\n\nMethod: POST\nURL: https://apialurapic.herokuapp.com/user/login\nHeaders: {\n  \"Connection\": \"keep-alive\",\n  \"user-agent\": \"Mozilla/5.0 (Windows NT 10.0; Win64; x64) AppleWebKit/537.36 (KHTML, like Gecko) Cypress/10.11.0 Chrome/106.0.5249.51 Electron/21.0.0 Safari/537.36\",\n  \"accept\": \"*/*\",\n  \"accept-encoding\": \"gzip, deflate\",\n  \"content-type\": \"application/json\",\n  \"content-length\": 90\n}\nBody: {\"CYPRESS_RECORD_KEY\":\"735e75f7-cda1-4a40-ab29-0ae664153365\",\"RECORD_KEY\":\"735e7...53365\"}\n\n-----------------------------------------------------------\n\nThe response we got was:\n\nStatus: 401 - Unauthorized\nHeaders: {\n  \"server\": \"Cowboy\",\n  \"connection\": \"keep-alive\",\n  \"x-powered-by\": \"Express\",\n  \"access-control-allow-origin\": \"*\",\n  \"access-control-expose-headers\": \"x-access-token\",\n  \"content-type\": \"application/json; charset=utf-8\",\n  \"content-length\": \"54\",\n  \"etag\": \"W/\\\"36-2hjXIqkOlEZ7nz9/89y+VnzkWKg\\\"\",\n  \"date\": \"Thu, 10 Nov 2022 19:43:28 GMT\",\n  \"via\": \"1.1 vegur\"\n}\nBody: {\n  \"message\": \"Authentication failed for user undefined\"\n}\n\n\nhttps://on.cypress.io/request\n    at <unknown> (https://alura-fotos.herokuapp.com/__cypress/runner/cypress_runner.js:144155:80)\n    at tryCatcher (https://alura-fotos.herokuapp.com/__cypress/runner/cypress_runner.js:11318:23)\n    at Promise._settlePromiseFromHandler (https://alura-fotos.herokuapp.com/__cypress/runner/cypress_runner.js:9253:31)\n    at Promise._settlePromise (https://alura-fotos.herokuapp.com/__cypress/runner/cypress_runner.js:9310:18)\n    at Promise._settlePromise0 (https://alura-fotos.herokuapp.com/__cypress/runner/cypress_runner.js:9355:10)\n    at Promise._settlePromises (https://alura-fotos.herokuapp.com/__cypress/runner/cypress_runner.js:9435:18)\n    at _drainQueueStep (https://alura-fotos.herokuapp.com/__cypress/runner/cypress_runner.js:6025:12)\n    at _drainQueue (https://alura-fotos.herokuapp.com/__cypress/runner/cypress_runner.js:6018:9)\n    at ../../node_modules/bluebird/js/release/async.js.Async._drainQueues (https://alura-fotos.herokuapp.com/__cypress/runner/cypress_runner.js:6034:5)\n    at Async.drainQueues (https://alura-fotos.herokuapp.com/__cypress/runner/cypress_runner.js:5904:14)\nFrom Your Spec Code:\n    at Context.eval (webpack:///./cypress/e2e/api-alurapic/api-alurapic.cy.js:17:11)",
                "diff": null
              },
              "uuid": "f9e818bd-593d-45de-8294-917043aa0242",
              "parentUUID": "b73df0a5-3363-4e21-af88-d7dd2c577078",
              "isHook": false,
              "skipped": false
            }
          ],
          "suites": [],
          "passes": [
            "6201e0c9-58e4-47c4-a53b-4cf407c1bdc5"
          ],
          "failures": [
            "f9e818bd-593d-45de-8294-917043aa0242"
          ],
          "pending": [],
          "skipped": [],
          "duration": 3142,
          "root": false,
          "rootEmpty": false,
          "_timeout": 2000
        }
      ],
      "passes": [],
      "failures": [],
      "pending": [],
      "skipped": [],
      "duration": 0,
      "root": true,
      "rootEmpty": true,
      "_timeout": 2000
    },
    {
      "uuid": "a57b39b5-6e24-4e3b-9b12-f59b4ae1ff52",
      "title": "",
      "fullFile": "cypress\\e2e\\api-alurapic\\api-alurapic.cy.js",
      "file": "cypress\\e2e\\api-alurapic\\api-alurapic.cy.js",
      "beforeHooks": [],
      "afterHooks": [],
      "tests": [],
      "suites": [
        {
          "uuid": "cd9f7375-c860-4d9f-853e-4c9ac8474daa",
          "title": "Search photos and data",
          "fullFile": "",
          "file": "",
          "beforeHooks": [],
          "afterHooks": [],
          "tests": [
            {
              "title": "Search Flavio photos",
              "fullTitle": "Search photos and data Search Flavio photos",
              "timedOut": null,
              "duration": 2703,
              "state": "passed",
              "speed": "fast",
              "pass": true,
              "fail": false,
              "pending": false,
              "context": null,
              "code": "cy.request({\n  method: \"GET\",\n  url: \"https://apialurapic.herokuapp.com/flavio/photos\"\n}).then(res => {\n  expect(res.status).to.be.equal(200);\n  expect(res.body).is.not.empty;\n  expect(res.body[0]).to.have.property('description');\n  expect(res.body[0].description).to.be.equal('Farol iluminado');\n});",
              "err": {},
              "uuid": "2c23c171-6ea2-40a4-819b-b09c99168de1",
              "parentUUID": "cd9f7375-c860-4d9f-853e-4c9ac8474daa",
              "isHook": false,
              "skipped": false
            },
            {
              "title": "Flavio Login",
              "fullTitle": "Search photos and data Flavio Login",
              "timedOut": null,
              "duration": 455,
              "state": "failed",
              "speed": null,
              "pass": false,
              "fail": true,
              "pending": false,
              "context": null,
              "code": "cy.request({\n  method: 'POST',\n  url: 'https://apialurapic.herokuapp.com/user/login',\n  body: Cypress.env()\n}).then(res => {\n  expect(res.status).to.be.equal(200);\n  expect(res.body).is.not.empty;\n  expect(res.body).to.have.property('id');\n  expect(res.body.id).to.be.equal(1);\n  expect(res.body).to.have.property('name');\n  expect(res.body.name).to.be.equal('flavio');\n  expect(res.body).to.have.property('email');\n  expect(res.body.email).to.be.equal('flavio@alurapic.com.br');\n});",
              "err": {
[...]
              "timedOut": null,
              "duration": 700,
              "state": "passed",
              "speed": "fast",
              "pass": true,
              "fail": false,
              "pending": false,
              "context": null,
              "code": "cy.request({\n  method: 'POST',\n  url: 'https://apialurapic.herokuapp.com/user/login',\n  body: Cypress.env()\n}).then(res => {\n  expect(res.status).to.be.equal(200);\n  expect(res.body).is.not.empty;\n  expect(res.body).to.have.property('id');\n  expect(res.body.id).to.be.equal(1);\n  expect(res.body).to.have.property('name');\n  expect(res.body.name).to.be.equal('flavio');\n  expect(res.body).to.have.property('email');\n  expect(res.body.email).to.be.equal('flavio@alurapic.com.br');\n});",
              "err": {},
              "uuid": "7f20f0e3-5c19-4b02-8751-115588ee8029",
              "parentUUID": "f3b48432-4608-4101-aa1b-80be13bd1b1f",
              "isHook": false,
              "skipped": false
            }
          ],
          "suites": [],
          "passes": [
            "7f20f0e3-5c19-4b02-8751-115588ee8029"
          ],
          "failures": [],
          "pending": [],
          "skipped": [],
          "duration": 700,
          "root": false,
          "rootEmpty": false,
          "_timeout": 2000
        }
      ],
      "passes": [],
      "failures": [],
      "pending": [],
      "skipped": [],
      "duration": 0,
      "root": true,
      "rootEmpty": true,
      "_timeout": 2000
    },
    {
      "uuid": "694782f6-4107-418b-95fc-470f466090ad",
      "title": "",
      "fullFile": "cypress/e2e/alura-fotos/CT01-login.cy.js",
      "file": "cypress/e2e/alura-fotos/CT01-login.cy.js",
      "beforeHooks": [],
      "afterHooks": [],
      "tests": [],
      "suites": [
        {
          "uuid": "ded5bb37-0da5-4c5e-b0fd-7df4a3c65c84",
          "title": "Alura Pic Login",
          "fullFile": "",
          "file": "",
          "beforeHooks": [],
          "afterHooks": [],
          "tests": [
            {
              "title": "Fazer login de usuário válido",
              "fullTitle": "Alura Pic Login Fazer login de usuário válido",
              "timedOut": null,
              "duration": 7532,
              "state": "passed",
              "speed": "medium",
              "pass": true,
              "fail": false,
              "pending": false,
              "context": null,
              "code": "cy.login('flavio', '123');\ncy.contains('a', '(Logout').should('be.visible');",
              "err": {},
              "uuid": "bd3d9ab2-a5bd-4fee-9bf8-47e54810e64b",
              "parentUUID": "ded5bb37-0da5-4c5e-b0fd-7df4a3c65c84",
              "isHook": false,
              "skipped": false
            },
            {
              "title": "Fazer login de usuário inválido",
              "fullTitle": "Alura Pic Login Fazer login de usuário inválido",
              "timedOut": null,
              "duration": 1430,
              "state": "passed",
              "speed": "fast",
              "pass": true,
              "fail": false,
              "pending": false,
              "context": null,
              "code": "cy.login('jacqueline', '1234');\ncy.on('window:alert', str => {\n  expect(str).to.equal('Invalid user name or password');\n});",
              "err": {},
              "uuid": "2a8c0819-6d2f-44f2-9133-52b1215b42f2",
              "parentUUID": "ded5bb37-0da5-4c5e-b0fd-7df4a3c65c84",
              "isHook": false,
              "skipped": false
            }
          ],
          "suites": [],
          "passes": [
            "bd3d9ab2-a5bd-4fee-9bf8-47e54810e64b",
            "2a8c0819-6d2f-44f2-9133-52b1215b42f2"
          ],
          "failures": [],
          "pending": [],
          "skipped": [],
          "duration": 8962,
          "root": false,
          "rootEmpty": false,
          "_timeout": 2000
        }
      ],
      "passes": [],
      "failures": [],
      "pending": [],
      "skipped": [],
      "duration": 0,
      "root": true,
      "rootEmpty": true,
      "_timeout": 2000
    },
    {
      "uuid": "730bac94-8664-462e-ae4f-912ef47ebde1",
      "title": "",
      "fullFile": "cypress/e2e/alura-fotos/CT01-register.cy.js",
      "file": "cypress/e2e/alura-fotos/CT01-register.cy.js",
      "beforeHooks": [],
      "afterHooks": [],
      "tests": [],
      "suites": [
        {
          "uuid": "3525339a-f280-4b68-9136-f514e14fe802",
          "title": "Alura Pic Register",
          "fullFile": "",
          "file": "",
          "beforeHooks": [],
          "afterHooks": [],
          "tests": [
            {
              "title": "Verifica mensagens de validação",
              "fullTitle": "Alura Pic Register Verifica mensagens de validação",
              "timedOut": null,
              "duration": 4359,
              "state": "passed",
              "speed": "fast",
              "pass": true,
              "fail": false,
              "pending": false,
              "context": null,
              "code": "cy.contains('a', 'Register now').click();\ncy.contains('button', 'Register').click();\ncy.contains('ap-vmessage', 'Email is required!').should('be.visible');\ncy.contains('button', 'Register').click();\ncy.contains('ap-vmessage', 'Full name is required!').should('be.visible');\ncy.contains('ap-vmessage', 'User name is required!').should('be.visible');\ncy.contains('ap-vmessage', 'Password is required!').should('be.visible');",
              "err": {},
              "uuid": "16755047-b8b5-4211-9cfa-a6ad78360fd1",
              "parentUUID": "3525339a-f280-4b68-9136-f514e14fe802",
              "isHook": false,
              "skipped": false
            },
            {
              "title": "Verifica mensagens de email inválido",
              "fullTitle": "Alura Pic Register Verifica mensagens de email inválido",
              "timedOut": null,
              "duration": 1368,
              "state": "passed",
              "speed": "fast",
              "pass": true,
              "fail": false,
              "pending": false,
              "context": null,
              "code": "cy.contains('a', 'Register now').click();\ncy.contains('button', 'Register').click();\ncy.contains('ap-vmessage', 'Email is required!').should('be.visible');\ncy.get('input[formcontrolname=\"email\"]').type('renato');\ncy.contains('ap-vmessage', 'Invalid e-mail').should('be.visible');",
              "err": {},
              "uuid": "3294c0c4-8492-44ab-9b33-6a3a863849d7",
              "parentUUID": "3525339a-f280-4b68-9136-f514e14fe802",
              "isHook": false,
              "skipped": false
            },
            {
              "title": "Verifica mensagens de senha menor que 8 dígitos",
              "fullTitle": "Alura Pic Register Verifica mensagens de senha menor que 8 dígitos",
              "timedOut": null,
              "duration": 1511,
              "state": "passed",
              "speed": "fast",
              "pass": true,
              "fail": false,
              "pending": false,
              "context": null,
              "code": "cy.contains('a', 'Register now').click();\ncy.contains('button', 'Register').click();\ncy.contains('button', 'Register').click();\ncy.contains('ap-vmessage', 'Password is required!').should('be.visible');\ncy.get('input[formcontrolname=\"password\"]').type('1234567');\ncy.contains('button', 'Register').click();\ncy.contains('ap-vmessage', 'Mininum length is 8').should('be.visible');",
              "err": {},
              "uuid": "4d258bb4-0aad-471a-9e20-550d93b56262",
              "parentUUID": "3525339a-f280-4b68-9136-f514e14fe802",
              "isHook": false,
              "skipped": false
            },
            {
              "title": "Verifica mensagens de Fullname menor que 2 dígitos",
              "fullTitle": "Alura Pic Register Verifica mensagens de Fullname menor que 2 dígitos",
              "timedOut": null,
              "duration": 1405,
              "state": "passed",
              "speed": "fast",
              "pass": true,
              "fail": false,
              "pending": false,
              "context": null,
              "code": "cy.contains('a', 'Register now').click();\ncy.contains('button', 'Register').click();\ncy.contains('button', 'Register').click();\ncy.contains('ap-vmessage', 'Full name is required!').should('be.visible');\ncy.get('input[formcontrolname=\"fullName\"]').type('a');\ncy.contains('button', 'Register').click();\ncy.contains('ap-vmessage', 'Mininum length is 2').should('be.visible');",
              "err": {},
              "uuid": "1d5f6ae6-1f6f-4022-8e24-abe4b5a82f02",
              "parentUUID": "3525339a-f280-4b68-9136-f514e14fe802",
              "isHook": false,
              "skipped": false
            },
            {
              "title": "Register Valid User",
              "fullTitle": "Alura Pic Register Register Valid User",
              "timedOut": null,
              "duration": 3467,
              "state": "passed",
              "speed": "fast",
              "pass": true,
              "fail": false,
              "pending": false,
              "context": null,
              "code": "cy.register('correctemail@email.com', 'testFullName', 'testusername', 'testPassword');\ncy.contains('.text-success', 'User available').should('be.visible');",
              "err": {},
              "uuid": "0ccc1e99-29a9-4d96-8c94-25bfb1127566",
              "parentUUID": "3525339a-f280-4b68-9136-f514e14fe802",
              "isHook": false,
              "skipped": false
            },
            {
              "title": "Register Taken User",
              "fullTitle": "Alura Pic Register Register Taken User",
              "timedOut": null,
              "duration": 2779,
              "state": "passed",
              "speed": "fast",
              "pass": true,
              "fail": false,
              "pending": false,
              "context": null,
              "code": "cy.register('correctemail@email.com', 'testFullName', 'flavio', 'testPassword');\ncy.contains('.text-danger', 'Username already taken').should('be.visible');",
              "err": {},
              "uuid": "4b06cd64-0044-4cee-b15a-4914154c18b7",
              "parentUUID": "3525339a-f280-4b68-9136-f514e14fe802",
              "isHook": false,
              "skipped": false
            },
            {
              "title": "New User Register Luke Skywalker",
              "fullTitle": "Alura Pic Register New User Register Luke Skywalker",
              "timedOut": null,
              "duration": 2814,
              "state": "passed",
              "speed": "fast",
              "pass": true,
              "fail": false,
              "pending": false,
              "context": null,
              "code": "cy.contains('a', 'Register now').click();\ncy.contains('button', 'Register').click();\ncy.get('input[formcontrolname=\"email\"]').type(usuario.email);\ncy.get('input[formcontrolname=\"fullName\"]').type(usuario.fullName);\ncy.get('input[formcontrolname=\"userName\"]').type(usuario.userName);\ncy.get('input[formcontrolname=\"password\"]').type(usuario.password);\ncy.contains('button', 'Register').click();",
              "err": {},
              "uuid": "f9457e2a-b4f7-4671-88ab-d8b6e43c4eb7",
              "parentUUID": "3525339a-f280-4b68-9136-f514e14fe802",
              "isHook": false,
              "skipped": false
            },
            {
              "title": "New User Register Leia Organa",
              "fullTitle": "Alura Pic Register New User Register Leia Organa",
              "timedOut": null,
              "duration": 2785,
              "state": "passed",
              "speed": "fast",
              "pass": true,
              "fail": false,
              "pending": false,
              "context": null,
              "code": "cy.contains('a', 'Register now').click();\ncy.contains('button', 'Register').click();\ncy.get('input[formcontrolname=\"email\"]').type(usuario.email);\ncy.get('input[formcontrolname=\"fullName\"]').type(usuario.fullName);\ncy.get('input[formcontrolname=\"userName\"]').type(usuario.userName);\ncy.get('input[formcontrolname=\"password\"]').type(usuario.password);\ncy.contains('button', 'Register').click();",
              "err": {},
              "uuid": "7859e467-031e-4c49-8811-2213f229ca20",
              "parentUUID": "3525339a-f280-4b68-9136-f514e14fe802",
              "isHook": false,
              "skipped": false
            },
            {
              "title": "New User Register Anakin Skywalker",
              "fullTitle": "Alura Pic Register New User Register Anakin Skywalker",
              "timedOut": null,
              "duration": 2886,
              "state": "passed",
              "speed": "fast",
              "pass": true,
              "fail": false,
              "pending": false,
              "context": null,
              "code": "cy.contains('a', 'Register now').click();\ncy.contains('button', 'Register').click();\ncy.get('input[formcontrolname=\"email\"]').type(usuario.email);\ncy.get('input[formcontrolname=\"fullName\"]').type(usuario.fullName);\ncy.get('input[formcontrolname=\"userName\"]').type(usuario.userName);\ncy.get('input[formcontrolname=\"password\"]').type(usuario.password);\ncy.contains('button', 'Register').click();",
              "err": {},
              "uuid": "3e918395-a7c8-4c6c-8d6f-0adb8f2f5cbb",
              "parentUUID": "3525339a-f280-4b68-9136-f514e14fe802",
              "isHook": false,
              "skipped": false
            }
          ],
          "suites": [],
          "passes": [
            "16755047-b8b5-4211-9cfa-a6ad78360fd1",
            "3294c0c4-8492-44ab-9b33-6a3a863849d7",
            "4d258bb4-0aad-471a-9e20-550d93b56262",
            "1d5f6ae6-1f6f-4022-8e24-abe4b5a82f02",
            "0ccc1e99-29a9-4d96-8c94-25bfb1127566",
            "4b06cd64-0044-4cee-b15a-4914154c18b7",
            "f9457e2a-b4f7-4671-88ab-d8b6e43c4eb7",
            "7859e467-031e-4c49-8811-2213f229ca20",
            "3e918395-a7c8-4c6c-8d6f-0adb8f2f5cbb"
          ],
          "failures": [],
          "pending": [],
          "skipped": [],
          "duration": 23374,
          "root": false,
          "rootEmpty": false,
          "_timeout": 2000
        }
      ],
      "passes": [],
      "failures": [],
      "pending": [],
      "skipped": [],
      "duration": 0,
      "root": true,
      "rootEmpty": true,
      "_timeout": 2000
    },
    {
      "uuid": "62caa63b-5046-4f19-a87e-012c14a4e3d2",
      "title": "",
      "fullFile": "cypress/e2e/api-alurapic/api-alurapic.cy.js",
      "file": "cypress/e2e/api-alurapic/api-alurapic.cy.js",
      "beforeHooks": [],
      "afterHooks": [],
      "tests": [],
      "suites": [
        {
          "uuid": "da587280-a71e-4442-b18d-9749cec24f2b",
          "title": "Search photos and data",
          "fullFile": "",
          "file": "",
          "beforeHooks": [],
          "afterHooks": [],
          "tests": [
            {
              "title": "Flavio Login",
              "fullTitle": "Search photos and data Flavio Login",
              "timedOut": null,
              "duration": 669,
              "state": "passed",
              "speed": "fast",
              "pass": true,
              "fail": false,
              "pending": false,
              "context": null,
              "code": "cy.request({\n  method: 'POST',\n  url: 'https://apialurapic.herokuapp.com/user/login',\n  body: Cypress.env()\n}).then(res => {\n  expect(res.status).to.be.equal(200);\n  expect(res.body).is.not.empty;\n  expect(res.body).to.have.property('id');\n  expect(res.body.id).to.be.equal(1);\n  expect(res.body).to.have.property('name');\n  expect(res.body.name).to.be.equal('flavio');\n  expect(res.body).to.have.property('email');\n  expect(res.body.email).to.be.equal('flavio@alurapic.com.br');\n});",
              "err": {},
              "uuid": "3c8f583e-eb60-4eb5-b03b-e6ae0f3d95d7",
              "parentUUID": "da587280-a71e-4442-b18d-9749cec24f2b",
              "isHook": false,
              "skipped": false
            }
          ],
          "suites": [],
          "passes": [
            "3c8f583e-eb60-4eb5-b03b-e6ae0f3d95d7"
          ],
          "failures": [],
          "pending": [],
          "skipped": [],
          "duration": 669,
          "root": false,
          "rootEmpty": false,
          "_timeout": 2000
        }
      ],
      "passes": [],
      "failures": [],
      "pending": [],
      "skipped": [],
      "duration": 0,
      "root": true,
      "rootEmpty": true,
      "_timeout": 2000
    },
    {
      "uuid": "949bd7d9-9aca-4ad5-bbb6-8d23b91d3766",
      "title": "",
      "fullFile": "cypress/e2e/api-test/register-bot.cy.js",
      "file": "cypress/e2e/api-test/register-bot.cy.js",
      "beforeHooks": [],
      "afterHooks": [],
      "tests": [],
      "suites": [
        {
          "uuid": "6e284a51-93ff-4832-b1a6-d0c641daddc0",
          "title": "Cria Lead",
          "fullFile": "",
          "file": "",
          "beforeHooks": [],
          "afterHooks": [],
          "tests": [
            {
              "title": "Cria Novo Formulário Loja",
              "fullTitle": "Cria Lead Cria Novo Formulário Loja",
              "timedOut": null,
              "duration": 11848,
              "state": "failed",
              "speed": null,
              "pass": false,
              "fail": true,
              "pending": false,
              "context": null,
              "code": "cy.get('input[type=\"number\"]').eq(0).type('167132');\ncy.get('input[type=\"number\"]').eq(1).type('50');\ncy.get('input[readonly=\"readonly\"]').eq(0).click();\ncy.get('[class=\"b24-form-control-list-selector-item-title\"').contains('span', 'RJ').click();\ncy.get('input[name=\"phone\"]').type('21992535332');\ncy.get('input[readonly=\"readonly\"]').contains('Cidades - Rj').click().contains('span', 'Rio de Janeiro - Barra da Tijuca').click();\n;",
              "err": {
                "message": "AssertionError: Timed out retrying after 4000ms: Expected to find content: 'Cidades - Rj' within the element: [ <input.b24-form-control.b24-form-control-not-empty>, 29 more... ] but never did.",
                "estack": "AssertionError: Timed out retrying after 4000ms: Expected to find content: 'Cidades - Rj' within the element: [ <input.b24-form-control.b24-form-control-not-empty>, 29 more... ] but never did.\n    at Context.eval (webpack:///./cypress/e2e/api-test/register-bot.cy.js:16:45)",
                "diff": null
              },
              "uuid": "95fd7710-26f7-46ba-9fd6-d16845a5230c",
              "parentUUID": "6e284a51-93ff-4832-b1a6-d0c641daddc0",
              "isHook": false,
              "skipped": false
            }
          ],
          "suites": [],
          "passes": [],
          "failures": [
            "95fd7710-26f7-46ba-9fd6-d16845a5230c"
          ],
          "pending": [],
          "skipped": [],
          "duration": 11848,
          "root": false,
          "rootEmpty": false,
          "_timeout": 2000
        }
      ],
      "passes": [],
      "failures": [],
      "pending": [],
      "skipped": [],
      "duration": 0,
      "root": true,
      "rootEmpty": true,
      "_timeout": 2000
    }
  ],
  "meta": {
    "mocha": {
      "version": "7.0.1"
    },
    "mochawesome": {
      "options": {
        "quiet": false,
        "reportFilename": "mochawesome",
        "saveHtml": false,
        "saveJson": true,
        "consoleReporter": "spec",
        "useInlineDiffs": false,
        "code": true
      },
      "version": "7.1.3"
    },
    "marge": {
      "options": {
        "reportDir": "cypress/report/mochawesome-report",
        "overwrite": true,
        "html": false,
        "json": true,
        "timestamp": "mmddyyyy_HHMMss"
      },
      "version": "6.2.0"
    }
  }
}