{
  "stats": {
    "suites": 1,
    "tests": 1,
    "passes": 1,
    "pending": 0,
    "failures": 0,
    "start": "2022-11-09T18:59:37.156Z",
    "end": "2022-11-09T18:59:40.184Z",
    "duration": 3028,
    "testsRegistered": 1,
    "passPercent": 100,
    "pendingPercent": 0,
    "other": 0,
    "hasOther": false,
    "skipped": 0,
    "hasSkipped": false
  },
  "results": [
    {
      "uuid": "240d3960-8afe-4fac-887a-28904e658d76",
      "title": "",
      "fullFile": "cypress\\e2e\\api-alurapic\\api-alurapic.cy.js",
      "file": "cypress\\e2e\\api-alurapic\\api-alurapic.cy.js",
      "beforeHooks": [],
      "afterHooks": [],
      "tests": [],
      "suites": [
        {
          "uuid": "b564e717-eeb8-4860-8227-fefdb163f7b1",
          "title": "Search photos and data",
          "fullFile": "",
          "file": "",
          "beforeHooks": [],
          "afterHooks": [],
          "tests": [
            {
              "title": "Search Flavio photos",
              "fullTitle": "Search photos and data Search Flavio photos",
              "timedOut": null,
              "duration": 2442,
              "state": "passed",
              "speed": "fast",
              "pass": true,
              "fail": false,
              "pending": false,
              "context": null,
              "code": "cy.request({\n  method: \"GET\",\n  url: \"https://apialurapic.herokuapp.com/flavio/photos\"\n}).then(res => {\n  expect(res.status).to.be.equal(200);\n  expect(res.body).is.not.empty;\n  expect(res.body[0]).to.have.property('description');\n  expect(res.body[0].description).to.be.equal('Farol iluminado');\n});",
              "err": {},
              "uuid": "c1d4ece8-9b04-479b-af49-250e9aa2ab77",
              "parentUUID": "b564e717-eeb8-4860-8227-fefdb163f7b1",
              "isHook": false,
              "skipped": false
            }
          ],
          "suites": [],
          "passes": [
            "c1d4ece8-9b04-479b-af49-250e9aa2ab77"
          ],
          "failures": [],
          "pending": [],
          "skipped": [],
          "duration": 2442,
          "root": false,
          "rootEmpty": false,
          "_timeout": 2000
        }
      ],
      "passes": [],
      "failures": [],
      "pending": [],
      "skipped": [],
      "duration": 0,
      "root": true,
      "rootEmpty": true,
      "_timeout": 2000
    }
  ],
  "meta": {
    "mocha": {
      "version": "7.0.1"
    },
    "mochawesome": {
      "options": {
        "quiet": false,
        "reportFilename": "mochawesome",
        "saveHtml": false,
        "saveJson": true,
        "consoleReporter": "spec",
        "useInlineDiffs": false,
        "code": true
      },
      "version": "7.1.3"
    },
    "marge": {
      "options": {
        "reportDir": "cypress/report/mochawesome-report",
        "overwrite": true,
        "html": false,
        "json": true,
        "timestamp": "mmddyyyy_HHMMss"
      },
      "version": "6.2.0"
    }
  }
}