{
  "stats": {
    "suites": 1,
    "tests": 2,
    "passes": 2,
    "pending": 0,
    "failures": 0,
    "start": "2022-11-09T19:30:19.561Z",
    "end": "2022-11-09T19:30:29.232Z",
    "duration": 9671,
    "testsRegistered": 2,
    "passPercent": 100,
    "pendingPercent": 0,
    "other": 0,
    "hasOther": false,
    "skipped": 0,
    "hasSkipped": false
  },
  "results": [
    {
      "uuid": "3d5c7c0c-6c88-4b11-a520-3d919ab47931",
      "title": "",
      "fullFile": "cypress\\e2e\\alura-fotos\\CT01-login.cy.js",
      "file": "cypress\\e2e\\alura-fotos\\CT01-login.cy.js",
      "beforeHooks": [],
      "afterHooks": [],
      "tests": [],
      "suites": [
        {
          "uuid": "40cfa0b1-1bc7-409a-a39e-630f2dfff003",
          "title": "Alura Pic Login",
          "fullFile": "",
          "file": "",
          "beforeHooks": [],
          "afterHooks": [],
          "tests": [
            {
              "title": "Fazer login de usuário válido",
              "fullTitle": "Alura Pic Login Fazer login de usuário válido",
              "timedOut": null,
              "duration": 4967,
              "state": "passed",
              "speed": "fast",
              "pass": true,
              "fail": false,
              "pending": false,
              "context": null,
              "code": "cy.login('flavio', '123');\ncy.contains('a', '(Logout').should('be.visible');",
              "err": {},
              "uuid": "048dfaa9-0f70-45b1-8472-43c11fa9bb44",
              "parentUUID": "40cfa0b1-1bc7-409a-a39e-630f2dfff003",
              "isHook": false,
              "skipped": false
            },
            {
              "title": "Fazer login de usuário inválido",
              "fullTitle": "Alura Pic Login Fazer login de usuário inválido",
              "timedOut": null,
              "duration": 2247,
              "state": "passed",
              "speed": "fast",
              "pass": true,
              "fail": false,
              "pending": false,
              "context": null,
              "code": "cy.login('jacqueline', '1234');\ncy.on('window:alert', str => {\n  expect(str).to.equal('Invalid user name or password');\n});",
              "err": {},
              "uuid": "d9028af9-5522-4e7a-bb70-a1a81f0fbe2d",
              "parentUUID": "40cfa0b1-1bc7-409a-a39e-630f2dfff003",
              "isHook": false,
              "skipped": false
            }
          ],
          "suites": [],
          "passes": [
            "048dfaa9-0f70-45b1-8472-43c11fa9bb44",
            "d9028af9-5522-4e7a-bb70-a1a81f0fbe2d"
          ],
          "failures": [],
          "pending": [],
          "skipped": [],
          "duration": 7214,
          "root": false,
          "rootEmpty": false,
          "_timeout": 2000
        }
      ],
      "passes": [],
      "failures": [],
      "pending": [],
      "skipped": [],
      "duration": 0,
      "root": true,
      "rootEmpty": true,
      "_timeout": 2000
    }
  ],
  "meta": {
    "mocha": {
      "version": "7.0.1"
    },
    "mochawesome": {
      "options": {
        "quiet": false,
        "reportFilename": "mochawesome",
        "saveHtml": false,
        "saveJson": true,
        "consoleReporter": "spec",
        "useInlineDiffs": false,
        "code": true
      },
      "version": "7.1.3"
    },
    "marge": {
      "options": {
        "reportDir": "cypress/report/mochawesome-report",
        "overwrite": true,
        "html": false,
        "json": true,
        "timestamp": "mmddyyyy_HHMMss"
      },
      "version": "6.2.0"
    }
  }
}