{
  "stats": {
    "suites": 1,
    "tests": 1,
    "passes": 0,
    "pending": 0,
    "failures": 1,
    "start": "2022-11-09T18:58:29.751Z",
    "end": "2022-11-09T18:58:56.220Z",
    "duration": 26469,
    "testsRegistered": 2,
    "passPercent": 0,
    "pendingPercent": 0,
    "other": 0,
    "hasOther": false,
    "skipped": 1,
    "hasSkipped": true
  },
  "results": [
    {
      "uuid": "16e78705-a49d-4cfa-ab77-f206b70303d0",
      "title": "",
      "fullFile": "cypress\\e2e\\alura-fotos\\CT01-login.cy.js",
      "file": "cypress\\e2e\\alura-fotos\\CT01-login.cy.js",
      "beforeHooks": [],
      "afterHooks": [],
      "tests": [],
      "suites": [
        {
          "uuid": "6de389d5-c48f-4076-b523-ef27b4abe47a",
          "title": "Alura Pic Login",
          "fullFile": "",
          "file": "",
          "beforeHooks": [],
          "afterHooks": [],
          "tests": [
            {
              "title": "Fazer login de usuário válido",
              "fullTitle": "Alura Pic Login Fazer login de usuário válido",
              "timedOut": null,
              "duration": 26025,
              "state": "failed",
              "speed": null,
              "pass": false,
              "fail": true,
              "pending": false,
              "context": null,
              "code": "cy.login('flavio', '123');\ncy.contains('a', '(Logout').should('be.visible');",
              "err": {
                "message": "CypressError: `cy.visit()` failed trying to load:\n\nhttps://alura-fotos.herokuapp.com/\n\nWe attempted to make an http request to this URL but the request failed without a response.\n\nWe received this error at the network level:\n\n  > Error: connect ETIMEDOUT 54.165.58.209:443\n\nCommon situations why this would fail:\n  - you don't have internet access\n  - you forgot to run / boot your web server\n  - your web server isn't accessible\n  - you have weird network configuration settings on your computer\n\nBecause this error occurred during a `before each` hook we are skipping the remaining tests in the current suite: `Alura Pic Login`",
                "estack": "CypressError: `cy.visit()` failed trying to load:\n\nhttps://alura-fotos.herokuapp.com/\n\nWe attempted to make an http request to this URL but the request failed without a response.\n\nWe received this error at the network level:\n\n  > Error: connect ETIMEDOUT 54.165.58.209:443\n\nCommon situations why this would fail:\n  - you don't have internet access\n  - you forgot to run / boot your web server\n  - your web server isn't accessible\n  - you have weird network configuration settings on your computer\n\nBecause this error occurred during a `before each` hook we are skipping the remaining tests in the current suite: `Alura Pic Login`\n    at <unknown> (http://localhost:58634/__cypress/runner/cypress_runner.js:142341:82)\n    at visitFailedByErr (http://localhost:58634/__cypress/runner/cypress_runner.js:141629:12)\n    at <unknown> (http://localhost:58634/__cypress/runner/cypress_runner.js:142340:11)\n    at tryCatcher (http://localhost:58634/__cypress/runner/cypress_runner.js:11318:23)\n    at Promise._settlePromiseFromHandler (http://localhost:58634/__cypress/runner/cypress_runner.js:9253:31)\n    at Promise._settlePromise (http://localhost:58634/__cypress/runner/cypress_runner.js:9310:18)\n    at Promise._settlePromise0 (http://localhost:58634/__cypress/runner/cypress_runner.js:9355:10)\n    at Promise._settlePromises (http://localhost:58634/__cypress/runner/cypress_runner.js:9431:18)\n    at _drainQueueStep (http://localhost:58634/__cypress/runner/cypress_runner.js:6025:12)\n    at _drainQueue (http://localhost:58634/__cypress/runner/cypress_runner.js:6018:9)\n    at ../../node_modules/bluebird/js/release/async.js.Async._drainQueues (http://localhost:58634/__cypress/runner/cypress_runner.js:6034:5)\n    at Async.drainQueues (http://localhost:58634/__cypress/runner/cypress_runner.js:5904:14)\nFrom Your Spec Code:\n    at Context.eval (webpack:///./cypress/e2e/alura-fotos/CT01-login.cy.js:4:7)\n\nFrom Node.js Internals:\n  Error: connect ETIMEDOUT 54.165.58.209:443\n      at TCPConnectWrap.afterConnect [as oncomplete] (node:net:1187:16)",
                "diff": null
              },
              "uuid": "16153151-451e-451a-afb0-24683d734fb9",
              "parentUUID": "6de389d5-c48f-4076-b523-ef27b4abe47a",
              "isHook": false,
              "skipped": false
            },
            {
              "title": "Fazer login de usuário inválido",
              "fullTitle": "Alura Pic Login Fazer login de usuário inválido",
              "timedOut": null,
              "duration": 0,
              "state": "skipped",
              "speed": null,
              "pass": false,
              "fail": false,
              "pending": false,
              "context": null,
              "code": "cy.login('jacqueline', '1234');\ncy.on('window:alert', str => {\n  expect(str).to.equal('Invalid user name or password');\n});",
              "err": {},
              "uuid": "0f62c186-1948-4ad6-b3f0-629d143e370c",
              "parentUUID": "6de389d5-c48f-4076-b523-ef27b4abe47a",
              "isHook": false,
              "skipped": true
            }
          ],
          "suites": [],
          "passes": [],
          "failures": [
            "16153151-451e-451a-afb0-24683d734fb9"
          ],
          "pending": [],
          "skipped": [
            "0f62c186-1948-4ad6-b3f0-629d143e370c"
          ],
          "duration": 26025,
          "root": false,
          "rootEmpty": false,
          "_timeout": 2000
        }
      ],
      "passes": [],
      "failures": [],
      "pending": [],
      "skipped": [],
      "duration": 0,
      "root": true,
      "rootEmpty": true,
      "_timeout": 2000
    }
  ],
  "meta": {
    "mocha": {
      "version": "7.0.1"
    },
    "mochawesome": {
      "options": {
        "quiet": false,
        "reportFilename": "mochawesome",
        "saveHtml": false,
        "saveJson": true,
        "consoleReporter": "spec",
        "useInlineDiffs": false,
        "code": true
      },
      "version": "7.1.3"
    },
    "marge": {
      "options": {
        "reportDir": "cypress/report/mochawesome-report",
        "overwrite": true,
        "html": false,
        "json": true,
        "timestamp": "mmddyyyy_HHMMss"
      },
      "version": "6.2.0"
    }
  }
}