{
  "stats": {
    "suites": 1,
    "tests": 9,
    "passes": 9,
    "pending": 0,
    "failures": 0,
    "start": "2022-11-10T18:46:36.651Z",
    "end": "2022-11-10T18:46:57.850Z",
    "duration": 21199,
    "testsRegistered": 9,
    "passPercent": 100,
    "pendingPercent": 0,
    "other": 0,
    "hasOther": false,
    "skipped": 0,
    "hasSkipped": false
  },
  "results": [
    {
      "uuid": "75e56a1a-2431-4b38-ba5f-b2ad30bda7cf",
      "title": "",
      "fullFile": "cypress\\e2e\\alura-fotos\\CT01-register.cy.js",
      "file": "cypress\\e2e\\alura-fotos\\CT01-register.cy.js",
      "beforeHooks": [],
      "afterHooks": [],
      "tests": [],
      "suites": [
        {
          "uuid": "56590e74-849f-4c11-a7d2-3cb6abd95dfe",
          "title": "Alura Pic Register",
          "fullFile": "",
          "file": "",
          "beforeHooks": [],
          "afterHooks": [],
          "tests": [
            {
              "title": "Verifica mensagens de validação",
              "fullTitle": "Alura Pic Register Verifica mensagens de validação",
              "timedOut": null,
              "duration": 3209,
              "state": "passed",
              "speed": "fast",
              "pass": true,
              "fail": false,
              "pending": false,
              "context": null,
              "code": "cy.contains('a', 'Register now').click();\ncy.contains('button', 'Register').click();\ncy.contains('ap-vmessage', 'Email is required!').should('be.visible');\ncy.contains('button', 'Register').click();\ncy.contains('ap-vmessage', 'Full name is required!').should('be.visible');\ncy.contains('ap-vmessage', 'User name is required!').should('be.visible');\ncy.contains('ap-vmessage', 'Password is required!').should('be.visible');",
              "err": {},
              "uuid": "08f44aff-c9ca-4407-821e-dda69bb73676",
              "parentUUID": "56590e74-849f-4c11-a7d2-3cb6abd95dfe",
              "isHook": false,
              "skipped": false
            },
            {
              "title": "Verifica mensagens de email inválido",
              "fullTitle": "Alura Pic Register Verifica mensagens de email inválido",
              "timedOut": null,
              "duration": 1305,
              "state": "passed",
              "speed": "fast",
              "pass": true,
              "fail": false,
              "pending": false,
              "context": null,
              "code": "cy.contains('a', 'Register now').click();\ncy.contains('button', 'Register').click();\ncy.contains('ap-vmessage', 'Email is required!').should('be.visible');\ncy.get('input[formcontrolname=\"email\"]').type('renato');\ncy.contains('ap-vmessage', 'Invalid e-mail').should('be.visible');",
              "err": {},
              "uuid": "1d2b247e-d2e4-4727-a97c-4d8585354c37",
              "parentUUID": "56590e74-849f-4c11-a7d2-3cb6abd95dfe",
              "isHook": false,
              "skipped": false
            },
            {
              "title": "Verifica mensagens de senha menor que 8 dígitos",
              "fullTitle": "Alura Pic Register Verifica mensagens de senha menor que 8 dígitos",
              "timedOut": null,
              "duration": 1312,
              "state": "passed",
              "speed": "fast",
              "pass": true,
              "fail": false,
              "pending": false,
              "context": null,
              "code": "cy.contains('a', 'Register now').click();\ncy.contains('button', 'Register').click();\ncy.contains('button', 'Register').click();\ncy.contains('ap-vmessage', 'Password is required!').should('be.visible');\ncy.get('input[formcontrolname=\"password\"]').type('1234567');\ncy.contains('button', 'Register').click();\ncy.contains('ap-vmessage', 'Mininum length is 8').should('be.visible');",
              "err": {},
              "uuid": "b902268b-6139-422b-bd1f-1d3c051bede4",
              "parentUUID": "56590e74-849f-4c11-a7d2-3cb6abd95dfe",
              "isHook": false,
              "skipped": false
            },
            {
              "title": "Verifica mensagens de Fullname menor que 2 dígitos",
              "fullTitle": "Alura Pic Register Verifica mensagens de Fullname menor que 2 dígitos",
              "timedOut": null,
              "duration": 1276,
              "state": "passed",
              "speed": "fast",
              "pass": true,
              "fail": false,
              "pending": false,
              "context": null,
              "code": "cy.contains('a', 'Register now').click();\ncy.contains('button', 'Register').click();\ncy.contains('button', 'Register').click();\ncy.contains('ap-vmessage', 'Full name is required!').should('be.visible');\ncy.get('input[formcontrolname=\"fullName\"]').type('a');\ncy.contains('button', 'Register').click();\ncy.contains('ap-vmessage', 'Mininum length is 2').should('be.visible');",
              "err": {},
              "uuid": "32443732-ca50-42c0-b267-9b3a1e369183",
              "parentUUID": "56590e74-849f-4c11-a7d2-3cb6abd95dfe",
              "isHook": false,
              "skipped": false
            },
            {
              "title": "Register Valid User",
              "fullTitle": "Alura Pic Register Register Valid User",
              "timedOut": null,
              "duration": 3650,
              "state": "passed",
              "speed": "fast",
              "pass": true,
              "fail": false,
              "pending": false,
              "context": null,
              "code": "cy.register('correctemail@email.com', 'testFullName', 'testusername', 'testPassword');\ncy.contains('.text-success', 'User available').should('be.visible');",
              "err": {},
              "uuid": "e4dd0d96-8168-4f3d-a1e3-7d9c03796574",
              "parentUUID": "56590e74-849f-4c11-a7d2-3cb6abd95dfe",
              "isHook": false,
              "skipped": false
            },
            {
              "title": "Register Taken User",
              "fullTitle": "Alura Pic Register Register Taken User",
              "timedOut": null,
              "duration": 2695,
              "state": "passed",
              "speed": "fast",
              "pass": true,
              "fail": false,
              "pending": false,
              "context": null,
              "code": "cy.register('correctemail@email.com', 'testFullName', 'flavio', 'testPassword');\ncy.contains('.text-danger', 'Username already taken').should('be.visible');",
              "err": {},
              "uuid": "8a08935f-c37f-437d-93af-ce6b2b54c0a7",
              "parentUUID": "56590e74-849f-4c11-a7d2-3cb6abd95dfe",
              "isHook": false,
              "skipped": false
            },
            {
              "title": "New User Register Luke Skywalker",
              "fullTitle": "Alura Pic Register New User Register Luke Skywalker",
              "timedOut": null,
              "duration": 2634,
              "state": "passed",
              "speed": "fast",
              "pass": true,
              "fail": false,
              "pending": false,
              "context": null,
              "code": "cy.contains('a', 'Register now').click();\ncy.contains('button', 'Register').click();\ncy.get('input[formcontrolname=\"email\"]').type(usuario.email);\ncy.get('input[formcontrolname=\"fullName\"]').type(usuario.fullName);\ncy.get('input[formcontrolname=\"userName\"]').type(usuario.userName);\ncy.get('input[formcontrolname=\"password\"]').type(usuario.password);\ncy.contains('button', 'Register').click();",
              "err": {},
              "uuid": "c4d63ba4-728b-4f19-9e76-16661eaa0db9",
              "parentUUID": "56590e74-849f-4c11-a7d2-3cb6abd95dfe",
              "isHook": false,
              "skipped": false
            },
            {
              "title": "New User Register Leia Organa",
              "fullTitle": "Alura Pic Register New User Register Leia Organa",
              "timedOut": null,
              "duration": 2173,
              "state": "passed",
              "speed": "fast",
              "pass": true,
              "fail": false,
              "pending": false,
              "context": null,
              "code": "cy.contains('a', 'Register now').click();\ncy.contains('button', 'Register').click();\ncy.get('input[formcontrolname=\"email\"]').type(usuario.email);\ncy.get('input[formcontrolname=\"fullName\"]').type(usuario.fullName);\ncy.get('input[formcontrolname=\"userName\"]').type(usuario.userName);\ncy.get('input[formcontrolname=\"password\"]').type(usuario.password);\ncy.contains('button', 'Register').click();",
              "err": {},
              "uuid": "0c6c9ad8-9d57-4f07-aca1-bfa8252310b1",
              "parentUUID": "56590e74-849f-4c11-a7d2-3cb6abd95dfe",
              "isHook": false,
              "skipped": false
            },
            {
              "title": "New User Register Anakin Skywalker",
              "fullTitle": "Alura Pic Register New User Register Anakin Skywalker",
              "timedOut": null,
              "duration": 2815,
              "state": "passed",
              "speed": "fast",
              "pass": true,
              "fail": false,
              "pending": false,
              "context": null,
              "code": "cy.contains('a', 'Register now').click();\ncy.contains('button', 'Register').click();\ncy.get('input[formcontrolname=\"email\"]').type(usuario.email);\ncy.get('input[formcontrolname=\"fullName\"]').type(usuario.fullName);\ncy.get('input[formcontrolname=\"userName\"]').type(usuario.userName);\ncy.get('input[formcontrolname=\"password\"]').type(usuario.password);\ncy.contains('button', 'Register').click();",
              "err": {},
              "uuid": "0a1e1eb5-4aa6-401a-a688-ff0b4152647a",
              "parentUUID": "56590e74-849f-4c11-a7d2-3cb6abd95dfe",
              "isHook": false,
              "skipped": false
            }
          ],
          "suites": [],
          "passes": [
            "08f44aff-c9ca-4407-821e-dda69bb73676",
            "1d2b247e-d2e4-4727-a97c-4d8585354c37",
            "b902268b-6139-422b-bd1f-1d3c051bede4",
            "32443732-ca50-42c0-b267-9b3a1e369183",
            "e4dd0d96-8168-4f3d-a1e3-7d9c03796574",
            "8a08935f-c37f-437d-93af-ce6b2b54c0a7",
            "c4d63ba4-728b-4f19-9e76-16661eaa0db9",
            "0c6c9ad8-9d57-4f07-aca1-bfa8252310b1",
            "0a1e1eb5-4aa6-401a-a688-ff0b4152647a"
          ],
          "failures": [],
          "pending": [],
          "skipped": [],
          "duration": 21069,
          "root": false,
          "rootEmpty": false,
          "_timeout": 2000
        }
      ],
      "passes": [],
      "failures": [],
      "pending": [],
      "skipped": [],
      "duration": 0,
      "root": true,
      "rootEmpty": true,
      "_timeout": 2000
    }
  ],
  "meta": {
    "mocha": {
      "version": "7.0.1"
    },
    "mochawesome": {
      "options": {
        "quiet": false,
        "reportFilename": "mochawesome",
        "saveHtml": false,
        "saveJson": true,
        "consoleReporter": "spec",
        "useInlineDiffs": false,
        "code": true
      },
      "version": "7.1.3"
    },
    "marge": {
      "options": {
        "reportDir": "cypress/report/mochawesome-report",
        "overwrite": true,
        "html": false,
        "json": true,
        "timestamp": "mmddyyyy_HHMMss"
      },
      "version": "6.2.0"
    }
  }
}