{
  "stats": {
    "suites": 1,
    "tests": 2,
    "passes": 1,
    "pending": 0,
    "failures": 1,
    "start": "2022-11-10T19:43:29.198Z",
    "end": "2022-11-10T19:43:32.624Z",
    "duration": 3426,
    "testsRegistered": 2,
    "passPercent": 50,
    "pendingPercent": 0,
    "other": 0,
    "hasOther": false,
    "skipped": 0,
    "hasSkipped": false
  },
  "results": [
    {
      "uuid": "1f70f8db-2b4e-463a-b38c-3ffb47557134",
      "title": "",
      "fullFile": "cypress\\e2e\\api-alurapic\\api-alurapic.cy.js",
      "file": "cypress\\e2e\\api-alurapic\\api-alurapic.cy.js",
      "beforeHooks": [],
      "afterHooks": [],
      "tests": [],
      "suites": [
        {
          "uuid": "b73df0a5-3363-4e21-af88-d7dd2c577078",
          "title": "Search photos and data",
          "fullFile": "",
          "file": "",
          "beforeHooks": [],
          "afterHooks": [],
          "tests": [
            {
              "title": "Search Flavio photos",
              "fullTitle": "Search photos and data Search Flavio photos",
              "timedOut": null,
              "duration": 2660,
              "state": "passed",
              "speed": "fast",
              "pass": true,
              "fail": false,
              "pending": false,
              "context": null,
              "code": "cy.request({\n  method: \"GET\",\n  url: \"https://apialurapic.herokuapp.com/flavio/photos\"\n}).then(res => {\n  expect(res.status).to.be.equal(200);\n  expect(res.body).is.not.empty;\n  expect(res.body[0]).to.have.property('description');\n  expect(res.body[0].description).to.be.equal('Farol iluminado');\n});",
              "err": {},
              "uuid": "6201e0c9-58e4-47c4-a53b-4cf407c1bdc5",
              "parentUUID": "b73df0a5-3363-4e21-af88-d7dd2c577078",
              "isHook": false,
              "skipped": false
            },
            {
              "title": "Flavio Login",
              "fullTitle": "Search photos and data Flavio Login",
              "timedOut": null,
              "duration": 482,
              "state": "failed",
              "speed": null,
              "pass": false,
              "fail": true,
              "pending": false,
              "context": null,
              "code": "cy.request({\n  method: 'POST',\n  url: 'https://apialurapic.herokuapp.com/user/login',\n  body: Cypress.env()\n}).then(res => {\n  expect(res.status).to.be.equal(200);\n  expect(res.body).is.not.empty;\n  expect(res.body).to.have.property('id');\n  expect(res.body.id).to.be.equal(1);\n  expect(res.body).to.have.property('name');\n  expect(res.body.name).to.be.equal('flavio');\n  expect(res.body).to.have.property('email');\n  expect(res.body.email).to.be.equal('flavio@alurapic.com.br');\n});",
              "err": {
                "message": "CypressError: `cy.request()` failed on:\n\nhttps://apialurapic.herokuapp.com/user/login\n\nThe response we received from your web server was:\n\n  > 401: Unauthorized\n\nThis was considered a failure because the status code was not `2xx` or `3xx`.\n\nIf you do not want status codes to cause failures pass the option: `failOnStatusCode: false`\n\n-----------------------------------------------------------\n\nThe request we sent was:\n\nMethod: POST\nURL: https://apialurapic.herokuapp.com/user/login\nHeaders: {\n  \"Connection\": \"keep-alive\",\n  \"user-agent\": \"Mozilla/5.0 (Windows NT 10.0; Win64; x64) AppleWebKit/537.36 (KHTML, like Gecko) Cypress/10.11.0 Chrome/106.0.5249.51 Electron/21.0.0 Safari/537.36\",\n  \"accept\": \"*/*\",\n  \"accept-encoding\": \"gzip, deflate\",\n  \"content-type\": \"application/json\",\n  \"content-length\": 90\n}\nBody: {\"CYPRESS_RECORD_KEY\":\"735e75f7-cda1-4a40-ab29-0ae664153365\",\"RECORD_KEY\":\"735e7...53365\"}\n\n-----------------------------------------------------------\n\nThe response we got was:\n\nStatus: 401 - Unauthorized\nHeaders: {\n  \"server\": \"Cowboy\",\n  \"connection\": \"keep-alive\",\n  \"x-powered-by\": \"Express\",\n  \"access-control-allow-origin\": \"*\",\n  \"access-control-expose-headers\": \"x-access-token\",\n  \"content-type\": \"application/json; charset=utf-8\",\n  \"content-length\": \"54\",\n  \"etag\": \"W/\\\"36-2hjXIqkOlEZ7nz9/89y+VnzkWKg\\\"\",\n  \"date\": \"Thu, 10 Nov 2022 19:43:28 GMT\",\n  \"via\": \"1.1 vegur\"\n}\nBody: {\n  \"message\": \"Authentication failed for user undefined\"\n}\n\n\nhttps://on.cypress.io/request",
                "estack": "CypressError: `cy.request()` failed on:\n\nhttps://apialurapic.herokuapp.com/user/login\n\nThe response we received from your web server was:\n\n  > 401: Unauthorized\n\nThis was considered a failure because the status code was not `2xx` or `3xx`.\n\nIf you do not want status codes to cause failures pass the option: `failOnStatusCode: false`\n\n-----------------------------------------------------------\n\nThe request we sent was:\n\nMethod: POST\nURL: https://apialurapic.herokuapp.com/user/login\nHeaders: {\n  \"Connection\": \"keep-alive\",\n  \"user-agent\": \"Mozilla/5.0 (Windows NT 10.0; Win64; x64) AppleWebKit/537.36 (KHTML, like Gecko) Cypress/10.11.0 Chrome/106.0.5249.51 Electron/21.0.0 Safari/537.36\",\n  \"accept\": \"*/*\",\n  \"accept-encoding\": \"gzip, deflate\",\n  \"content-type\": \"application/json\",\n  \"content-length\": 90\n}\nBody: {\"CYPRESS_RECORD_KEY\":\"735e75f7-cda1-4a40-ab29-0ae664153365\",\"RECORD_KEY\":\"735e7...53365\"}\n\n-----------------------------------------------------------\n\nThe response we got was:\n\nStatus: 401 - Unauthorized\nHeaders: {\n  \"server\": \"Cowboy\",\n  \"connection\": \"keep-alive\",\n  \"x-powered-by\": \"Express\",\n  \"access-control-allow-origin\": \"*\",\n  \"access-control-expose-headers\": \"x-access-token\",\n  \"content-type\": \"application/json; charset=utf-8\",\n  \"content-length\": \"54\",\n  \"etag\": \"W/\\\"36-2hjXIqkOlEZ7nz9/89y+VnzkWKg\\\"\",\n  \"date\": \"Thu, 10 Nov 2022 19:43:28 GMT\",\n  \"via\": \"1.1 vegur\"\n}\nBody: {\n  \"message\": \"Authentication failed for user undefined\"\n}\n\n\nhttps://on.cypress.io/request\n    at <unknown> (https://alura-fotos.herokuapp.com/__cypress/runner/cypress_runner.js:144155:80)\n    at tryCatcher (https://alura-fotos.herokuapp.com/__cypress/runner/cypress_runner.js:11318:23)\n    at Promise._settlePromiseFromHandler (https://alura-fotos.herokuapp.com/__cypress/runner/cypress_runner.js:9253:31)\n    at Promise._settlePromise (https://alura-fotos.herokuapp.com/__cypress/runner/cypress_runner.js:9310:18)\n    at Promise._settlePromise0 (https://alura-fotos.herokuapp.com/__cypress/runner/cypress_runner.js:9355:10)\n    at Promise._settlePromises (https://alura-fotos.herokuapp.com/__cypress/runner/cypress_runner.js:9435:18)\n    at _drainQueueStep (https://alura-fotos.herokuapp.com/__cypress/runner/cypress_runner.js:6025:12)\n    at _drainQueue (https://alura-fotos.herokuapp.com/__cypress/runner/cypress_runner.js:6018:9)\n    at ../../node_modules/bluebird/js/release/async.js.Async._drainQueues (https://alura-fotos.herokuapp.com/__cypress/runner/cypress_runner.js:6034:5)\n    at Async.drainQueues (https://alura-fotos.herokuapp.com/__cypress/runner/cypress_runner.js:5904:14)\nFrom Your Spec Code:\n    at Context.eval (webpack:///./cypress/e2e/api-alurapic/api-alurapic.cy.js:17:11)",
                "diff": null
              },
              "uuid": "f9e818bd-593d-45de-8294-917043aa0242",
              "parentUUID": "b73df0a5-3363-4e21-af88-d7dd2c577078",
              "isHook": false,
              "skipped": false
            }
          ],
          "suites": [],
          "passes": [
            "6201e0c9-58e4-47c4-a53b-4cf407c1bdc5"
          ],
          "failures": [
            "f9e818bd-593d-45de-8294-917043aa0242"
          ],
          "pending": [],
          "skipped": [],
          "duration": 3142,
          "root": false,
          "rootEmpty": false,
          "_timeout": 2000
        }
      ],
      "passes": [],
      "failures": [],
      "pending": [],
      "skipped": [],
      "duration": 0,
      "root": true,
      "rootEmpty": true,
      "_timeout": 2000
    }
  ],
  "meta": {
    "mocha": {
      "version": "7.0.1"
    },
    "mochawesome": {
      "options": {
        "quiet": false,
        "reportFilename": "mochawesome",
        "saveHtml": false,
        "saveJson": true,
        "consoleReporter": "spec",
        "useInlineDiffs": false,
        "code": true
      },
      "version": "7.1.3"
    },
    "marge": {
      "options": {
        "reportDir": "cypress/report/mochawesome-report",
        "overwrite": true,
        "html": false,
        "json": true,
        "timestamp": "mmddyyyy_HHMMss"
      },
      "version": "6.2.0"
    }
  }
}