{
  "stats": {
    "suites": 1,
    "tests": 9,
    "passes": 9,
    "pending": 0,
    "failures": 0,
    "start": "2022-11-10T19:42:58.248Z",
    "end": "2022-11-10T19:43:19.687Z",
    "duration": 21439,
    "testsRegistered": 9,
    "passPercent": 100,
    "pendingPercent": 0,
    "other": 0,
    "hasOther": false,
    "skipped": 0,
    "hasSkipped": false
  },
  "results": [
    {
      "uuid": "c5a9ad6b-0760-48ea-9c43-5871142bb91b",
      "title": "",
      "fullFile": "cypress\\e2e\\alura-fotos\\CT01-register.cy.js",
      "file": "cypress\\e2e\\alura-fotos\\CT01-register.cy.js",
      "beforeHooks": [],
      "afterHooks": [],
      "tests": [],
      "suites": [
        {
          "uuid": "1558af7d-200b-4e8a-83d2-3bb54f1be1ec",
          "title": "Alura Pic Register",
          "fullFile": "",
          "file": "",
          "beforeHooks": [],
          "afterHooks": [],
          "tests": [
            {
              "title": "Verifica mensagens de validação",
              "fullTitle": "Alura Pic Register Verifica mensagens de validação",
              "timedOut": null,
              "duration": 2371,
              "state": "passed",
              "speed": "fast",
              "pass": true,
              "fail": false,
              "pending": false,
              "context": null,
              "code": "cy.contains('a', 'Register now').click();\ncy.contains('button', 'Register').click();\ncy.contains('ap-vmessage', 'Email is required!').should('be.visible');\ncy.contains('button', 'Register').click();\ncy.contains('ap-vmessage', 'Full name is required!').should('be.visible');\ncy.contains('ap-vmessage', 'User name is required!').should('be.visible');\ncy.contains('ap-vmessage', 'Password is required!').should('be.visible');",
              "err": {},
              "uuid": "03f23a7e-f8d9-4d83-a74f-f17ded96bc11",
              "parentUUID": "1558af7d-200b-4e8a-83d2-3bb54f1be1ec",
              "isHook": false,
              "skipped": false
            },
            {
              "title": "Verifica mensagens de email inválido",
              "fullTitle": "Alura Pic Register Verifica mensagens de email inválido",
              "timedOut": null,
              "duration": 1344,
              "state": "passed",
              "speed": "fast",
              "pass": true,
              "fail": false,
              "pending": false,
              "context": null,
              "code": "cy.contains('a', 'Register now').click();\ncy.contains('button', 'Register').click();\ncy.contains('ap-vmessage', 'Email is required!').should('be.visible');\ncy.get('input[formcontrolname=\"email\"]').type('renato');\ncy.contains('ap-vmessage', 'Invalid e-mail').should('be.visible');",
              "err": {},
              "uuid": "d47f10d6-3548-4295-b26f-3cb187f04693",
              "parentUUID": "1558af7d-200b-4e8a-83d2-3bb54f1be1ec",
              "isHook": false,
              "skipped": false
            },
            {
              "title": "Verifica mensagens de senha menor que 8 dígitos",
              "fullTitle": "Alura Pic Register Verifica mensagens de senha menor que 8 dígitos",
              "timedOut": null,
              "duration": 1480,
              "state": "passed",
              "speed": "fast",
              "pass": true,
              "fail": false,
              "pending": false,
              "context": null,
              "code": "cy.contains('a', 'Register now').click();\ncy.contains('button', 'Register').click();\ncy.contains('button', 'Register').click();\ncy.contains('ap-vmessage', 'Password is required!').should('be.visible');\ncy.get('input[formcontrolname=\"password\"]').type('1234567');\ncy.contains('button', 'Register').click();\ncy.contains('ap-vmessage', 'Mininum length is 8').should('be.visible');",
              "err": {},
              "uuid": "28a5649f-55e6-451e-a2b1-b581f26b1bda",
              "parentUUID": "1558af7d-200b-4e8a-83d2-3bb54f1be1ec",
              "isHook": false,
              "skipped": false
            },
            {
              "title": "Verifica mensagens de Fullname menor que 2 dígitos",
              "fullTitle": "Alura Pic Register Verifica mensagens de Fullname menor que 2 dígitos",
              "timedOut": null,
              "duration": 1715,
              "state": "passed",
              "speed": "fast",
              "pass": true,
              "fail": false,
              "pending": false,
              "context": null,
              "code": "cy.contains('a', 'Register now').click();\ncy.contains('button', 'Register').click();\ncy.contains('button', 'Register').click();\ncy.contains('ap-vmessage', 'Full name is required!').should('be.visible');\ncy.get('input[formcontrolname=\"fullName\"]').type('a');\ncy.contains('button', 'Register').click();\ncy.contains('ap-vmessage', 'Mininum length is 2').should('be.visible');",
              "err": {},
              "uuid": "33eeddca-f36f-4a1c-a743-aa96d70e33bd",
              "parentUUID": "1558af7d-200b-4e8a-83d2-3bb54f1be1ec",
              "isHook": false,
              "skipped": false
            },
            {
              "title": "Register Valid User",
              "fullTitle": "Alura Pic Register Register Valid User",
              "timedOut": null,
              "duration": 2687,
              "state": "passed",
              "speed": "fast",
              "pass": true,
              "fail": false,
              "pending": false,
              "context": null,
              "code": "cy.register('correctemail@email.com', 'testFullName', 'testusername', 'testPassword');\ncy.contains('.text-success', 'User available').should('be.visible');",
              "err": {},
              "uuid": "d2c1a5ba-a951-4aac-a20c-1d783e8260ed",
              "parentUUID": "1558af7d-200b-4e8a-83d2-3bb54f1be1ec",
              "isHook": false,
              "skipped": false
            },
            {
              "title": "Register Taken User",
              "fullTitle": "Alura Pic Register Register Taken User",
              "timedOut": null,
              "duration": 3335,
              "state": "passed",
              "speed": "fast",
              "pass": true,
              "fail": false,
              "pending": false,
              "context": null,
              "code": "cy.register('correctemail@email.com', 'testFullName', 'flavio', 'testPassword');\ncy.contains('.text-danger', 'Username already taken').should('be.visible');",
              "err": {},
              "uuid": "b30edfc2-71d6-4e5d-a322-28fbd33e2107",
              "parentUUID": "1558af7d-200b-4e8a-83d2-3bb54f1be1ec",
              "isHook": false,
              "skipped": false
            },
            {
              "title": "New User Register Luke Skywalker",
              "fullTitle": "Alura Pic Register New User Register Luke Skywalker",
              "timedOut": null,
              "duration": 2366,
              "state": "passed",
              "speed": "fast",
              "pass": true,
              "fail": false,
              "pending": false,
              "context": null,
              "code": "cy.contains('a', 'Register now').click();\ncy.contains('button', 'Register').click();\ncy.get('input[formcontrolname=\"email\"]').type(usuario.email);\ncy.get('input[formcontrolname=\"fullName\"]').type(usuario.fullName);\ncy.get('input[formcontrolname=\"userName\"]').type(usuario.userName);\ncy.get('input[formcontrolname=\"password\"]').type(usuario.password);\ncy.contains('button', 'Register').click();",
              "err": {},
              "uuid": "c3d376d0-fcd5-46d9-80b8-0403b0cec423",
              "parentUUID": "1558af7d-200b-4e8a-83d2-3bb54f1be1ec",
              "isHook": false,
              "skipped": false
            },
            {
              "title": "New User Register Leia Organa",
              "fullTitle": "Alura Pic Register New User Register Leia Organa",
              "timedOut": null,
              "duration": 2856,
              "state": "passed",
              "speed": "fast",
              "pass": true,
              "fail": false,
              "pending": false,
              "context": null,
              "code": "cy.contains('a', 'Register now').click();\ncy.contains('button', 'Register').click();\ncy.get('input[formcontrolname=\"email\"]').type(usuario.email);\ncy.get('input[formcontrolname=\"fullName\"]').type(usuario.fullName);\ncy.get('input[formcontrolname=\"userName\"]').type(usuario.userName);\ncy.get('input[formcontrolname=\"password\"]').type(usuario.password);\ncy.contains('button', 'Register').click();",
              "err": {},
              "uuid": "a83d9123-25f5-4d16-b1be-2c0aeb427f88",
              "parentUUID": "1558af7d-200b-4e8a-83d2-3bb54f1be1ec",
              "isHook": false,
              "skipped": false
            },
            {
              "title": "New User Register Anakin Skywalker",
              "fullTitle": "Alura Pic Register New User Register Anakin Skywalker",
              "timedOut": null,
              "duration": 3091,
              "state": "passed",
              "speed": "fast",
              "pass": true,
              "fail": false,
              "pending": false,
              "context": null,
              "code": "cy.contains('a', 'Register now').click();\ncy.contains('button', 'Register').click();\ncy.get('input[formcontrolname=\"email\"]').type(usuario.email);\ncy.get('input[formcontrolname=\"fullName\"]').type(usuario.fullName);\ncy.get('input[formcontrolname=\"userName\"]').type(usuario.userName);\ncy.get('input[formcontrolname=\"password\"]').type(usuario.password);\ncy.contains('button', 'Register').click();",
              "err": {},
              "uuid": "15c1e31e-d402-4a2d-95d5-f100582ad8b3",
              "parentUUID": "1558af7d-200b-4e8a-83d2-3bb54f1be1ec",
              "isHook": false,
              "skipped": false
            }
          ],
          "suites": [],
          "passes": [
            "03f23a7e-f8d9-4d83-a74f-f17ded96bc11",
            "d47f10d6-3548-4295-b26f-3cb187f04693",
            "28a5649f-55e6-451e-a2b1-b581f26b1bda",
            "33eeddca-f36f-4a1c-a743-aa96d70e33bd",
            "d2c1a5ba-a951-4aac-a20c-1d783e8260ed",
            "b30edfc2-71d6-4e5d-a322-28fbd33e2107",
            "c3d376d0-fcd5-46d9-80b8-0403b0cec423",
            "a83d9123-25f5-4d16-b1be-2c0aeb427f88",
            "15c1e31e-d402-4a2d-95d5-f100582ad8b3"
          ],
          "failures": [],
          "pending": [],
          "skipped": [],
          "duration": 21245,
          "root": false,
          "rootEmpty": false,
          "_timeout": 2000
        }
      ],
      "passes": [],
      "failures": [],
      "pending": [],
      "skipped": [],
      "duration": 0,
      "root": true,
      "rootEmpty": true,
      "_timeout": 2000
    }
  ],
  "meta": {
    "mocha": {
      "version": "7.0.1"
    },
    "mochawesome": {
      "options": {
        "quiet": false,
        "reportFilename": "mochawesome",
        "saveHtml": false,
        "saveJson": true,
        "consoleReporter": "spec",
        "useInlineDiffs": false,
        "code": true
      },
      "version": "7.1.3"
    },
    "marge": {
      "options": {
        "reportDir": "cypress/report/mochawesome-report",
        "overwrite": true,
        "html": false,
        "json": true,
        "timestamp": "mmddyyyy_HHMMss"
      },
      "version": "6.2.0"
    }
  }
}