{
  "stats": {
    "suites": 1,
    "tests": 9,
    "passes": 9,
    "pending": 0,
    "failures": 0,
    "start": "2022-11-09T23:54:34.396Z",
    "end": "2022-11-09T23:54:59.173Z",
    "duration": 24777,
    "testsRegistered": 9,
    "passPercent": 100,
    "pendingPercent": 0,
    "other": 0,
    "hasOther": false,
    "skipped": 0,
    "hasSkipped": false
  },
  "results": [
    {
      "uuid": "ff872b42-cb78-4bbc-a852-bb68c99e5e29",
      "title": "",
      "fullFile": "cypress\\e2e\\alura-fotos\\CT01-register.cy.js",
      "file": "cypress\\e2e\\alura-fotos\\CT01-register.cy.js",
      "beforeHooks": [],
      "afterHooks": [],
      "tests": [],
      "suites": [
        {
          "uuid": "0606fbe0-878c-433b-8e7c-d77444a0dcd3",
          "title": "Alura Pic Register",
          "fullFile": "",
          "file": "",
          "beforeHooks": [],
          "afterHooks": [],
          "tests": [
            {
              "title": "Verifica mensagens de validação",
              "fullTitle": "Alura Pic Register Verifica mensagens de validação",
              "timedOut": null,
              "duration": 2311,
              "state": "passed",
              "speed": "fast",
              "pass": true,
              "fail": false,
              "pending": false,
              "context": null,
              "code": "cy.contains('a', 'Register now').click();\ncy.contains('button', 'Register').click();\ncy.contains('ap-vmessage', 'Email is required!').should('be.visible');\ncy.contains('button', 'Register').click();\ncy.contains('ap-vmessage', 'Full name is required!').should('be.visible');\ncy.contains('ap-vmessage', 'User name is required!').should('be.visible');\ncy.contains('ap-vmessage', 'Password is required!').should('be.visible');",
              "err": {},
              "uuid": "ea239fb1-a58c-4e25-b4cc-3c693cb4f0b7",
              "parentUUID": "0606fbe0-878c-433b-8e7c-d77444a0dcd3",
              "isHook": false,
              "skipped": false
            },
            {
              "title": "Verifica mensagens de email inválido",
              "fullTitle": "Alura Pic Register Verifica mensagens de email inválido",
              "timedOut": null,
              "duration": 1440,
              "state": "passed",
              "speed": "fast",
              "pass": true,
              "fail": false,
              "pending": false,
              "context": null,
              "code": "cy.contains('a', 'Register now').click();\ncy.contains('button', 'Register').click();\ncy.contains('ap-vmessage', 'Email is required!').should('be.visible');\ncy.get('input[formcontrolname=\"email\"]').type('renato');\ncy.contains('ap-vmessage', 'Invalid e-mail').should('be.visible');",
              "err": {},
              "uuid": "528e6928-dc2b-4f72-8ef4-336858c820b9",
              "parentUUID": "0606fbe0-878c-433b-8e7c-d77444a0dcd3",
              "isHook": false,
              "skipped": false
            },
            {
              "title": "Verifica mensagens de senha menor que 8 dígitos",
              "fullTitle": "Alura Pic Register Verifica mensagens de senha menor que 8 dígitos",
              "timedOut": null,
              "duration": 2369,
              "state": "passed",
              "speed": "fast",
              "pass": true,
              "fail": false,
              "pending": false,
              "context": null,
              "code": "cy.contains('a', 'Register now').click();\ncy.contains('button', 'Register').click();\ncy.contains('button', 'Register').click();\ncy.contains('ap-vmessage', 'Password is required!').should('be.visible');\ncy.get('input[formcontrolname=\"password\"]').type('1234567');\ncy.contains('button', 'Register').click();\ncy.contains('ap-vmessage', 'Mininum length is 8').should('be.visible');",
              "err": {},
              "uuid": "556cdf27-07bb-4c34-bcdc-532436c888ea",
              "parentUUID": "0606fbe0-878c-433b-8e7c-d77444a0dcd3",
              "isHook": false,
              "skipped": false
            },
            {
              "title": "Verifica mensagens de Fullname menor que 2 dígitos",
              "fullTitle": "Alura Pic Register Verifica mensagens de Fullname menor que 2 dígitos",
              "timedOut": null,
              "duration": 1412,
              "state": "passed",
              "speed": "fast",
              "pass": true,
              "fail": false,
              "pending": false,
              "context": null,
              "code": "cy.contains('a', 'Register now').click();\ncy.contains('button', 'Register').click();\ncy.contains('button', 'Register').click();\ncy.contains('ap-vmessage', 'Full name is required!').should('be.visible');\ncy.get('input[formcontrolname=\"fullName\"]').type('a');\ncy.contains('button', 'Register').click();\ncy.contains('ap-vmessage', 'Mininum length is 2').should('be.visible');",
              "err": {},
              "uuid": "fd71e1df-fa5d-44d6-963a-79b7b75bb5af",
              "parentUUID": "0606fbe0-878c-433b-8e7c-d77444a0dcd3",
              "isHook": false,
              "skipped": false
            },
            {
              "title": "Register Valid User",
              "fullTitle": "Alura Pic Register Register Valid User",
              "timedOut": null,
              "duration": 3020,
              "state": "passed",
              "speed": "fast",
              "pass": true,
              "fail": false,
              "pending": false,
              "context": null,
              "code": "cy.register('correctemail@email.com', 'testFullName', 'testusername', 'testPassword');\ncy.contains('.text-success', 'User available').should('be.visible');",
              "err": {},
              "uuid": "7525d588-27b2-46bc-bcbe-39504539797c",
              "parentUUID": "0606fbe0-878c-433b-8e7c-d77444a0dcd3",
              "isHook": false,
              "skipped": false
            },
            {
              "title": "Register Taken User",
              "fullTitle": "Alura Pic Register Register Taken User",
              "timedOut": null,
              "duration": 3566,
              "state": "passed",
              "speed": "fast",
              "pass": true,
              "fail": false,
              "pending": false,
              "context": null,
              "code": "cy.register('correctemail@email.com', 'testFullName', 'flavio', 'testPassword');\ncy.contains('.text-danger', 'Username already taken').should('be.visible');",
              "err": {},
              "uuid": "0f7679ca-8349-484b-a673-547f80837db0",
              "parentUUID": "0606fbe0-878c-433b-8e7c-d77444a0dcd3",
              "isHook": false,
              "skipped": false
            },
            {
              "title": "New User Register Luke Skywalker",
              "fullTitle": "Alura Pic Register New User Register Luke Skywalker",
              "timedOut": null,
              "duration": 2678,
              "state": "passed",
              "speed": "fast",
              "pass": true,
              "fail": false,
              "pending": false,
              "context": null,
              "code": "cy.contains('a', 'Register now').click();\ncy.contains('button', 'Register').click();\ncy.get('input[formcontrolname=\"email\"]').type(usuario.email);\ncy.get('input[formcontrolname=\"fullName\"]').type(usuario.fullName);\ncy.get('input[formcontrolname=\"userName\"]').type(usuario.userName);\ncy.get('input[formcontrolname=\"password\"]').type(usuario.password);\ncy.contains('button', 'Register').click();",
              "err": {},
              "uuid": "a0801ce9-393c-48fc-8504-20a3097ba240",
              "parentUUID": "0606fbe0-878c-433b-8e7c-d77444a0dcd3",
              "isHook": false,
              "skipped": false
            },
            {
              "title": "New User Register Leia Organa",
              "fullTitle": "Alura Pic Register New User Register Leia Organa",
              "timedOut": null,
              "duration": 2692,
              "state": "passed",
              "speed": "fast",
              "pass": true,
              "fail": false,
              "pending": false,
              "context": null,
              "code": "cy.contains('a', 'Register now').click();\ncy.contains('button', 'Register').click();\ncy.get('input[formcontrolname=\"email\"]').type(usuario.email);\ncy.get('input[formcontrolname=\"fullName\"]').type(usuario.fullName);\ncy.get('input[formcontrolname=\"userName\"]').type(usuario.userName);\ncy.get('input[formcontrolname=\"password\"]').type(usuario.password);\ncy.contains('button', 'Register').click();",
              "err": {},
              "uuid": "545b89cc-7fad-4641-9f04-5250534f7c30",
              "parentUUID": "0606fbe0-878c-433b-8e7c-d77444a0dcd3",
              "isHook": false,
              "skipped": false
            },
            {
              "title": "New User Register Anakin Skywalker",
              "fullTitle": "Alura Pic Register New User Register Anakin Skywalker",
              "timedOut": null,
              "duration": 3506,
              "state": "passed",
              "speed": "fast",
              "pass": true,
              "fail": false,
              "pending": false,
              "context": null,
              "code": "cy.contains('a', 'Register now').click();\ncy.contains('button', 'Register').click();\ncy.get('input[formcontrolname=\"email\"]').type(usuario.email);\ncy.get('input[formcontrolname=\"fullName\"]').type(usuario.fullName);\ncy.get('input[formcontrolname=\"userName\"]').type(usuario.userName);\ncy.get('input[formcontrolname=\"password\"]').type(usuario.password);\ncy.contains('button', 'Register').click();",
              "err": {},
              "uuid": "217150e2-dc1c-4984-8ec0-b034bfd1d7f0",
              "parentUUID": "0606fbe0-878c-433b-8e7c-d77444a0dcd3",
              "isHook": false,
              "skipped": false
            }
          ],
          "suites": [],
          "passes": [
            "ea239fb1-a58c-4e25-b4cc-3c693cb4f0b7",
            "528e6928-dc2b-4f72-8ef4-336858c820b9",
            "556cdf27-07bb-4c34-bcdc-532436c888ea",
            "fd71e1df-fa5d-44d6-963a-79b7b75bb5af",
            "7525d588-27b2-46bc-bcbe-39504539797c",
            "0f7679ca-8349-484b-a673-547f80837db0",
            "a0801ce9-393c-48fc-8504-20a3097ba240",
            "545b89cc-7fad-4641-9f04-5250534f7c30",
            "217150e2-dc1c-4984-8ec0-b034bfd1d7f0"
          ],
          "failures": [],
          "pending": [],
          "skipped": [],
          "duration": 22994,
          "root": false,
          "rootEmpty": false,
          "_timeout": 2000
        }
      ],
      "passes": [],
      "failures": [],
      "pending": [],
      "skipped": [],
      "duration": 0,
      "root": true,
      "rootEmpty": true,
      "_timeout": 2000
    }
  ],
  "meta": {
    "mocha": {
      "version": "7.0.1"
    },
    "mochawesome": {
      "options": {
        "quiet": false,
        "reportFilename": "mochawesome",
        "saveHtml": false,
        "saveJson": true,
        "consoleReporter": "spec",
        "useInlineDiffs": false,
        "code": true
      },
      "version": "7.1.3"
    },
    "marge": {
      "options": {
        "reportDir": "cypress/report/mochawesome-report",
        "overwrite": true,
        "html": false,
        "json": true,
        "timestamp": "mmddyyyy_HHMMss"
      },
      "version": "6.2.0"
    }
  }
}