{
  "stats": {
    "suites": 1,
    "tests": 9,
    "passes": 9,
    "pending": 0,
    "failures": 0,
    "start": "2022-11-09T23:24:17.794Z",
    "end": "2022-11-09T23:24:42.472Z",
    "duration": 24678,
    "testsRegistered": 9,
    "passPercent": 100,
    "pendingPercent": 0,
    "other": 0,
    "hasOther": false,
    "skipped": 0,
    "hasSkipped": false
  },
  "results": [
    {
      "uuid": "d3ea7155-9f56-4e3d-9238-033bf2bf21a2",
      "title": "",
      "fullFile": "cypress\\e2e\\alura-fotos\\CT01-register.cy.js",
      "file": "cypress\\e2e\\alura-fotos\\CT01-register.cy.js",
      "beforeHooks": [],
      "afterHooks": [],
      "tests": [],
      "suites": [
        {
          "uuid": "90fff083-0e34-4443-8964-414f24c0a26d",
          "title": "Alura Pic Register",
          "fullFile": "",
          "file": "",
          "beforeHooks": [],
          "afterHooks": [],
          "tests": [
            {
              "title": "Verifica mensagens de validação",
              "fullTitle": "Alura Pic Register Verifica mensagens de validação",
              "timedOut": null,
              "duration": 2754,
              "state": "passed",
              "speed": "fast",
              "pass": true,
              "fail": false,
              "pending": false,
              "context": null,
              "code": "cy.contains('a', 'Register now').click();\ncy.contains('button', 'Register').click();\ncy.contains('ap-vmessage', 'Email is required!').should('be.visible');\ncy.contains('button', 'Register').click();\ncy.contains('ap-vmessage', 'Full name is required!').should('be.visible');\ncy.contains('ap-vmessage', 'User name is required!').should('be.visible');\ncy.contains('ap-vmessage', 'Password is required!').should('be.visible');",
              "err": {},
              "uuid": "80e46cdc-a170-4474-8410-1c84b3165ed9",
              "parentUUID": "90fff083-0e34-4443-8964-414f24c0a26d",
              "isHook": false,
              "skipped": false
            },
            {
              "title": "Verifica mensagens de email inválido",
              "fullTitle": "Alura Pic Register Verifica mensagens de email inválido",
              "timedOut": null,
              "duration": 1442,
              "state": "passed",
              "speed": "fast",
              "pass": true,
              "fail": false,
              "pending": false,
              "context": null,
              "code": "cy.contains('a', 'Register now').click();\ncy.contains('button', 'Register').click();\ncy.contains('ap-vmessage', 'Email is required!').should('be.visible');\ncy.get('input[formcontrolname=\"email\"]').type('renato');\ncy.contains('ap-vmessage', 'Invalid e-mail').should('be.visible');",
              "err": {},
              "uuid": "5ba03317-d31f-474f-bd21-7e39819ed619",
              "parentUUID": "90fff083-0e34-4443-8964-414f24c0a26d",
              "isHook": false,
              "skipped": false
            },
            {
              "title": "Verifica mensagens de senha menor que 8 dígitos",
              "fullTitle": "Alura Pic Register Verifica mensagens de senha menor que 8 dígitos",
              "timedOut": null,
              "duration": 1930,
              "state": "passed",
              "speed": "fast",
              "pass": true,
              "fail": false,
              "pending": false,
              "context": null,
              "code": "cy.contains('a', 'Register now').click();\ncy.contains('button', 'Register').click();\ncy.contains('button', 'Register').click();\ncy.contains('ap-vmessage', 'Password is required!').should('be.visible');\ncy.get('input[formcontrolname=\"password\"]').type('1234567');\ncy.contains('button', 'Register').click();\ncy.contains('ap-vmessage', 'Mininum length is 8').should('be.visible');",
              "err": {},
              "uuid": "08ac4cb5-8cac-49c4-8e48-189cc8c1bf3e",
              "parentUUID": "90fff083-0e34-4443-8964-414f24c0a26d",
              "isHook": false,
              "skipped": false
            },
            {
              "title": "Verifica mensagens de Fullname menor que 2 dígitos",
              "fullTitle": "Alura Pic Register Verifica mensagens de Fullname menor que 2 dígitos",
              "timedOut": null,
              "duration": 1742,
              "state": "passed",
              "speed": "fast",
              "pass": true,
              "fail": false,
              "pending": false,
              "context": null,
              "code": "cy.contains('a', 'Register now').click();\ncy.contains('button', 'Register').click();\ncy.contains('button', 'Register').click();\ncy.contains('ap-vmessage', 'Full name is required!').should('be.visible');\ncy.get('input[formcontrolname=\"fullName\"]').type('a');\ncy.contains('button', 'Register').click();\ncy.contains('ap-vmessage', 'Mininum length is 2').should('be.visible');",
              "err": {},
              "uuid": "8d8dec11-526e-431e-9b9d-623274ed673f",
              "parentUUID": "90fff083-0e34-4443-8964-414f24c0a26d",
              "isHook": false,
              "skipped": false
            },
            {
              "title": "Register Valid User",
              "fullTitle": "Alura Pic Register Register Valid User",
              "timedOut": null,
              "duration": 2959,
              "state": "passed",
              "speed": "fast",
              "pass": true,
              "fail": false,
              "pending": false,
              "context": null,
              "code": "cy.register('correctemail@email.com', 'testFullName', 'testusername', 'testPassword');\ncy.contains('.text-success', 'User available').should('be.visible');",
              "err": {},
              "uuid": "307d6bf8-fa7b-4b65-9773-bffd80c75bb9",
              "parentUUID": "90fff083-0e34-4443-8964-414f24c0a26d",
              "isHook": false,
              "skipped": false
            },
            {
              "title": "Register Taken User",
              "fullTitle": "Alura Pic Register Register Taken User",
              "timedOut": null,
              "duration": 3122,
              "state": "passed",
              "speed": "fast",
              "pass": true,
              "fail": false,
              "pending": false,
              "context": null,
              "code": "cy.register('correctemail@email.com', 'testFullName', 'flavio', 'testPassword');\ncy.contains('.text-danger', 'Username already taken').should('be.visible');",
              "err": {},
              "uuid": "d5c01ac5-3d3b-4497-a2d6-fbe70f3642e9",
              "parentUUID": "90fff083-0e34-4443-8964-414f24c0a26d",
              "isHook": false,
              "skipped": false
            },
            {
              "title": "New User Register Luke Skywalker",
              "fullTitle": "Alura Pic Register New User Register Luke Skywalker",
              "timedOut": null,
              "duration": 2606,
              "state": "passed",
              "speed": "fast",
              "pass": true,
              "fail": false,
              "pending": false,
              "context": null,
              "code": "cy.contains('a', 'Register now').click();\ncy.contains('button', 'Register').click();\ncy.get('input[formcontrolname=\"email\"]').type(usuario.email);\ncy.get('input[formcontrolname=\"fullName\"]').type(usuario.fullName);\ncy.get('input[formcontrolname=\"userName\"]').type(usuario.userName);\ncy.get('input[formcontrolname=\"password\"]').type(usuario.password);\ncy.contains('button', 'Register').click();",
              "err": {},
              "uuid": "ccd6c462-a330-4015-a57a-4fbe8d38db82",
              "parentUUID": "90fff083-0e34-4443-8964-414f24c0a26d",
              "isHook": false,
              "skipped": false
            },
            {
              "title": "New User Register Leia Organa",
              "fullTitle": "Alura Pic Register New User Register Leia Organa",
              "timedOut": null,
              "duration": 3137,
              "state": "passed",
              "speed": "fast",
              "pass": true,
              "fail": false,
              "pending": false,
              "context": null,
              "code": "cy.contains('a', 'Register now').click();\ncy.contains('button', 'Register').click();\ncy.get('input[formcontrolname=\"email\"]').type(usuario.email);\ncy.get('input[formcontrolname=\"fullName\"]').type(usuario.fullName);\ncy.get('input[formcontrolname=\"userName\"]').type(usuario.userName);\ncy.get('input[formcontrolname=\"password\"]').type(usuario.password);\ncy.contains('button', 'Register').click();",
              "err": {},
              "uuid": "9de5b6b8-9462-46f6-bd05-66837bd8fc39",
              "parentUUID": "90fff083-0e34-4443-8964-414f24c0a26d",
              "isHook": false,
              "skipped": false
            },
            {
              "title": "New User Register Anakin Skywalker",
              "fullTitle": "Alura Pic Register New User Register Anakin Skywalker",
              "timedOut": null,
              "duration": 3017,
              "state": "passed",
              "speed": "fast",
              "pass": true,
              "fail": false,
              "pending": false,
              "context": null,
              "code": "cy.contains('a', 'Register now').click();\ncy.contains('button', 'Register').click();\ncy.get('input[formcontrolname=\"email\"]').type(usuario.email);\ncy.get('input[formcontrolname=\"fullName\"]').type(usuario.fullName);\ncy.get('input[formcontrolname=\"userName\"]').type(usuario.userName);\ncy.get('input[formcontrolname=\"password\"]').type(usuario.password);\ncy.contains('button', 'Register').click();",
              "err": {},
              "uuid": "b0a6e899-57d5-4307-a96a-4b07dfed81ae",
              "parentUUID": "90fff083-0e34-4443-8964-414f24c0a26d",
              "isHook": false,
              "skipped": false
            }
          ],
          "suites": [],
          "passes": [
            "80e46cdc-a170-4474-8410-1c84b3165ed9",
            "5ba03317-d31f-474f-bd21-7e39819ed619",
            "08ac4cb5-8cac-49c4-8e48-189cc8c1bf3e",
            "8d8dec11-526e-431e-9b9d-623274ed673f",
            "307d6bf8-fa7b-4b65-9773-bffd80c75bb9",
            "d5c01ac5-3d3b-4497-a2d6-fbe70f3642e9",
            "ccd6c462-a330-4015-a57a-4fbe8d38db82",
            "9de5b6b8-9462-46f6-bd05-66837bd8fc39",
            "b0a6e899-57d5-4307-a96a-4b07dfed81ae"
          ],
          "failures": [],
          "pending": [],
          "skipped": [],
          "duration": 22709,
          "root": false,
          "rootEmpty": false,
          "_timeout": 2000
        }
      ],
      "passes": [],
      "failures": [],
      "pending": [],
      "skipped": [],
      "duration": 0,
      "root": true,
      "rootEmpty": true,
      "_timeout": 2000
    }
  ],
  "meta": {
    "mocha": {
      "version": "7.0.1"
    },
    "mochawesome": {
      "options": {
        "quiet": false,
        "reportFilename": "mochawesome",
        "saveHtml": false,
        "saveJson": true,
        "consoleReporter": "spec",
        "useInlineDiffs": false,
        "code": true
      },
      "version": "7.1.3"
    },
    "marge": {
      "options": {
        "reportDir": "cypress/report/mochawesome-report",
        "overwrite": true,
        "html": false,
        "json": true,
        "timestamp": "mmddyyyy_HHMMss"
      },
      "version": "6.2.0"
    }
  }
}