{
  "stats": {
    "suites": 1,
    "tests": 2,
    "passes": 2,
    "pending": 0,
    "failures": 0,
    "start": "2022-11-10T01:34:37.329Z",
    "end": "2022-11-10T01:34:48.102Z",
    "duration": 10773,
    "testsRegistered": 2,
    "passPercent": 100,
    "pendingPercent": 0,
    "other": 0,
    "hasOther": false,
    "skipped": 0,
    "hasSkipped": false
  },
  "results": [
    {
      "uuid": "4679909d-1773-452f-a18f-1b2d4de1f66d",
      "title": "",
      "fullFile": "cypress\\e2e\\alura-fotos\\CT01-login.cy.js",
      "file": "cypress\\e2e\\alura-fotos\\CT01-login.cy.js",
      "beforeHooks": [],
      "afterHooks": [],
      "tests": [],
      "suites": [
        {
          "uuid": "9fe7b3ea-8d0b-44d6-8c00-2da915e36a84",
          "title": "Alura Pic Login",
          "fullFile": "",
          "file": "",
          "beforeHooks": [],
          "afterHooks": [],
          "tests": [
            {
              "title": "Fazer login de usuário válido",
              "fullTitle": "Alura Pic Login Fazer login de usuário válido",
              "timedOut": null,
              "duration": 5487,
              "state": "passed",
              "speed": "medium",
              "pass": true,
              "fail": false,
              "pending": false,
              "context": null,
              "code": "cy.login('flavio', '123');\ncy.contains('a', '(Logout').should('be.visible');",
              "err": {},
              "uuid": "7005eada-0db3-471e-9a1c-5d4686c21bac",
              "parentUUID": "9fe7b3ea-8d0b-44d6-8c00-2da915e36a84",
              "isHook": false,
              "skipped": false
            },
            {
              "title": "Fazer login de usuário inválido",
              "fullTitle": "Alura Pic Login Fazer login de usuário inválido",
              "timedOut": null,
              "duration": 1879,
              "state": "passed",
              "speed": "fast",
              "pass": true,
              "fail": false,
              "pending": false,
              "context": null,
              "code": "cy.login('jacqueline', '1234');\ncy.on('window:alert', str => {\n  expect(str).to.equal('Invalid user name or password');\n});",
              "err": {},
              "uuid": "f37e406d-f3c1-4ab2-8287-de5381d74c95",
              "parentUUID": "9fe7b3ea-8d0b-44d6-8c00-2da915e36a84",
              "isHook": false,
              "skipped": false
            }
          ],
          "suites": [],
          "passes": [
            "7005eada-0db3-471e-9a1c-5d4686c21bac",
            "f37e406d-f3c1-4ab2-8287-de5381d74c95"
          ],
          "failures": [],
          "pending": [],
          "skipped": [],
          "duration": 7366,
          "root": false,
          "rootEmpty": false,
          "_timeout": 2000
        }
      ],
      "passes": [],
      "failures": [],
      "pending": [],
      "skipped": [],
      "duration": 0,
      "root": true,
      "rootEmpty": true,
      "_timeout": 2000
    }
  ],
  "meta": {
    "mocha": {
      "version": "7.0.1"
    },
    "mochawesome": {
      "options": {
        "quiet": false,
        "reportFilename": "mochawesome",
        "saveHtml": false,
        "saveJson": true,
        "consoleReporter": "spec",
        "useInlineDiffs": false,
        "code": true
      },
      "version": "7.1.3"
    },
    "marge": {
      "options": {
        "reportDir": "cypress/report/mochawesome-report",
        "overwrite": true,
        "html": false,
        "json": true,
        "timestamp": "mmddyyyy_HHMMss"
      },
      "version": "6.2.0"
    }
  }
}