{
  "stats": {
    "suites": 1,
    "tests": 1,
    "passes": 0,
    "pending": 0,
    "failures": 1,
    "start": "2022-11-10T17:59:29.618Z",
    "end": "2022-11-10T17:59:30.684Z",
    "duration": 1066,
    "testsRegistered": 1,
    "passPercent": 0,
    "pendingPercent": 0,
    "other": 0,
    "hasOther": false,
    "skipped": 0,
    "hasSkipped": false
  },
  "results": [
    {
      "uuid": "dce4392e-1a2b-4b7c-ad3d-b0070cc78937",
      "title": "",
      "fullFile": "cypress\\e2e\\api-alurapic\\api-alurapic.cy.js",
      "file": "cypress\\e2e\\api-alurapic\\api-alurapic.cy.js",
      "beforeHooks": [],
      "afterHooks": [],
      "tests": [],
      "suites": [
        {
          "uuid": "2d40ca0e-60c9-44ad-9094-afeac89016b5",
          "title": "Search photos and data",
          "fullFile": "",
          "file": "",
          "beforeHooks": [],
          "afterHooks": [],
          "tests": [
            {
              "title": "Flavio Login",
              "fullTitle": "Search photos and data Flavio Login",
              "timedOut": null,
              "duration": 977,
              "state": "failed",
              "speed": null,
              "pass": false,
              "fail": true,
              "pending": false,
              "context": null,
              "code": "cy.request({\n  method: 'POST',\n  url: 'https://apialurapic.herokuapp.com/user/login',\n  body: Cypress.env()\n}).then(res => {\n  expect(res.status).to.be.equal(200);\n  expect(res.body).is.not.empty;\n  expect(res.body).to.have.property('id');\n  expect(res.body.id).to.be.equal(1);\n  expect(res.body).to.have.property('name');\n  expect(res.body.name).to.be.equal('flavio');\n  expect(res.body).to.have.property('email');\n  expect(res.body.email).to.be.equal('flavio@alurapic.com.br');\n});",
              "err": {
                "message": "CypressError: `cy.request()` failed on:\n\nhttps://apialurapic.herokuapp.com/user/login\n\nThe response we received from your web server was:\n\n  > 401: Unauthorized\n\nThis was considered a failure because the status code was not `2xx` or `3xx`.\n\nIf you do not want status codes to cause failures pass the option: `failOnStatusCode: false`\n\n-----------------------------------------------------------\n\nThe request we sent was:\n\nMethod: POST\nURL: https://apialurapic.herokuapp.com/user/login\nHeaders: {\n  \"Connection\": \"keep-alive\",\n  \"user-agent\": \"Mozilla/5.0 (Windows NT 10.0; Win64; x64) AppleWebKit/537.36 (KHTML, like Gecko) Cypress/10.11.0 Chrome/106.0.5249.51 Electron/21.0.0 Safari/537.36\",\n  \"accept\": \"*/*\",\n  \"accept-encoding\": \"gzip, deflate\",\n  \"content-type\": \"application/json\",\n  \"content-length\": 204\n}\nBody: {\"CYPRESS_RECORD_KEY\":\"735e75f7-cda1-4a40-ab29-0ae664153365\",\"cypress_userName\":\"flavio\",\"cypress_password\":\"123\",\"cypress_email\":\"flavio@alurapic.com.br\",\"RECORD_KEY\":\"735e7...53365\",\"userName\":\"flavio\"}\n\n-----------------------------------------------------------\n\nThe response we got was:\n\nStatus: 401 - Unauthorized\nHeaders: {\n  \"server\": \"Cowboy\",\n  \"connection\": \"keep-alive\",\n  \"x-powered-by\": \"Express\",\n  \"access-control-allow-origin\": \"*\",\n  \"access-control-expose-headers\": \"x-access-token\",\n  \"content-type\": \"application/json; charset=utf-8\",\n  \"content-length\": \"51\",\n  \"etag\": \"W/\\\"33-W6fpBpIsQRK1q8PqEIBT8cLsh6g\\\"\",\n  \"date\": \"Thu, 10 Nov 2022 17:59:26 GMT\",\n  \"via\": \"1.1 vegur\"\n}\nBody: {\n  \"message\": \"Authentication failed for user flavio\"\n}\n\n\nhttps://on.cypress.io/request",
                "estack": "CypressError: `cy.request()` failed on:\n\nhttps://apialurapic.herokuapp.com/user/login\n\nThe response we received from your web server was:\n\n  > 401: Unauthorized\n\nThis was considered a failure because the status code was not `2xx` or `3xx`.\n\nIf you do not want status codes to cause failures pass the option: `failOnStatusCode: false`\n\n-----------------------------------------------------------\n\nThe request we sent was:\n\nMethod: POST\nURL: https://apialurapic.herokuapp.com/user/login\nHeaders: {\n  \"Connection\": \"keep-alive\",\n  \"user-agent\": \"Mozilla/5.0 (Windows NT 10.0; Win64; x64) AppleWebKit/537.36 (KHTML, like Gecko) Cypress/10.11.0 Chrome/106.0.5249.51 Electron/21.0.0 Safari/537.36\",\n  \"accept\": \"*/*\",\n  \"accept-encoding\": \"gzip, deflate\",\n  \"content-type\": \"application/json\",\n  \"content-length\": 204\n}\nBody: {\"CYPRESS_RECORD_KEY\":\"735e75f7-cda1-4a40-ab29-0ae664153365\",\"cypress_userName\":\"flavio\",\"cypress_password\":\"123\",\"cypress_email\":\"flavio@alurapic.com.br\",\"RECORD_KEY\":\"735e7...53365\",\"userName\":\"flavio\"}\n\n-----------------------------------------------------------\n\nThe response we got was:\n\nStatus: 401 - Unauthorized\nHeaders: {\n  \"server\": \"Cowboy\",\n  \"connection\": \"keep-alive\",\n  \"x-powered-by\": \"Express\",\n  \"access-control-allow-origin\": \"*\",\n  \"access-control-expose-headers\": \"x-access-token\",\n  \"content-type\": \"application/json; charset=utf-8\",\n  \"content-length\": \"51\",\n  \"etag\": \"W/\\\"33-W6fpBpIsQRK1q8PqEIBT8cLsh6g\\\"\",\n  \"date\": \"Thu, 10 Nov 2022 17:59:26 GMT\",\n  \"via\": \"1.1 vegur\"\n}\nBody: {\n  \"message\": \"Authentication failed for user flavio\"\n}\n\n\nhttps://on.cypress.io/request\n    at <unknown> (http://localhost:49349/__cypress/runner/cypress_runner.js:144155:80)\n    at tryCatcher (http://localhost:49349/__cypress/runner/cypress_runner.js:11318:23)\n    at Promise._settlePromiseFromHandler (http://localhost:49349/__cypress/runner/cypress_runner.js:9253:31)\n    at Promise._settlePromise (http://localhost:49349/__cypress/runner/cypress_runner.js:9310:18)\n    at Promise._settlePromise0 (http://localhost:49349/__cypress/runner/cypress_runner.js:9355:10)\n    at Promise._settlePromises (http://localhost:49349/__cypress/runner/cypress_runner.js:9435:18)\n    at _drainQueueStep (http://localhost:49349/__cypress/runner/cypress_runner.js:6025:12)\n    at _drainQueue (http://localhost:49349/__cypress/runner/cypress_runner.js:6018:9)\n    at ../../node_modules/bluebird/js/release/async.js.Async._drainQueues (http://localhost:49349/__cypress/runner/cypress_runner.js:6034:5)\n    at Async.drainQueues (http://localhost:49349/__cypress/runner/cypress_runner.js:5904:14)\nFrom Your Spec Code:\n    at Context.eval (webpack:///./cypress/e2e/api-alurapic/api-alurapic.cy.js:17:11)",
                "diff": null
              },
              "uuid": "a92e06d8-f851-472e-acf3-f052c4a0aea1",
              "parentUUID": "2d40ca0e-60c9-44ad-9094-afeac89016b5",
              "isHook": false,
              "skipped": false
            }
          ],
          "suites": [],
          "passes": [],
          "failures": [
            "a92e06d8-f851-472e-acf3-f052c4a0aea1"
          ],
          "pending": [],
          "skipped": [],
          "duration": 977,
          "root": false,
          "rootEmpty": false,
          "_timeout": 2000
        }
      ],
      "passes": [],
      "failures": [],
      "pending": [],
      "skipped": [],
      "duration": 0,
      "root": true,
      "rootEmpty": true,
      "_timeout": 2000
    }
  ],
  "meta": {
    "mocha": {
      "version": "7.0.1"
    },
    "mochawesome": {
      "options": {
        "quiet": false,
        "reportFilename": "mochawesome",
        "saveHtml": false,
        "saveJson": true,
        "consoleReporter": "spec",
        "useInlineDiffs": false,
        "code": true
      },
      "version": "7.1.3"
    },
    "marge": {
      "options": {
        "reportDir": "cypress/report/mochawesome-report",
        "overwrite": true,
        "html": false,
        "json": true,
        "timestamp": "mmddyyyy_HHMMss"
      },
      "version": "6.2.0"
    }
  }
}